============================= test session starts =============================
platform win32 -- Python 3.11.0, pytest-9.0.3, pluggy-1.6.0 -- C:\military-Rural Revitalization-system\backend\.venv\Scripts\python.exe
cachedir: .pytest_cache
rootdir: C:\military-Rural Revitalization-system\backend
configfile: pytest.ini (WARNING: ignoring pytest config in pyproject.toml!)
plugins: anyio-4.13.0, asyncio-1.3.0, cov-7.0.0, timeout-2.4.0, xdist-3.8.0
asyncio: mode=Mode.AUTO, debug=False, asyncio_default_fixture_loop_scope=None, asyncio_default_test_loop_scope=function
timeout: 60.0s
timeout method: thread
timeout func_only: False
collecting ... collected 8501 items

tests/unit/test_coverage_gap_batch3.py::TestMachineCodeServiceStatic::test_get_machine_code_cached PASSED [  0%]
tests/unit/test_coverage_gap_batch3.py::TestMachineCodeServiceStatic::test_get_machine_code_linux PASSED [  0%]
tests/unit/test_coverage_gap_batch3.py::TestMachineCodeServiceStatic::test_get_machine_code_no_info_uses_uuid PASSED [  0%]
tests/unit/test_coverage_gap_batch3.py::TestMachineCodeServiceStatic::test_generate_verification_code PASSED [  0%]
tests/unit/test_coverage_gap_batch3.py::TestMachineCodeServiceStatic::test_verify_machine_code_valid PASSED [  0%]
tests/unit/test_coverage_gap_batch3.py::TestMachineCodeServiceStatic::test_verify_machine_code_invalid PASSED [  0%]
tests/unit/test_coverage_gap_batch3.py::TestMachineCodeServiceStatic::test_generate_initial_password PASSED [  0%]
tests/unit/test_coverage_gap_batch3.py::TestMachineCodeServiceStatic::test_generate_initial_password_short_name PASSED [  0%]
tests/unit/test_coverage_gap_batch3.py::TestMachineCodeServiceStatic::test_get_machine_info_windows PASSED [  0%]
tests/unit/test_coverage_gap_batch3.py::TestMachineCodeServiceStatic::test_get_machine_info_windows_subprocess_fail PASSED [  0%]
tests/unit/test_coverage_gap_batch3.py::TestMachineCodeServiceStatic::test_get_machine_info_linux PASSED [  0%]
tests/unit/test_coverage_gap_batch3.py::TestMachineCodeServiceStatic::test_generate_pass_code_format PASSED [  0%]
tests/unit/test_coverage_gap_batch3.py::TestMachineCodeServiceStatic::test_generate_pass_code_different_each_time PASSED [  0%]
tests/unit/test_coverage_gap_batch3.py::TestMachineCodeServiceDB::test_create_no_db_raises PASSED [  0%]
tests/unit/test_coverage_gap_batch3.py::TestMachineCodeServiceDB::test_create_existing_raises PASSED [  0%]
tests/unit/test_coverage_gap_batch3.py::TestMachineCodeServiceDB::test_create_with_custom_pass_code PASSED [  0%]
tests/unit/test_coverage_gap_batch3.py::TestMachineCodeServiceDB::test_create_auto_pass_code PASSED [  0%]
tests/unit/test_coverage_gap_batch3.py::TestMachineCodeServiceDB::test_verify_pass_code_no_db PASSED [  0%]
tests/unit/test_coverage_gap_batch3.py::TestMachineCodeServiceDB::test_verify_pass_code_not_found PASSED [  0%]
tests/unit/test_coverage_gap_batch3.py::TestMachineCodeServiceDB::test_verify_pass_code_found PASSED [  0%]
tests/unit/test_coverage_gap_batch3.py::TestMachineCodeServiceDB::test_activate_no_db PASSED [  0%]
tests/unit/test_coverage_gap_batch3.py::TestMachineCodeServiceDB::test_activate_success PASSED [  0%]
tests/unit/test_coverage_gap_batch3.py::TestMachineCodeServiceDB::test_revoke_no_db PASSED [  0%]
tests/unit/test_coverage_gap_batch3.py::TestMachineCodeServiceDB::test_revoke_not_found PASSED [  0%]
tests/unit/test_coverage_gap_batch3.py::TestMachineCodeServiceDB::test_revoke_success PASSED [  0%]
tests/unit/test_coverage_gap_batch3.py::TestMachineCodeServiceDB::test_get_machine_code_by_user_no_db PASSED [  0%]
tests/unit/test_coverage_gap_batch3.py::TestMachineCodeServiceDB::test_get_machine_code_by_user PASSED [  0%]
tests/unit/test_coverage_gap_batch3.py::TestMachineCodeServiceDB::test_verify_user_machine_no_db PASSED [  0%]
tests/unit/test_coverage_gap_batch3.py::TestMachineCodeServiceDB::test_verify_user_machine_no_record PASSED [  0%]
tests/unit/test_coverage_gap_batch3.py::TestMachineCodeServiceDB::test_verify_user_machine_match PASSED [  0%]
tests/unit/test_coverage_gap_batch3.py::TestMachineCodeServiceDB::test_verify_user_machine_mismatch PASSED [  0%]
tests/unit/test_coverage_gap_batch3.py::TestMachineCodeServiceDB::test_list_machine_codes_no_db PASSED [  0%]
tests/unit/test_coverage_gap_batch3.py::TestMachineCodeServiceDB::test_list_machine_codes_with_status PASSED [  0%]
tests/unit/test_coverage_gap_batch3.py::TestMachineCodeServiceDB::test_list_machine_codes_no_filter PASSED [  0%]
tests/unit/test_coverage_gap_batch3.py::TestMachineCodeServiceOrgPassCode::test_generate_org_verification_code PASSED [  0%]
tests/unit/test_coverage_gap_batch3.py::TestMachineCodeServiceOrgPassCode::test_generate_org_verification_code_deterministic PASSED [  0%]
tests/unit/test_coverage_gap_batch3.py::TestMachineCodeServiceOrgPassCode::test_generate_org_pass_code PASSED [  0%]
tests/unit/test_coverage_gap_batch3.py::TestMachineCodeServiceOrgPassCode::test_create_org_pass_code_no_db PASSED [  0%]
tests/unit/test_coverage_gap_batch3.py::TestMachineCodeServiceOrgPassCode::test_create_org_pass_code_success PASSED [  0%]
tests/unit/test_coverage_gap_batch3.py::TestMachineCodeServiceOrgPassCode::test_get_org_pass_codes_no_db PASSED [  0%]
tests/unit/test_coverage_gap_batch3.py::TestMachineCodeServiceOrgPassCode::test_get_org_pass_codes_with_filters PASSED [  0%]
tests/unit/test_coverage_gap_batch3.py::TestMachineCodeServiceOrgPassCode::test_get_org_pass_codes_no_filter PASSED [  0%]
tests/unit/test_coverage_gap_batch3.py::TestRBACService::test_init PASSED [  0%]
tests/unit/test_coverage_gap_batch3.py::TestRBACService::test_check_permission_no_db PASSED [  0%]
tests/unit/test_coverage_gap_batch3.py::TestRBACService::test_check_permission_admin PASSED [  0%]
tests/unit/test_coverage_gap_batch3.py::TestRBACService::test_check_permission_direct PASSED [  0%]
tests/unit/test_coverage_gap_batch3.py::TestRBACService::test_check_permission_denied PASSED [  0%]
tests/unit/test_coverage_gap_batch3.py::TestRBACService::test_check_permission_resource_access PASSED [  0%]
tests/unit/test_coverage_gap_batch3.py::TestRBACService::test_get_user_permissions PASSED [  0%]
tests/unit/test_coverage_gap_batch3.py::TestRBACService::test_get_user_permissions_admin_all PASSED [  0%]
tests/unit/test_coverage_gap_batch3.py::TestRBACService::test_get_user_permissions_with_whitelist PASSED [  0%]
tests/unit/test_coverage_gap_batch3.py::TestRBACService::test_assign_role_not_found PASSED [  0%]
tests/unit/test_coverage_gap_batch3.py::TestRBACService::test_assign_role_already_exists PASSED [  0%]
tests/unit/test_coverage_gap_batch3.py::TestRBACService::test_assign_role_new PASSED [  0%]
tests/unit/test_coverage_gap_batch3.py::TestRBACService::test_revoke_role PASSED [  0%]
tests/unit/test_coverage_gap_batch3.py::TestRBACService::test_revoke_role_none_deleted PASSED [  0%]
tests/unit/test_coverage_gap_batch3.py::TestRBACService::test_grant_permission_new PASSED [  0%]
tests/unit/test_coverage_gap_batch3.py::TestRBACService::test_grant_permission_existing PASSED [  0%]
tests/unit/test_coverage_gap_batch3.py::TestRBACService::test_grant_permission_with_expiry PASSED [  0%]
tests/unit/test_coverage_gap_batch3.py::TestRBACService::test_create_role PASSED [  0%]
tests/unit/test_coverage_gap_batch3.py::TestRBACService::test_get_user_roles PASSED [  0%]
tests/unit/test_coverage_gap_batch3.py::TestRBACService::test_get_user_roles_with_expiry PASSED [  0%]
tests/unit/test_coverage_gap_batch3.py::TestRBACService::test_log_access_exception PASSED [  0%]
tests/unit/test_coverage_gap_batch3.py::TestOrganizationService::test_init_no_db PASSED [  0%]
tests/unit/test_coverage_gap_batch3.py::TestOrganizationService::test_create_org_root PASSED [  0%]
tests/unit/test_coverage_gap_batch3.py::TestOrganizationService::test_create_org_with_parent PASSED [  0%]
tests/unit/test_coverage_gap_batch3.py::TestOrganizationService::test_create_org_parent_not_found PASSED [  0%]
tests/unit/test_coverage_gap_batch3.py::TestOrganizationService::test_get_organization PASSED [  0%]
tests/unit/test_coverage_gap_batch3.py::TestOrganizationService::test_get_organization_by_code PASSED [  0%]
tests/unit/test_coverage_gap_batch3.py::TestOrganizationService::test_get_org_tree_root_not_found PASSED [  0%]
tests/unit/test_coverage_gap_batch3.py::TestOrganizationService::test_get_org_tree_no_root PASSED [  0%]
tests/unit/test_coverage_gap_batch3.py::TestOrganizationService::test_get_org_tree_with_children PASSED [  0%]
tests/unit/test_coverage_gap_batch3.py::TestOrganizationService::test_get_subordinates_not_found PASSED [  0%]
tests/unit/test_coverage_gap_batch3.py::TestOrganizationService::test_get_subordinates PASSED [  0%]
tests/unit/test_coverage_gap_batch3.py::TestOrganizationService::test_get_subordinate_ids PASSED [  0%]
tests/unit/test_coverage_gap_batch3.py::TestOrganizationService::test_get_ancestors_not_found PASSED [  0%]
tests/unit/test_coverage_gap_batch3.py::TestOrganizationService::test_get_ancestors_root_org PASSED [  0%]
tests/unit/test_coverage_gap_batch3.py::TestOrganizationService::test_get_ancestors_child PASSED [  0%]
tests/unit/test_coverage_gap_batch3.py::TestOrganizationService::test_update_org_not_found PASSED [  0%]
tests/unit/test_coverage_gap_batch3.py::TestOrganizationService::test_update_org_success PASSED [  0%]
tests/unit/test_coverage_gap_batch3.py::TestOrganizationService::test_delete_org_not_found PASSED [  0%]
tests/unit/test_coverage_gap_batch3.py::TestOrganizationService::test_delete_org_has_subordinates PASSED [  0%]
tests/unit/test_coverage_gap_batch3.py::TestOrganizationService::test_delete_org_success PASSED [  0%]
tests/unit/test_coverage_gap_batch3.py::TestOrganizationService::test_get_statistics_no_root PASSED [  0%]
tests/unit/test_coverage_gap_batch3.py::TestOrganizationService::test_get_statistics_with_root PASSED [  0%]
tests/unit/test_coverage_gap_batch3.py::TestOrganizationService::test_search_organizations PASSED [  1%]
tests/unit/test_coverage_gap_batch3.py::TestOrganizationService::test_search_organizations_include_inactive PASSED [  1%]
tests/unit/test_coverage_gap_batch3.py::TestOrganizationService::test_validate_parent_child_same_id PASSED [  1%]
tests/unit/test_coverage_gap_batch3.py::TestOrganizationService::test_validate_parent_child_not_found PASSED [  1%]
tests/unit/test_coverage_gap_batch3.py::TestOrganizationService::test_validate_parent_child_valid PASSED [  1%]
tests/unit/test_coverage_gap_batch3.py::TestOrganizationService::test_batch_update_sort_orders PASSED [  1%]
tests/unit/test_coverage_gap_batch3.py::TestOrganizationService::test_batch_update_sort_orders_skip_invalid PASSED [  1%]
tests/unit/test_coverage_gap_batch3.py::TestOrganizationService::test_batch_update_sort_orders_exception PASSED [  1%]
tests/unit/test_coverage_gap_batch3.py::TestTrendPredictionService::test_predict_empty_data PASSED [  1%]
tests/unit/test_coverage_gap_batch3.py::TestTrendPredictionService::test_predict_moving_average PASSED [  1%]
tests/unit/test_coverage_gap_batch3.py::TestTrendPredictionService::test_predict_moving_average_short_window PASSED [  1%]
tests/unit/test_coverage_gap_batch3.py::TestTrendPredictionService::test_predict_linear PASSED [  1%]
tests/unit/test_coverage_gap_batch3.py::TestTrendPredictionService::test_predict_prophet_unavailable_fallback PASSED [  1%]
tests/unit/test_coverage_gap_batch3.py::TestTrendPredictionService::test_predict_exception PASSED [  1%]
tests/unit/test_coverage_gap_batch3.py::TestTrendPredictionService::test_predict_income_trend_empty PASSED [  1%]
tests/unit/test_coverage_gap_batch3.py::TestTrendPredictionService::test_predict_income_trend_insufficient_data PASSED [  1%]
tests/unit/test_coverage_gap_batch3.py::TestTrendPredictionService::test_predict_income_trend_valid PASSED [  1%]
tests/unit/test_coverage_gap_batch3.py::TestTrendPredictionService::test_predict_income_trend_filtered_data PASSED [  1%]
tests/unit/test_coverage_gap_batch3.py::TestTrendPredictionService::test_predict_village_income_no_data PASSED [  1%]
tests/unit/test_coverage_gap_batch3.py::TestTrendPredictionService::test_predict_village_income_with_data PASSED [  1%]
tests/unit/test_coverage_gap_batch3.py::TestTrendPredictionService::test_predict_village_population_no_data PASSED [  1%]
tests/unit/test_coverage_gap_batch3.py::TestTrendPredictionService::test_predict_village_population_with_data PASSED [  1%]
tests/unit/test_coverage_gap_batch3.py::TestCrawlerService::test_sentiment_crawler_init PASSED [  1%]
tests/unit/test_coverage_gap_batch3.py::TestCrawlerService::test_crawl_news PASSED [  1%]
tests/unit/test_coverage_gap_batch3.py::TestCrawlerService::test_crawl_social_media PASSED [  1%]
tests/unit/test_coverage_gap_batch3.py::TestCrawlerService::test_parse_content PASSED [  1%]
tests/unit/test_coverage_gap_batch3.py::TestCrawlerService::test_news_item_defaults PASSED [  1%]
tests/unit/test_coverage_gap_batch3.py::TestCrawlerService::test_sentiment_data PASSED [  1%]
tests/unit/test_coverage_gap_batch3.py::TestCrawlerService::test_crawler_service_singleton PASSED [  1%]
tests/unit/test_coverage_gap_batch3.py::TestCrawlerService::test_fetch_rss_disabled PASSED [  1%]
tests/unit/test_coverage_gap_batch3.py::TestCrawlerService::test_save_news PASSED [  1%]
tests/unit/test_coverage_gap_batch3.py::TestCrawlerService::test_save_news_no_keywords PASSED [  1%]
tests/unit/test_coverage_gap_batch3.py::TestCrawlerService::test_save_news_exception PASSED [  1%]
tests/unit/test_coverage_gap_batch3.py::TestPolicyService::test_create_policy PASSED [  1%]
tests/unit/test_coverage_gap_batch3.py::TestPolicyService::test_get_policy_by_id_found PASSED [  1%]
tests/unit/test_coverage_gap_batch3.py::TestPolicyService::test_get_policy_by_id_not_found PASSED [  1%]
tests/unit/test_coverage_gap_batch3.py::TestPolicyService::test_get_policy_model_by_id PASSED [  1%]
tests/unit/test_coverage_gap_batch3.py::TestPolicyService::test_update_policy_found PASSED [  1%]
tests/unit/test_coverage_gap_batch3.py::TestPolicyService::test_update_policy_not_found PASSED [  1%]
tests/unit/test_coverage_gap_batch3.py::TestPolicyService::test_delete_policy_found PASSED [  1%]
tests/unit/test_coverage_gap_batch3.py::TestPolicyService::test_delete_policy_not_found PASSED [  1%]
tests/unit/test_coverage_gap_batch3.py::TestPolicyService::test_get_policies_all_filters PASSED [  1%]
tests/unit/test_coverage_gap_batch3.py::TestPolicyService::test_get_policies_no_filters PASSED [  1%]
tests/unit/test_coverage_gap_batch3.py::TestPolicyService::test_get_related_policies_not_found PASSED [  1%]
tests/unit/test_coverage_gap_batch3.py::TestPolicyService::test_get_related_policies_found PASSED [  1%]
tests/unit/test_coverage_gap_batch3.py::TestPolicyService::test_increment_view_count_found PASSED [  1%]
tests/unit/test_coverage_gap_batch3.py::TestPolicyService::test_increment_view_count_not_found PASSED [  1%]
tests/unit/test_coverage_gap_batch3.py::TestPolicyService::test_get_categories PASSED [  1%]
tests/unit/test_coverage_gap_batch3.py::TestPolicyService::test_get_statistics_by_category PASSED [  1%]
tests/unit/test_coverage_gap_batch3.py::TestPolicyService::test_batch_delete PASSED [  1%]
tests/unit/test_coverage_gap_batch3.py::TestPolicyService::test_to_response_military PASSED [  1%]
tests/unit/test_coverage_gap_batch3.py::TestPolicyService::test_to_response_local PASSED [  1%]
tests/unit/test_coverage_gap_batch3.py::TestPolicyService::test_to_response_unknown_category PASSED [  1%]
tests/unit/test_coverage_gap_batch3.py::TestPolicyService::test_update_policy_with_enum_value PASSED [  1%]
tests/unit/test_coverage_gap_batch3.py::TestPolicyService::test_create_policy_with_enum_category PASSED [  1%]
tests/unit/test_coverage_gap_batch3.py::TestFundAnomalyEngine::test_anomaly_result_defaults PASSED [  1%]
tests/unit/test_coverage_gap_batch3.py::TestFundAnomalyEngine::test_check_statistical_variance_insufficient_data PASSED [  1%]
tests/unit/test_coverage_gap_batch3.py::TestFundAnomalyEngine::test_check_statistical_variance_identical_values PASSED [  1%]
tests/unit/test_coverage_gap_batch3.py::TestFundAnomalyEngine::test_check_statistical_variance_with_outlier PASSED [  1%]
tests/unit/test_coverage_gap_batch3.py::TestFundAnomalyEngine::test_check_statistical_variance_no_outliers PASSED [  1%]
tests/unit/test_coverage_gap_batch3.py::TestFundAnomalyEngine::test_get_risk_level_critical PASSED [  1%]
tests/unit/test_coverage_gap_batch3.py::TestFundAnomalyEngine::test_get_risk_level_high PASSED [  1%]
tests/unit/test_coverage_gap_batch3.py::TestFundAnomalyEngine::test_get_risk_level_medium PASSED [  1%]
tests/unit/test_coverage_gap_batch3.py::TestFundAnomalyEngine::test_get_risk_level_normal PASSED [  1%]
tests/unit/test_coverage_gap_batch3.py::TestFundAnomalyEngine::test_calculate_risk_score_danger PASSED [  1%]
tests/unit/test_coverage_gap_batch3.py::TestFundAnomalyEngine::test_calculate_risk_score_warning PASSED [  1%]
tests/unit/test_coverage_gap_batch3.py::TestFundAnomalyEngine::test_calculate_risk_score_variance PASSED [  1%]
tests/unit/test_coverage_gap_batch3.py::TestFundAnomalyEngine::test_calculate_risk_score_low_health PASSED [  1%]
tests/unit/test_coverage_gap_batch3.py::TestFundAnomalyEngine::test_calculate_risk_score_capped PASSED [  1%]
tests/unit/test_coverage_gap_batch3.py::TestFundAnomalyEngine::test_should_escalate_by_score PASSED [  1%]
tests/unit/test_coverage_gap_batch3.py::TestFundAnomalyEngine::test_should_escalate_by_amount PASSED [  1%]
tests/unit/test_coverage_gap_batch3.py::TestFundAnomalyEngine::test_should_not_escalate PASSED [  1%]
tests/unit/test_coverage_gap_batch3.py::TestFundAnomalyEngine::test_should_block_status_transition_critical PASSED [  1%]
tests/unit/test_coverage_gap_batch3.py::TestFundAnomalyEngine::test_should_block_status_transition_non_critical PASSED [  1%]
tests/unit/test_coverage_gap_batch3.py::TestFundAnomalyEngine::test_should_not_block_no_anomaly PASSED [  1%]
tests/unit/test_coverage_gap_batch3.py::TestFundAnomalyEngine::test_should_not_block_low_score PASSED [  1%]
tests/unit/test_coverage_gap_batch3.py::TestFundAnomalyEngine::test_detect_fund_anomalies_full PASSED [  1%]
tests/unit/test_coverage_gap_batch3.py::TestSupportedVillageService::test_get_villages_basic PASSED [  1%]
tests/unit/test_coverage_gap_batch3.py::TestSupportedVillageService::test_get_villages_with_filters PASSED [  1%]
tests/unit/test_coverage_gap_batch3.py::TestSupportedVillageService::test_get_village_found PASSED [  1%]
tests/unit/test_coverage_gap_batch3.py::TestSupportedVillageService::test_get_village_not_found PASSED [  1%]
tests/unit/test_coverage_gap_batch3.py::TestSupportedVillageService::test_create_village PASSED [  1%]
tests/unit/test_coverage_gap_batch3.py::TestSupportedVillageService::test_update_village_found PASSED [  1%]
tests/unit/test_coverage_gap_batch3.py::TestSupportedVillageService::test_update_village_not_found PASSED [  1%]
tests/unit/test_coverage_gap_batch3.py::TestSupportedVillageService::test_update_village_skip_none_values PASSED [  1%]
tests/unit/test_coverage_gap_batch3.py::TestSupportedVillageService::test_delete_village_found PASSED [  2%]
tests/unit/test_coverage_gap_batch3.py::TestSupportedVillageService::test_delete_village_not_found PASSED [  2%]
tests/unit/test_coverage_gap_batch3.py::TestSupportedVillageService::test_get_compat_alias PASSED [  2%]
tests/unit/test_coverage_gap_batch3.py::TestSupportedVillageService::test_get_population_compat PASSED [  2%]
tests/unit/test_coverage_gap_batch3.py::TestSupportedVillageService::test_get_income_compat PASSED [  2%]
tests/unit/test_coverage_gap_batch3.py::TestSupportedVillageService::test_get_departments PASSED [  2%]
tests/unit/test_coverage_gap_batch3.py::TestSupportedVillageService::test_get_departments_empty PASSED [  2%]
tests/unit/test_data_dashboard_api.py::TestCacheHelpers::test_get_cached_none PASSED [  2%]
tests/unit/test_data_dashboard_api.py::TestCacheHelpers::test_get_cached_ok PASSED [  2%]
tests/unit/test_data_dashboard_api.py::TestCacheHelpers::test_get_cached_exc PASSED [  2%]
tests/unit/test_data_dashboard_api.py::TestCacheHelpers::test_set_cached_none PASSED [  2%]
tests/unit/test_data_dashboard_api.py::TestCacheHelpers::test_set_cached_ok PASSED [  2%]
tests/unit/test_data_dashboard_api.py::TestCacheHelpers::test_set_cached_exc PASSED [  2%]
tests/unit/test_data_dashboard_api.py::TestCacheHelpers::test_invalidate_none PASSED [  2%]
tests/unit/test_data_dashboard_api.py::TestCacheHelpers::test_invalidate_ok PASSED [  2%]
tests/unit/test_data_dashboard_api.py::TestCacheHelpers::test_invalidate_exc PASSED [  2%]
tests/unit/test_data_dashboard_api.py::TestGetDashboardStats::test_all_zero PASSED [  2%]
tests/unit/test_data_dashboard_api.py::TestGetDashboardStats::test_cached PASSED [  2%]
tests/unit/test_data_dashboard_api.py::TestGetDashboardStats::test_refresh PASSED [  2%]
tests/unit/test_data_dashboard_api.py::TestGetDashboardStats::test_exception PASSED [  2%]
tests/unit/test_data_dashboard_api.py::TestGetDashboardSummary::test_ok PASSED [  2%]
tests/unit/test_data_dashboard_api.py::TestGetDashboardSummary::test_cached PASSED [  2%]
tests/unit/test_data_dashboard_api.py::TestGetDashboardSummary::test_stats_exception PASSED [  2%]
tests/unit/test_data_dashboard_api.py::TestGetRecentActivities::test_empty PASSED [  2%]
tests/unit/test_data_dashboard_api.py::TestGetRecentActivities::test_cached PASSED [  2%]
tests/unit/test_data_dashboard_api.py::TestGetRecentActivities::test_hidden_filter PASSED [  2%]
tests/unit/test_data_dashboard_api.py::TestGetRecentActivities::test_fetch_hidden_exc PASSED [  2%]
tests/unit/test_data_dashboard_api.py::TestGetRecentActivities::test_custom_exc PASSED [  2%]
tests/unit/test_data_dashboard_api.py::TestCreateActivity::test_ok PASSED [  2%]
tests/unit/test_data_dashboard_api.py::TestCreateActivity::test_exception PASSED [  2%]
tests/unit/test_data_dashboard_api.py::TestCreateActivity::test_cache_delete PASSED [  2%]
tests/unit/test_data_dashboard_api.py::TestUpdateActivity::test_custom_ok PASSED [  2%]
tests/unit/test_data_dashboard_api.py::TestUpdateActivity::test_custom_not_found PASSED [  2%]
tests/unit/test_data_dashboard_api.py::TestUpdateActivity::test_system_activity PASSED [  2%]
tests/unit/test_data_dashboard_api.py::TestUpdateActivity::test_exception PASSED [  2%]
tests/unit/test_data_dashboard_api.py::TestUpdateActivity::test_cache_delete PASSED [  2%]
tests/unit/test_data_dashboard_api.py::TestDeleteActivity::test_custom_exists PASSED [  2%]
tests/unit/test_data_dashboard_api.py::TestDeleteActivity::test_custom_not_found PASSED [  2%]
tests/unit/test_data_dashboard_api.py::TestDeleteActivity::test_system_first_time PASSED [  2%]
tests/unit/test_data_dashboard_api.py::TestDeleteActivity::test_system_already_hidden PASSED [  2%]
tests/unit/test_data_dashboard_api.py::TestDeleteActivity::test_exception PASSED [  2%]
tests/unit/test_data_dashboard_api.py::TestDeleteActivity::test_cache_invalidation PASSED [  2%]
tests/unit/test_fund_budgets_api.py::TestGetBudgets::test_empty PASSED   [  2%]
tests/unit/test_fund_budgets_api.py::TestGetBudgets::test_with_filters PASSED [  2%]
tests/unit/test_fund_budgets_api.py::TestCreateBudget::test_success PASSED [  2%]
tests/unit/test_fund_budgets_api.py::TestCreateBudget::test_manager_required PASSED [  2%]
tests/unit/test_fund_budgets_api.py::TestUpdateBudget::test_success PASSED [  2%]
tests/unit/test_fund_budgets_api.py::TestUpdateBudget::test_not_found PASSED [  2%]
tests/unit/test_fund_budgets_api.py::TestDeleteBudget::test_success PASSED [  2%]
tests/unit/test_fund_budgets_api.py::TestDeleteBudget::test_not_found PASSED [  2%]
tests/unit/test_fund_budgets_api.py::TestBudgetAlerts::test_with_year PASSED [  2%]
tests/unit/test_fund_budgets_api.py::TestBudgetAlerts::test_default_year PASSED [  2%]
tests/unit/test_fund_budgets_api.py::TestBudgetSummary::test_empty PASSED [  2%]
tests/unit/test_fund_budgets_api.py::TestBudgetSummary::test_with_data PASSED [  2%]
tests/unit/test_fund_budgets_api.py::TestGetTransactions::test_empty PASSED [  2%]
tests/unit/test_fund_budgets_api.py::TestGetTransactions::test_with_filters PASSED [  2%]
tests/unit/test_fund_budgets_api.py::TestCreateTransaction::test_with_budget_update PASSED [  2%]
tests/unit/test_fund_budgets_api.py::TestCreateTransaction::test_without_budget PASSED [  2%]
tests/unit/test_fund_budgets_api.py::TestDeleteTransaction::test_success PASSED [  2%]
tests/unit/test_fund_budgets_api.py::TestDeleteTransaction::test_not_found PASSED [  2%]
tests/unit/test_project_milestones_api.py::TestGetMilestones::test_empty PASSED [  2%]
tests/unit/test_project_milestones_api.py::TestGetMilestones::test_with_data PASSED [  2%]
tests/unit/test_project_milestones_api.py::TestCreateMilestone::test_success PASSED [  2%]
tests/unit/test_project_milestones_api.py::TestCreateMilestone::test_project_not_found PASSED [  2%]
tests/unit/test_project_milestones_api.py::TestUpdateMilestone::test_success PASSED [  2%]
tests/unit/test_project_milestones_api.py::TestUpdateMilestone::test_not_found PASSED [  2%]
tests/unit/test_project_milestones_api.py::TestDeleteMilestone::test_success PASSED [  2%]
tests/unit/test_project_milestones_api.py::TestDeleteMilestone::test_not_found PASSED [  2%]
tests/unit/test_project_milestones_api.py::TestGetTransitionRules::test_returns_rules PASSED [  2%]
tests/unit/test_project_milestones_api.py::TestGetTransitionRules::test_project_not_found PASSED [  2%]
tests/unit/test_project_milestones_api.py::TestTransitionStatus::test_success PASSED [  2%]
tests/unit/test_project_milestones_api.py::TestTransitionStatus::test_project_not_found PASSED [  2%]
tests/unit/test_project_milestones_api.py::TestTransitionStatus::test_invalid_transition PASSED [  2%]
tests/unit/test_project_milestones_api.py::TestGetChangeLogs::test_empty PASSED [  2%]
tests/unit/test_project_milestones_api.py::TestGetChangeLogs::test_with_data PASSED [  2%]
tests/unit/test_project_milestones_api.py::TestUpcomingMilestones::test_empty PASSED [  2%]
tests/unit/test_project_milestones_api.py::TestUpcomingMilestones::test_with_data PASSED [  2%]
tests/unit/test_project_milestones_api.py::TestOverdueMilestones::test_empty PASSED [  2%]
tests/unit/test_project_milestones_api.py::TestOverdueMilestones::test_with_data PASSED [  2%]
tests/unit/test_rbac_transactional.py::TestFlushNotCommit::test_revoke_role_calls_flush_not_commit PASSED [  2%]
tests/unit/test_rbac_transactional.py::TestFlushNotCommit::test_revoke_permission_singular_calls_flush_not_commit PASSED [  2%]
tests/unit/test_rbac_transactional.py::TestFlushNotCommit::test_revoke_permissions_batch_calls_flush_not_commit PASSED [  2%]
tests/unit/test_rbac_transactional.py::TestFlushNotCommit::test_revoke_permissions_batch_empty_calls_no_flush PASSED [  2%]
tests/unit/test_rbac_transactional.py::TestFlushNotCommit::test_grant_permission_existing_calls_no_flush PASSED [  2%]
tests/unit/test_rbac_transactional.py::TestGrantPermissionAlwaysTrue::test_returns_true_when_exists PASSED [  2%]
tests/unit/test_rbac_transactional.py::TestGrantPermissionAlwaysTrue::test_returns_true_when_new PASSED [  3%]
tests/unit/test_rbac_transactional.py::TestGrantPermissionAlwaysTrue::test_never_returns_false PASSED [  3%]
tests/unit/test_rbac_transactional.py::TestAssignRoleBothPathsReturnTrue::test_returns_newly_granted_false_when_already_assigned PASSED [  3%]
tests/unit/test_rbac_transactional.py::TestAssignRoleBothPathsReturnTrue::test_returns_newly_granted_true_when_new_assignment PASSED [  3%]
tests/unit/test_rbac_transactional.py::TestRevokePermissionSingularDeprecated::test_has_deprecated_docstring PASSED [  3%]
tests/unit/test_rbac_transactional.py::TestRevokePermissionSingularDeprecated::test_uses_flush_not_commit PASSED [  3%]
tests/unit/test_rbac_transactional.py::TestRevokePermissionSingularDeprecated::test_returns_true_when_found PASSED [  3%]
tests/unit/test_rbac_transactional.py::TestRevokePermissionSingularDeprecated::test_returns_false_when_not_found PASSED [  3%]
tests/unit/test_rbac_transactional.py::TestRevokePermissionsBatch::test_pre_queries_then_deletes PASSED [  3%]
tests/unit/test_rbac_transactional.py::TestRevokePermissionsBatch::test_empty_revoked_when_none_exist PASSED [  3%]
tests/unit/test_rbac_transactional.py::TestRevokePermissionsBatch::test_uses_flush_not_commit PASSED [  3%]
tests/unit/test_rbac_transactional.py::TestTransactionManagerIntegration::test_service_flush_tm_commit PASSED [  3%]
tests/unit/test_rbac_transactional.py::TestTransactionManagerIntegration::test_multiple_ops_one_commit PASSED [  3%]
tests/unit/test_rbac_transactional.py::TestRegressionFromThirdReview::test_assign_role_not_found_for_inactive_role PASSED [  3%]
tests/unit/test_rbac_transactional.py::TestRegressionFromThirdReview::test_grant_permission_always_returns_true PASSED [  3%]
tests/unit/test_rbac_transactional.py::TestRegressionFromThirdReview::test_revoke_role_false_when_nothing_deleted PASSED [  3%]
tests/unit/test_rbac_transactional.py::TestRegressionFromThirdReview::test_revoke_role_true_when_deleted PASSED [  3%]
tests/unit/test_rbac_transactional.py::TestRegressionFromThirdReview::test_revoke_permissions_batch_uses_flush_semantics PASSED [  3%]
tests/unit/test_rbac_transactional.py::TestRegressionFromThirdReview::test_create_role_calls_flush_twice PASSED [  3%]
tests/unit/test_rbac_transactional.py::TestGrantPermissionsBatch::test_grants_only_missing_permissions PASSED [  3%]
tests/unit/test_rbac_transactional.py::TestGrantPermissionsBatch::test_grants_all_when_none_exist PASSED [  3%]
tests/unit/test_rbac_transactional.py::TestGrantPermissionsBatch::test_skips_all_when_all_exist PASSED [  3%]
tests/unit/test_rbac_transactional.py::TestGrantPermissionsBatch::test_uses_batch_insert_when_granting PASSED [  3%]
tests/unit/test_rbac_transactional.py::TestGrantPermissionsBatch::test_uses_flush_not_commit PASSED [  3%]
tests/unit/test_rbac_transactional.py::TestSavePermissions::test_grants_new_and_revokes_removed PASSED [  3%]
tests/unit/test_rbac_transactional.py::TestSavePermissions::test_no_changes_when_same_permissions PASSED [  3%]
tests/unit/test_rbac_transactional.py::TestSavePermissions::test_grants_all_when_no_existing PASSED [  3%]
tests/unit/test_rbac_transactional.py::TestSavePermissions::test_revokes_all_when_empty_target PASSED [  3%]
tests/unit/test_rbac_transactional.py::TestSavePermissions::test_uses_flush_not_commit PASSED [  3%]
tests/unit/test_rbac_transactional.py::TestSavePermissions::test_no_flush_when_no_changes PASSED [  3%]
tests/unit/test_rbac_transactional.py::TestRevokePermissionDeprecationWarning::test_emits_deprecation_warning PASSED [  3%]
tests/unit/test_statistics_api.py::TestSummary::test_empty PASSED        [  3%]
tests/unit/test_statistics_api.py::TestSummary::test_with_data PASSED    [  3%]
tests/unit/test_statistics_api.py::TestOverview::test_returns_overview PASSED [  3%]
tests/unit/test_statistics_api.py::TestVillagesDistribution::test_returns_distribution PASSED [  3%]
tests/unit/test_statistics_api.py::TestProjectsStatistics::test_returns_stats PASSED [  3%]
tests/unit/test_statistics_api.py::TestFundsStatistics::test_returns_stats PASSED [  3%]
tests/unit/test_statistics_api.py::TestFundsStatistics::test_with_year PASSED [  3%]
tests/unit/test_statistics_api.py::TestSchoolsStatistics::test_returns_stats PASSED [  3%]
tests/unit/test_statistics_api.py::TestAnalysis::test_returns_analysis PASSED [  3%]
tests/unit/test_statistics_api.py::TestDashboard::test_cache_hit PASSED  [  3%]
tests/unit/test_statistics_api.py::TestDashboard::test_cache_miss PASSED [  3%]
tests/unit/test_unified_template.py::TestCentralizedTemplateEndpoint::test_all_entity_types_supported[supported_village-\u5e2e\u6276\u6751] PASSED [  3%]
tests/unit/test_unified_template.py::TestCentralizedTemplateEndpoint::test_all_entity_types_supported[project-\u9879\u76ee] PASSED [  3%]
tests/unit/test_unified_template.py::TestCentralizedTemplateEndpoint::test_all_entity_types_supported[fund-\u8d44\u91d1] PASSED [  3%]
tests/unit/test_unified_template.py::TestCentralizedTemplateEndpoint::test_all_entity_types_supported[school-\u5b66\u6821] PASSED [  3%]
tests/unit/test_unified_template.py::TestCentralizedTemplateEndpoint::test_all_entity_types_supported[policy-\u653f\u7b56] PASSED [  3%]
tests/unit/test_unified_template.py::TestCentralizedTemplateEndpoint::test_unknown_entity_type_returns_400 PASSED [  3%]
tests/unit/test_unified_template.py::TestCentralizedTemplateEndpoint::test_fund_template_available PASSED [  3%]
tests/unit/test_unified_template.py::TestCentralizedTemplateEndpoint::test_policy_template_generates PASSED [  3%]
tests/unit/test_unified_template.py::TestTemplateServiceAllTypes::test_template_generates_non_empty[supported_village] PASSED [  3%]
tests/unit/test_unified_template.py::TestTemplateServiceAllTypes::test_template_generates_non_empty[project] PASSED [  3%]
tests/unit/test_unified_template.py::TestTemplateServiceAllTypes::test_template_generates_non_empty[fund] PASSED [  3%]
tests/unit/test_unified_template.py::TestTemplateServiceAllTypes::test_template_generates_non_empty[school] PASSED [  3%]
tests/unit/test_unified_template.py::TestTemplateServiceAllTypes::test_template_generates_non_empty[policy] PASSED [  3%]
tests/unit/test_unified_template.py::TestProfileEndpoints::test_me_response_has_code_and_data PASSED [  3%]
tests/unit/test_unified_template.py::TestProfileEndpoints::test_me_profile_update_returns_data PASSED [  3%]
tests/unit/test_unified_template.py::TestBackupRestoreDispose::test_engine_dispose_available PASSED [  3%]
tests/unit/api/v1/test_deps.py::TestRequireManagerRole::test_admin_role_passes PASSED [  3%]
tests/unit/api/v1/test_deps.py::TestRequireManagerRole::test_super_admin_role_passes PASSED [  3%]
tests/unit/api/v1/test_deps.py::TestRequireManagerRole::test_manager_role_passes PASSED [  3%]
tests/unit/api/v1/test_deps.py::TestRequireManagerRole::test_user_role_raises PASSED [  3%]
tests/unit/api/v1/test_deps.py::TestRequireManagerRole::test_empty_role_raises PASSED [  3%]
tests/unit/api/v1/test_deps.py::TestRequireManagerRole::test_superuser_passes_without_role PASSED [  3%]
tests/unit/api/v1/test_deps.py::TestRequireManagerRole::test_none_role_raises PASSED [  3%]
tests/unit/api/v1/test_deps.py::TestGetDbSession::test_get_db_session PASSED [  3%]
tests/unit/interfaces/schemas/test_responses.py::TestResponseModel::test_default_values PASSED [  3%]
tests/unit/interfaces/schemas/test_responses.py::TestResponseModel::test_custom_values PASSED [  3%]
tests/unit/interfaces/schemas/test_responses.py::TestBaseResponse::test_success_default PASSED [  3%]
tests/unit/interfaces/schemas/test_responses.py::TestBaseResponse::test_success_with_data PASSED [  3%]
tests/unit/interfaces/schemas/test_responses.py::TestBaseResponse::test_success_with_custom_message PASSED [  3%]
tests/unit/interfaces/schemas/test_responses.py::TestBaseResponse::test_success_with_custom_code PASSED [  3%]
tests/unit/interfaces/schemas/test_responses.py::TestBaseResponse::test_error_default PASSED [  3%]
tests/unit/interfaces/schemas/test_responses.py::TestBaseResponse::test_error_with_message PASSED [  3%]
tests/unit/interfaces/schemas/test_responses.py::TestBaseResponse::test_error_with_custom_code PASSED [  3%]
tests/unit/interfaces/schemas/test_responses.py::TestBaseResponse::test_error_with_data PASSED [  3%]
tests/unit/interfaces/schemas/test_responses.py::TestBaseResponse::test_generic_type_inference PASSED [  3%]
tests/unit/interfaces/schemas/test_responses.py::TestBaseResponse::test_serialization PASSED [  3%]
tests/unit/middleware/test_all_middleware.py::TestMiddlewareUtils::test_should_skip_match PASSED [  3%]
tests/unit/middleware/test_all_middleware.py::TestMiddlewareUtils::test_should_skip_partial_match PASSED [  3%]
tests/unit/middleware/test_all_middleware.py::TestMiddlewareUtils::test_should_not_skip PASSED [  3%]
tests/unit/middleware/test_all_middleware.py::TestMiddlewareUtils::test_should_skip_empty_collection PASSED [  3%]
tests/unit/middleware/test_all_middleware.py::TestAuditContext::test_audit_context_creation PASSED [  3%]
tests/unit/middleware/test_all_middleware.py::TestAuditContext::test_audit_context_defaults PASSED [  3%]
tests/unit/middleware/test_all_middleware.py::TestAuditContext::test_get_current_defaults PASSED [  3%]
tests/unit/middleware/test_all_middleware.py::TestAuditContext::test_set_and_get_current PASSED [  4%]
tests/unit/middleware/test_all_middleware.py::TestAuditContext::test_set_current_user_func PASSED [  4%]
tests/unit/middleware/test_all_middleware.py::TestAuditContext::test_set_request_id_func PASSED [  4%]
tests/unit/middleware/test_all_middleware.py::TestAuditContext::test_set_user_none PASSED [  4%]
tests/unit/middleware/test_all_middleware.py::TestAPIVersionMiddleware::test_dispatch_sets_version PASSED [  4%]
tests/unit/middleware/test_all_middleware.py::TestAPIVersionMiddleware::test_init_defaults PASSED [  4%]
tests/unit/middleware/test_all_middleware.py::TestCacheHeadersMiddleware::test_cache_headers_matched PASSED [  4%]
tests/unit/middleware/test_all_middleware.py::TestCacheHeadersMiddleware::test_cache_headers_unmatched PASSED [  4%]
tests/unit/middleware/test_all_middleware.py::TestCamelToSnakeMiddleware::test_camel_to_snake_conversion PASSED [  4%]
tests/unit/middleware/test_all_middleware.py::TestCamelToSnakeMiddleware::test_no_content_type_no_conversion PASSED [  4%]
tests/unit/middleware/test_all_middleware.py::TestCamelToSnakeMiddleware::test_empty_body PASSED [  4%]
tests/unit/middleware/test_all_middleware.py::TestCSRFMiddleware::test_generate_csrf_token_length PASSED [  4%]
tests/unit/middleware/test_all_middleware.py::TestCSRFMiddleware::test_generate_csrf_token_unique PASSED [  4%]
tests/unit/middleware/test_all_middleware.py::TestCSRFMiddleware::test_sign_csrf_token PASSED [  4%]
tests/unit/middleware/test_all_middleware.py::TestCSRFMiddleware::test_csrf_disabled PASSED [  4%]
tests/unit/middleware/test_all_middleware.py::TestCSRFMiddleware::test_is_path_exempt PASSED [  4%]
tests/unit/middleware/test_all_middleware.py::TestRequestIDMiddleware::test_get_request_id_default PASSED [  4%]
tests/unit/middleware/test_all_middleware.py::TestRequestIDMiddleware::test_request_id_log_filter PASSED [  4%]
tests/unit/middleware/test_all_middleware.py::TestRequestIDMiddleware::test_valid_request_id_regex PASSED [  4%]
tests/unit/middleware/test_all_middleware.py::TestMetricsStore::test_metrics_store_basic PASSED [  4%]
tests/unit/middleware/test_all_middleware.py::TestMetricsStore::test_record_success PASSED [  4%]
tests/unit/middleware/test_all_middleware.py::TestMetricsStore::test_record_error PASSED [  4%]
tests/unit/middleware/test_all_middleware.py::TestMetricsStore::test_active_tracking PASSED [  4%]
tests/unit/middleware/test_all_middleware.py::TestMetricsStore::test_get_summary PASSED [  4%]
tests/unit/middleware/test_all_middleware.py::TestRequestLogger::test_get_client_ip_from_forwarded PASSED [  4%]
tests/unit/middleware/test_all_middleware.py::TestRequestLogger::test_get_client_ip_from_real_ip PASSED [  4%]
tests/unit/middleware/test_all_middleware.py::TestRequestLogger::test_get_client_ip_from_client PASSED [  4%]
tests/unit/middleware/test_all_middleware.py::TestRequestLogger::test_get_client_ip_unknown PASSED [  4%]
tests/unit/middleware/test_all_middleware.py::TestRequestLogger::test_get_user_agent PASSED [  4%]
tests/unit/middleware/test_all_middleware.py::TestRequestLogger::test_get_user_agent_empty PASSED [  4%]
tests/unit/middleware/test_all_middleware.py::TestCacheMiddleware::test_init_defaults PASSED [  4%]
tests/unit/services/zero_trust/test_device_fingerprint.py::TestDeviceFingerprint::test_default_timestamps PASSED [  4%]
tests/unit/services/zero_trust/test_device_fingerprint.py::TestDeviceFingerprint::test_to_dict PASSED [  4%]
tests/unit/services/zero_trust/test_device_fingerprint.py::TestDeviceFingerprintService::test_generate_fingerprint_basic PASSED [  4%]
tests/unit/services/zero_trust/test_device_fingerprint.py::TestDeviceFingerprintService::test_generate_fingerprint_different_inputs PASSED [  4%]
tests/unit/services/zero_trust/test_device_fingerprint.py::TestDeviceFingerprintService::test_generate_fingerprint_advanced_features PASSED [  4%]
tests/unit/services/zero_trust/test_device_fingerprint.py::TestDeviceFingerprintService::test_create_device_record PASSED [  4%]
tests/unit/services/zero_trust/test_device_fingerprint.py::TestDeviceFingerprintService::test_create_device_record_with_trusted_platform PASSED [  4%]
tests/unit/services/zero_trust/test_device_fingerprint.py::TestDeviceFingerprintService::test_create_device_record_with_automation_tool PASSED [  4%]
tests/unit/services/zero_trust/test_device_fingerprint.py::TestDeviceFingerprintService::test_verify_device_blocked PASSED [  4%]
tests/unit/services/zero_trust/test_device_fingerprint.py::TestDeviceFingerprintService::test_verify_device_new_device PASSED [  4%]
tests/unit/services/zero_trust/test_device_fingerprint.py::TestDeviceFingerprintService::test_verify_device_trusted PASSED [  4%]
tests/unit/services/zero_trust/test_device_fingerprint.py::TestDeviceFingerprintService::test_verify_device_critical_risk PASSED [  4%]
tests/unit/services/zero_trust/test_device_fingerprint.py::TestDeviceFingerprintService::test_update_trust_score_login_success PASSED [  4%]
tests/unit/services/zero_trust/test_device_fingerprint.py::TestDeviceFingerprintService::test_update_trust_score_login_failure PASSED [  4%]
tests/unit/services/zero_trust/test_device_fingerprint.py::TestDeviceFingerprintService::test_update_trust_score_mfa_verified PASSED [  4%]
tests/unit/services/zero_trust/test_device_fingerprint.py::TestDeviceFingerprintService::test_update_trust_score_suspicious PASSED [  4%]
tests/unit/services/zero_trust/test_device_fingerprint.py::TestDeviceFingerprintService::test_update_trust_score_data_export_failure PASSED [  4%]
tests/unit/services/zero_trust/test_device_fingerprint.py::TestDeviceFingerprintService::test_update_trust_score_unknown_device PASSED [  4%]
tests/unit/services/zero_trust/test_device_fingerprint.py::TestDeviceFingerprintService::test_get_trust_score_known_device PASSED [  4%]
tests/unit/services/zero_trust/test_device_fingerprint.py::TestDeviceFingerprintService::test_get_trust_score_unknown_device PASSED [  4%]
tests/unit/services/zero_trust/test_device_fingerprint.py::TestDeviceFingerprintService::test_block_device PASSED [  4%]
tests/unit/services/zero_trust/test_device_fingerprint.py::TestDeviceFingerprintService::test_is_device_blocked_false PASSED [  4%]
tests/unit/services/zero_trust/test_device_fingerprint.py::TestDeviceFingerprintService::test_block_device_updates_record PASSED [  4%]
tests/unit/services/zero_trust/test_device_fingerprint.py::TestDeviceFingerprintService::test_get_device_unknown PASSED [  4%]
tests/unit/services/zero_trust/test_device_fingerprint.py::TestDeviceFingerprintService::test_risk_level_low PASSED [  4%]
tests/unit/services/zero_trust/test_device_fingerprint.py::TestDeviceFingerprintService::test_risk_level_medium PASSED [  4%]
tests/unit/services/zero_trust/test_device_fingerprint.py::TestDeviceFingerprintService::test_risk_level_high PASSED [  4%]
tests/unit/services/zero_trust/test_device_fingerprint.py::TestDeviceFingerprintService::test_risk_level_critical PASSED [  4%]
tests/unit/services/zero_trust/test_device_fingerprint.py::TestDeviceFingerprintService::test_suspicious_patterns_loaded PASSED [  4%]
tests/unit/services/zero_trust/test_device_fingerprint.py::TestDeviceFingerprintService::test_empty_user_agent_suspicious PASSED [  4%]
tests/unit/services/zero_trust/test_dynamic_permission.py::TestPermissionEvaluator::test_evaluate_raises_not_implemented PASSED [  4%]
tests/unit/services/zero_trust/test_dynamic_permission.py::TestPermissionEvaluator::test_global_instance_raises_not_implemented PASSED [  4%]
tests/unit/test_aes_gcm_cipher.py::TestAESGCMCipher::test_auto_generated_key PASSED [  4%]
tests/unit/test_aes_gcm_cipher.py::TestAESGCMCipher::test_custom_key_valid_uses_provided PASSED [  4%]
tests/unit/test_aes_gcm_cipher.py::TestAESGCMCipher::test_custom_key_invalid_length_auto_generates PASSED [  4%]
tests/unit/test_aes_gcm_cipher.py::TestAESGCMCipher::test_custom_key_is_none_auto_generates PASSED [  4%]
tests/unit/test_aes_gcm_cipher.py::TestAESGCMCipher::test_key_property PASSED [  4%]
tests/unit/test_aes_gcm_cipher.py::TestAESGCMCipher::test_encrypt_decrypt_roundtrip PASSED [  4%]
tests/unit/test_aes_gcm_cipher.py::TestAESGCMCipher::test_empty_data PASSED [  4%]
tests/unit/test_aes_gcm_cipher.py::TestAESGCMCipher::test_large_data PASSED [  4%]
tests/unit/test_aes_gcm_cipher.py::TestAESGCMCipher::test_different_encryptions_produce_different_outputs PASSED [  4%]
tests/unit/test_aes_gcm_cipher.py::TestAESGCMCipher::test_decrypt_short_ciphertext_raises PASSED [  4%]
tests/unit/test_aes_gcm_cipher.py::TestAESGCMCipher::test_tampered_data_rejected PASSED [  4%]
tests/unit/test_aes_gcm_cipher.py::TestAESGCMCipher::test_wrong_key_cannot_decrypt PASSED [  4%]
tests/unit/test_aes_gcm_cipher.py::TestAESGCMCipher::test_encrypt_string_roundtrip PASSED [  4%]
tests/unit/test_aes_gcm_cipher.py::TestAESGCMCipher::test_generate_key_is_random PASSED [  4%]
tests/unit/test_aes_gcm_cipher.py::TestAESGCMCipher::test_encrypt_file_decrypt_file_roundtrip PASSED [  4%]
tests/unit/test_aes_gcm_cipher.py::TestAESGCMCipher::test_decrypt_file_tampered_raises PASSED [  4%]
tests/unit/test_ai_service.py::TestAIServiceManager::test_forecast_income_trend_insufficient_data PASSED [  4%]
tests/unit/test_ai_service.py::TestAIServiceManager::test_forecast_income_trend_single_point PASSED [  4%]
tests/unit/test_ai_service.py::TestAIServiceManager::test_forecast_income_trend_success PASSED [  4%]
tests/unit/test_ai_service.py::TestAIServiceManager::test_forecast_income_trend_declining_trend PASSED [  4%]
tests/unit/test_ai_service.py::TestAIServiceManager::test_forecast_income_trend_invalid_years PASSED [  4%]
tests/unit/test_ai_service.py::TestAIServiceManager::test_forecast_fund_completion_normal PASSED [  4%]
tests/unit/test_ai_service.py::TestAIServiceManager::test_forecast_fund_completion_high_risk PASSED [  5%]
tests/unit/test_ai_service.py::TestAIServiceManager::test_forecast_fund_completion_over_budget PASSED [  5%]
tests/unit/test_ai_service.py::TestAIServiceManager::test_forecast_fund_completion_zero_allocated PASSED [  5%]
tests/unit/test_ai_service.py::TestAIServiceManager::test_forecast_fund_completion_year_start PASSED [  5%]
tests/unit/test_ai_service.py::TestAIServiceEdgeCases::test_forecast_with_fluctuating_data PASSED [  5%]
tests/unit/test_ai_service.py::TestAIServiceEdgeCases::test_forecast_with_many_years PASSED [  5%]
tests/unit/test_ai_service.py::TestAIServiceEdgeCases::test_forecast_with_null_values PASSED [  5%]
tests/unit/test_ai_service.py::TestAIServiceEdgeCases::test_service_initialization PASSED [  5%]
tests/unit/test_ai_service.py::TestAIServiceEdgeCases::test_service_initialize PASSED [  5%]
tests/unit/test_ai_service.py::TestAIServiceEdgeCases::test_service_initialize_idempotent PASSED [  5%]
tests/unit/test_ai_service.py::TestAIServiceEdgeCases::test_get_service_status PASSED [  5%]
tests/unit/test_ai_service.py::TestAIServiceEdgeCases::test_analyze_data_summary PASSED [  5%]
tests/unit/test_ai_service.py::TestAIServiceEdgeCases::test_analyze_data_invalid_type PASSED [  5%]
tests/unit/test_ai_service.py::TestAIServiceEdgeCases::test_get_recommendations_empty PASSED [  5%]
tests/unit/test_ai_service.py::TestAIServiceEdgeCases::test_get_recommendations_with_overdue PASSED [  5%]
tests/unit/test_ai_service.py::TestAIServiceEdgeCases::test_get_recommendations_with_over_budget PASSED [  5%]
tests/unit/test_ai_service_complete.py::TestAIServiceManager::test_initialize PASSED [  5%]
tests/unit/test_ai_service_complete.py::TestAIServiceManager::test_initialize_already_initialized PASSED [  5%]
tests/unit/test_ai_service_complete.py::TestAIServiceManager::test_get_service_status PASSED [  5%]
tests/unit/test_ai_service_complete.py::TestAnalyzeData::test_analyze_summary PASSED [  5%]
tests/unit/test_ai_service_complete.py::TestAnalyzeData::test_analyze_unsupported_type PASSED [  5%]
tests/unit/test_ai_service_complete.py::TestAnalyzeData::test_analyze_trend_with_db PASSED [  5%]
tests/unit/test_ai_service_complete.py::TestAnalyzeData::test_analyze_project_progress_with_db PASSED [  5%]
tests/unit/test_ai_service_complete.py::TestAnalyzeData::test_analyze_fund_efficiency_with_db PASSED [  5%]
tests/unit/test_ai_service_complete.py::TestAnalyzeData::test_analyze_compare_with_db PASSED [  5%]
tests/unit/test_ai_service_complete.py::TestAnalyzeData::test_analyze_data_exception PASSED [  5%]
tests/unit/test_ai_service_complete.py::TestAnalyzeIncomeTrend::test_analyze_income_trend_success PASSED [  5%]
tests/unit/test_ai_service_complete.py::TestAnalyzeIncomeTrend::test_analyze_income_trend_insufficient_data PASSED [  5%]
tests/unit/test_ai_service_complete.py::TestAnalyzeIncomeTrend::test_analyze_income_trend_zero_first_value PASSED [  5%]
tests/unit/test_ai_service_complete.py::TestAnalyzeIncomeTrend::test_analyze_income_trend_none_values PASSED [  5%]
tests/unit/test_ai_service_complete.py::TestAnalyzeProjectProgress::test_analyze_project_progress_success PASSED [  5%]
tests/unit/test_ai_service_complete.py::TestAnalyzeProjectProgress::test_analyze_project_progress_no_issues PASSED [  5%]
tests/unit/test_ai_service_complete.py::TestAnalyzeProjectProgress::test_analyze_project_progress_none_end_date PASSED [  5%]
tests/unit/test_ai_service_complete.py::TestAnalyzeFundEfficiency::test_analyze_fund_efficiency_success PASSED [  5%]
tests/unit/test_ai_service_complete.py::TestAnalyzeFundEfficiency::test_analyze_fund_efficiency_zero_total PASSED [  5%]
tests/unit/test_ai_service_complete.py::TestCompareVillages::test_compare_villages_success PASSED [  5%]
tests/unit/test_ai_service_complete.py::TestCompareVillages::test_compare_villages_no_income_data PASSED [  5%]
tests/unit/test_ai_service_complete.py::TestCompareVillages::test_compare_villages_none_county PASSED [  5%]
tests/unit/test_ai_service_complete.py::TestForecastIncomeTrend::test_forecast_income_trend_success PASSED [  5%]
tests/unit/test_ai_service_complete.py::TestForecastIncomeTrend::test_forecast_income_trend_insufficient_data PASSED [  5%]
tests/unit/test_ai_service_complete.py::TestForecastFundCompletion::test_forecast_fund_completion_low_risk PASSED [  5%]
tests/unit/test_ai_service_complete.py::TestForecastFundCompletion::test_forecast_fund_completion_high_risk PASSED [  5%]
tests/unit/test_ai_service_complete.py::TestForecastFundCompletion::test_forecast_fund_completion_zero_allocated PASSED [  5%]
tests/unit/test_ai_service_complete.py::TestForecastFundCompletion::test_forecast_fund_completion_medium_risk PASSED [  5%]
tests/unit/test_ai_service_complete.py::TestGenerateSummary::test_generate_summary_list PASSED [  5%]
tests/unit/test_ai_service_complete.py::TestGenerateSummary::test_generate_summary_dict PASSED [  5%]
tests/unit/test_ai_service_complete.py::TestGenerateSummary::test_generate_summary_other PASSED [  5%]
tests/unit/test_ai_service_complete.py::TestGetRecommendations::test_get_recommendations_with_overdue PASSED [  5%]
tests/unit/test_ai_service_complete.py::TestGetRecommendations::test_get_recommendations_with_over_budget PASSED [  5%]
tests/unit/test_ai_service_complete.py::TestGetRecommendations::test_get_recommendations_no_issues PASSED [  5%]
tests/unit/test_ai_service_complete.py::TestGetRecommendations::test_get_recommendations_exception PASSED [  5%]
tests/unit/test_ai_service_complete.py::TestGlobalInstance::test_ai_service_manager_global PASSED [  5%]
tests/unit/test_ai_services_full.py::TestAnomalyDetectionService::test_service_import PASSED [  5%]
tests/unit/test_ai_services_full.py::TestAnomalyDetectionService::test_detect_anomalies_empty_data PASSED [  5%]
tests/unit/test_ai_services_full.py::TestAnomalyDetectionService::test_detect_anomalies_with_data PASSED [  5%]
tests/unit/test_ai_services_full.py::TestAnomalyDetectionService::test_detect_with_zscore PASSED [  5%]
tests/unit/test_ai_services_full.py::TestAnomalyDetectionService::test_detect_with_iqr PASSED [  5%]
tests/unit/test_ai_services_full.py::TestNLPQueryService::test_service_import PASSED [  5%]
tests/unit/test_ai_services_full.py::TestNLPQueryService::test_parse_query PASSED [  5%]
tests/unit/test_ai_services_full.py::TestRecommendationService::test_service_import PASSED [  5%]
tests/unit/test_ai_services_full.py::TestRecommendationService::test_recommend_projects PASSED [  5%]
tests/unit/test_ai_services_full.py::TestTrendPredictionService::test_service_import PASSED [  5%]
tests/unit/test_ai_services_full.py::TestTrendPredictionService::test_predict_income_trend PASSED [  5%]
tests/unit/test_ai_services_full.py::TestAIServiceIntegration::test_anomaly_detection_integration PASSED [  5%]
tests/unit/test_alert_service.py::TestSendEmailAlert::test_success PASSED [  5%]
tests/unit/test_alert_service.py::TestSendEmailAlert::test_smtp_from_none PASSED [  5%]
tests/unit/test_alert_service.py::TestSendEmailAlert::test_incomplete_config PASSED [  5%]
tests/unit/test_alert_service.py::TestSendEmailAlert::test_smtp_exception PASSED [  5%]
tests/unit/test_alert_service.py::TestSendWebhookAlert::test_generic_default PASSED [  5%]
tests/unit/test_alert_service.py::TestSendWebhookAlert::test_dingtalk PASSED [  5%]
tests/unit/test_alert_service.py::TestSendWebhookAlert::test_wecom PASSED [  5%]
tests/unit/test_alert_service.py::TestSendWebhookAlert::test_http_error_status PASSED [  5%]
tests/unit/test_alert_service.py::TestSendWebhookAlert::test_request_exception PASSED [  5%]
tests/unit/test_all_models_import.py::TestAllModelsImport::test_import_all_models PASSED [  5%]
tests/unit/test_all_models_import.py::TestModelClassesImport::test_import_army_unit PASSED [  5%]
tests/unit/test_all_models_import.py::TestModelClassesImport::test_import_fee_standard PASSED [  5%]
tests/unit/test_all_models_import.py::TestModelClassesImport::test_import_package_version PASSED [  5%]
tests/unit/test_all_models_import.py::TestModelClassesImport::test_import_package_edit_log PASSED [  5%]
tests/unit/test_all_models_import.py::TestModelClassesImport::test_import_data_version PASSED [  5%]
tests/unit/test_all_models_import.py::TestModelClassesImport::test_import_report_template PASSED [  5%]
tests/unit/test_all_models_import.py::TestModelClassesImport::test_import_dashboard PASSED [  5%]
tests/unit/test_all_models_import.py::TestModelClassesImport::test_import_monitoring PASSED [  5%]
tests/unit/test_all_models_import.py::TestModelClassesImport::test_import_system_monitor PASSED [  5%]
tests/unit/test_all_models_import.py::TestModelClassesImport::test_import_inspection_rule PASSED [  5%]
tests/unit/test_all_models_import.py::TestModelClassesImport::test_import_issue_tracking PASSED [  5%]
tests/unit/test_all_models_import.py::TestModelClassesImport::test_import_effectiveness PASSED [  6%]
tests/unit/test_all_models_import.py::TestModelClassesImport::test_import_data_sync PASSED [  6%]
tests/unit/test_all_models_import.py::TestModelClassesImport::test_import_annual_models PASSED [  6%]
tests/unit/test_all_models_import.py::TestModelRelationships::test_village_relationships PASSED [  6%]
tests/unit/test_all_models_import.py::TestModelRelationships::test_user_relationships PASSED [  6%]
tests/unit/test_all_models_import.py::TestModelRelationships::test_fund_relationships PASSED [  6%]
tests/unit/test_all_models_import.py::TestModelRelationships::test_project_relationships PASSED [  6%]
tests/unit/test_analytics_service.py::TestAnalyticsService::test_get_dashboard_overview_normal PASSED [  6%]
tests/unit/test_analytics_service.py::TestAnalyticsService::test_get_dashboard_overview_empty PASSED [  6%]
tests/unit/test_analytics_service.py::TestAnalyticsService::test_get_dashboard_overview_exception PASSED [  6%]
tests/unit/test_analytics_service.py::TestAnalyticsService::test_get_village_analysis_normal PASSED [  6%]
tests/unit/test_analytics_service.py::TestAnalyticsService::test_get_village_analysis_null_values PASSED [  6%]
tests/unit/test_analytics_service.py::TestAnalyticsService::test_get_village_analysis_none_rows PASSED [  6%]
tests/unit/test_analytics_service.py::TestAnalyticsService::test_get_village_analysis_exception PASSED [  6%]
tests/unit/test_analytics_service.py::TestAnalyticsService::test_get_funding_trends_with_rows PASSED [  6%]
tests/unit/test_analytics_service.py::TestAnalyticsService::test_get_funding_trends_null_values PASSED [  6%]
tests/unit/test_analytics_service.py::TestAnalyticsService::test_get_funding_trends_empty PASSED [  6%]
tests/unit/test_analytics_service.py::TestAnalyticsService::test_get_funding_trends_exception PASSED [  6%]
tests/unit/test_analytics_service.py::TestAnalyticsService::test_get_performance_metrics_normal PASSED [  6%]
tests/unit/test_analytics_service.py::TestAnalyticsService::test_get_performance_metrics_none_rows PASSED [  6%]
tests/unit/test_analytics_service.py::TestAnalyticsService::test_get_performance_metrics_null_amount PASSED [  6%]
tests/unit/test_analytics_service.py::TestAnalyticsService::test_get_performance_metrics_exception PASSED [  6%]
tests/unit/test_analytics_service.py::TestAnalyticsService::test_comparison_by_province PASSED [  6%]
tests/unit/test_analytics_service.py::TestAnalyticsService::test_comparison_by_tier PASSED [  6%]
tests/unit/test_analytics_service.py::TestAnalyticsService::test_comparison_other_type PASSED [  6%]
tests/unit/test_analytics_service.py::TestAnalyticsService::test_comparison_null_values PASSED [  6%]
tests/unit/test_analytics_service.py::TestAnalyticsService::test_comparison_exception PASSED [  6%]
tests/unit/test_analytics_service.py::TestAnalyticsService::test_generate_report_comprehensive PASSED [  6%]
tests/unit/test_analytics_service.py::TestAnalyticsService::test_generate_report_village_funding PASSED [  6%]
tests/unit/test_analytics_service.py::TestAnalyticsService::test_generate_report_policy_execution PASSED [  6%]
tests/unit/test_analytics_service.py::TestAnalyticsService::test_generate_report_unknown_type PASSED [  6%]
tests/unit/test_analytics_service.py::TestAnalyticsService::test_generate_report_exception PASSED [  6%]
tests/unit/test_analytics_service.py::TestAnalyticsService::test_summary_no_villages PASSED [  6%]
tests/unit/test_analytics_service.py::TestAnalyticsService::test_summary_with_filters PASSED [  6%]
tests/unit/test_analytics_service.py::TestAnalyticsService::test_summary_with_year PASSED [  6%]
tests/unit/test_analytics_service.py::TestAnalyticsService::test_summary_no_filters PASSED [  6%]
tests/unit/test_analytics_service.py::TestAnalyticsService::test_summary_exception PASSED [  6%]
tests/unit/test_analytics_service.py::TestAnalyticsService::test_drill_down_by_province PASSED [  6%]
tests/unit/test_analytics_service.py::TestAnalyticsService::test_drill_down_other_dimension PASSED [  6%]
tests/unit/test_analytics_service.py::TestAnalyticsService::test_drill_down_exception PASSED [  6%]
tests/unit/test_analytics_service.py::TestAnalyticsService::test_compare_villages_normal PASSED [  6%]
tests/unit/test_analytics_service.py::TestAnalyticsService::test_compare_villages_default_metrics PASSED [  6%]
tests/unit/test_analytics_service.py::TestAnalyticsService::test_compare_villages_exception PASSED [  6%]
tests/unit/test_analytics_service.py::TestAnalyticsService::test_compare_years_normal PASSED [  6%]
tests/unit/test_analytics_service.py::TestAnalyticsService::test_compare_years_default_metrics PASSED [  6%]
tests/unit/test_analytics_service.py::TestAnalyticsService::test_compare_years_exception PASSED [  6%]
tests/unit/test_analytics_service.py::TestAnalyticsService::test_get_filter_options_normal PASSED [  6%]
tests/unit/test_analytics_service.py::TestAnalyticsService::test_get_filter_options_exception PASSED [  6%]
tests/unit/test_analytics_service.py::TestAnalyticsService::test_filter_villages_all_filters PASSED [  6%]
tests/unit/test_analytics_service.py::TestAnalyticsService::test_filter_villages_province_tier PASSED [  6%]
tests/unit/test_analytics_service.py::TestAnalyticsService::test_filter_villages_no_filters PASSED [  6%]
tests/unit/test_analytics_service.py::TestAnalyticsService::test_filter_villages_exception PASSED [  6%]
tests/unit/test_analytics_service.py::TestAnalyticsService::test_export_data_excel PASSED [  6%]
tests/unit/test_analytics_service.py::TestAnalyticsService::test_export_data_other_format PASSED [  6%]
tests/unit/test_anomaly_detection_service_complete.py::TestAnomalyDetectionService::test_detect_anomalies_empty_data PASSED [  6%]
tests/unit/test_anomaly_detection_service_complete.py::TestAnomalyDetectionService::test_detect_anomalies_zscore PASSED [  6%]
tests/unit/test_anomaly_detection_service_complete.py::TestAnomalyDetectionService::test_detect_anomalies_iqr PASSED [  6%]
tests/unit/test_anomaly_detection_service_complete.py::TestAnomalyDetectionService::test_detect_anomalies_default_method PASSED [  6%]
tests/unit/test_anomaly_detection_service_complete.py::TestAnomalyDetectionService::test_detect_anomalies_exception PASSED [  6%]
tests/unit/test_anomaly_detection_service_complete.py::TestAnomalyDetectionService::test_detect_with_isolation_forest PASSED [  6%]
tests/unit/test_anomaly_detection_service_complete.py::TestAnomalyDetectionService::test_detect_with_zscore_zero_std PASSED [  6%]
tests/unit/test_anomaly_detection_service_complete.py::TestAnomalyDetectionService::test_detect_with_zscore_with_threshold PASSED [  6%]
tests/unit/test_anomaly_detection_service_complete.py::TestAnomalyDetectionService::test_detect_fund_anomalies PASSED [  6%]
tests/unit/test_anomaly_detection_service_complete.py::TestAnomalyDetectionService::test_detect_fund_anomalies_empty PASSED [  6%]
tests/unit/test_anomaly_detection_service_complete.py::TestAnomalyDetectionService::test_detect_fund_anomalies_none_date PASSED [  6%]
tests/unit/test_anomaly_detection_service_complete.py::TestAnomalyDetectionService::test_detect_project_progress_anomalies PASSED [  6%]
tests/unit/test_anomaly_detection_service_complete.py::TestAnomalyDetectionService::test_detect_project_progress_anomalies_no_projects PASSED [  6%]
tests/unit/test_anomaly_detection_service_complete.py::TestAnomalyDetectionService::test_detect_project_progress_anomalies_no_dates PASSED [  6%]
tests/unit/test_anomaly_detection_service_complete.py::TestAnomalyDetectionService::test_detect_project_progress_anomalies_no_deviation PASSED [  6%]
tests/unit/test_anomaly_detection_service_complete.py::TestAnomalyDetectionService::test_detect_data_entry_anomalies PASSED [  6%]
tests/unit/test_anomaly_detection_service_complete.py::TestSklearnImport::test_sklearn_not_available_path PASSED [  6%]
tests/unit/test_anomaly_detection_service_complete.py::TestSklearnImport::test_sklearn_available_info PASSED [  6%]
tests/unit/test_api_approval_full.py::TestApprovalAPI::test_approval_list PASSED [  6%]
tests/unit/test_api_approval_full.py::TestApprovalAPI::test_approval_list_with_filters PASSED [  6%]
tests/unit/test_api_approval_full.py::TestApprovalAPI::test_approval_detail PASSED [  6%]
tests/unit/test_api_approval_full.py::TestApprovalAPI::test_approval_create_empty PASSED [  6%]
tests/unit/test_api_approval_full.py::TestApprovalAPI::test_approval_create_with_data PASSED [  6%]
tests/unit/test_api_approval_full.py::TestApprovalAPI::test_approval_update PASSED [  6%]
tests/unit/test_api_approval_full.py::TestApprovalAPI::test_approval_delete PASSED [  6%]
tests/unit/test_api_approval_full.py::TestApprovalAPI::test_approval_submit PASSED [  6%]
tests/unit/test_api_approval_full.py::TestApprovalAPI::test_approval_approve PASSED [  6%]
tests/unit/test_api_approval_full.py::TestApprovalAPI::test_approval_reject PASSED [  6%]
tests/unit/test_api_approval_full.py::TestApprovalAPI::test_approval_transfer PASSED [  6%]
tests/unit/test_api_approval_full.py::TestApprovalAPI::test_approval_history PASSED [  6%]
tests/unit/test_api_approval_full.py::TestApprovalAPI::test_approval_pending_count PASSED [  6%]
tests/unit/test_api_approval_full.py::TestApprovalAPI::test_approval_all_tasks PASSED [  7%]
tests/unit/test_api_approval_full.py::TestApprovalAPI::test_approval_workflow_list PASSED [  7%]
tests/unit/test_api_approval_full.py::TestApprovalTemplatesAPI::test_approval_templates_list PASSED [  7%]
tests/unit/test_api_approval_full.py::TestApprovalTemplatesAPI::test_approval_template_detail PASSED [  7%]
tests/unit/test_api_approval_full.py::TestApprovalSettingsAPI::test_approval_settings_get PASSED [  7%]
tests/unit/test_api_approval_full.py::TestApprovalSettingsAPI::test_approval_settings_update PASSED [  7%]
tests/unit/test_api_assessment_full.py::TestAssessmentAPI::test_village_scores PASSED [  7%]
tests/unit/test_api_assessment_full.py::TestAssessmentAPI::test_anomalies PASSED [  7%]
tests/unit/test_api_assessment_full.py::TestAssessmentAPI::test_trend_prediction PASSED [  7%]
tests/unit/test_api_assessment_full.py::TestAssessmentAPI::test_village_comparison PASSED [  7%]
tests/unit/test_api_assessment_full.py::TestAssessmentAPI::test_village_scores_with_filters PASSED [  7%]
tests/unit/test_api_assessment_full.py::TestAssessmentAPI::test_assessment_list_backward_compat PASSED [  7%]
tests/unit/test_api_assessment_full.py::TestAssessmentAPI::test_assessment_list_singular PASSED [  7%]
tests/unit/test_api_auth_full.py::TestAuthAPI::test_auth_login_get PASSED [  7%]
tests/unit/test_api_auth_full.py::TestAuthAPI::test_auth_login_post_empty PASSED [  7%]
tests/unit/test_api_auth_full.py::TestAuthAPI::test_auth_login_post_invalid PASSED [  7%]
tests/unit/test_api_auth_full.py::TestAuthAPI::test_auth_logout PASSED   [  7%]
tests/unit/test_api_auth_full.py::TestAuthAPI::test_auth_refresh PASSED  [  7%]
tests/unit/test_api_auth_full.py::TestAuthAPI::test_auth_me PASSED       [  7%]
tests/unit/test_api_auth_full.py::TestAuthAPI::test_auth_register_empty PASSED [  7%]
tests/unit/test_api_auth_full.py::TestAuthAPI::test_auth_change_password PASSED [  7%]
tests/unit/test_api_auth_full.py::TestTwoFactorAPI::test_2fa_setup_get PASSED [  7%]
tests/unit/test_api_auth_full.py::TestTwoFactorAPI::test_2fa_setup_post PASSED [  7%]
tests/unit/test_api_auth_full.py::TestTwoFactorAPI::test_2fa_verify PASSED [  7%]
tests/unit/test_api_auth_full.py::TestTwoFactorAPI::test_2fa_disable PASSED [  7%]
tests/unit/test_api_auth_full.py::TestTwoFactorAPI::test_2fa_backup_codes PASSED [  7%]
tests/unit/test_api_auth_full.py::TestPasswordResetAPI::test_forgot_password_empty PASSED [  7%]
tests/unit/test_api_auth_full.py::TestPasswordResetAPI::test_forgot_password_invalid_email PASSED [  7%]
tests/unit/test_api_auth_full.py::TestPasswordResetAPI::test_reset_password_empty PASSED [  7%]
tests/unit/test_api_auth_full.py::TestPasswordResetAPI::test_reset_password_invalid_token PASSED [  7%]
tests/unit/test_api_auth_full.py::TestMachineCodeAuthAPI::test_machine_code_register PASSED [  7%]
tests/unit/test_api_auth_full.py::TestMachineCodeAuthAPI::test_machine_code_bind PASSED [  7%]
tests/unit/test_api_auth_full.py::TestMachineCodeAuthAPI::test_machine_code_list PASSED [  7%]
tests/unit/test_api_auth_full.py::TestMachineCodeAuthAPI::test_machine_code_revoke PASSED [  7%]
tests/unit/test_api_auth_full.py::TestCSRFAPI::test_csrf_token PASSED    [  7%]
tests/unit/test_api_auth_full.py::TestAuthStatusAPI::test_auth_status PASSED [  7%]
tests/unit/test_api_auth_full.py::TestAuthStatusAPI::test_auth_permissions PASSED [  7%]
tests/unit/test_api_coverage.py::test_api_000 PASSED                     [  7%]
tests/unit/test_api_coverage.py::test_api_001 PASSED                     [  7%]
tests/unit/test_api_coverage.py::test_api_002 PASSED                     [  7%]
tests/unit/test_api_coverage.py::test_api_003 PASSED                     [  7%]
tests/unit/test_api_coverage.py::test_api_004 PASSED                     [  7%]
tests/unit/test_api_coverage.py::test_api_005 PASSED                     [  7%]
tests/unit/test_api_coverage.py::test_api_006 PASSED                     [  7%]
tests/unit/test_api_coverage.py::test_api_007 PASSED                     [  7%]
tests/unit/test_api_coverage.py::test_api_008 PASSED                     [  7%]
tests/unit/test_api_coverage.py::test_api_009 PASSED                     [  7%]
tests/unit/test_api_coverage.py::test_api_010 PASSED                     [  7%]
tests/unit/test_api_coverage.py::test_api_011 PASSED                     [  7%]
tests/unit/test_api_coverage.py::test_api_012 PASSED                     [  7%]
tests/unit/test_api_coverage.py::test_api_013 PASSED                     [  7%]
tests/unit/test_api_coverage.py::test_api_014 PASSED                     [  7%]
tests/unit/test_api_coverage.py::test_api_015 PASSED                     [  7%]
tests/unit/test_api_coverage.py::test_api_016 PASSED                     [  7%]
tests/unit/test_api_coverage.py::test_api_017 PASSED                     [  7%]
tests/unit/test_api_coverage.py::test_api_018 PASSED                     [  7%]
tests/unit/test_api_coverage.py::test_api_019 PASSED                     [  7%]
tests/unit/test_api_coverage.py::test_api_020 PASSED                     [  7%]
tests/unit/test_api_coverage.py::test_api_021 PASSED                     [  7%]
tests/unit/test_api_coverage.py::test_api_022 PASSED                     [  7%]
tests/unit/test_api_coverage.py::test_api_023 PASSED                     [  7%]
tests/unit/test_api_coverage.py::test_api_024 PASSED                     [  7%]
tests/unit/test_api_coverage.py::test_api_025 PASSED                     [  7%]
tests/unit/test_api_coverage.py::test_api_026 PASSED                     [  7%]
tests/unit/test_api_coverage.py::test_api_027 PASSED                     [  7%]
tests/unit/test_api_coverage.py::test_api_028 PASSED                     [  7%]
tests/unit/test_api_coverage.py::test_api_029 PASSED                     [  7%]
tests/unit/test_api_coverage.py::test_api_030 PASSED                     [  7%]
tests/unit/test_api_coverage.py::test_api_031 PASSED                     [  7%]
tests/unit/test_api_coverage.py::test_api_032 PASSED                     [  7%]
tests/unit/test_api_coverage.py::test_api_033 PASSED                     [  7%]
tests/unit/test_api_coverage.py::test_api_034 PASSED                     [  7%]
tests/unit/test_api_coverage.py::test_api_035 PASSED                     [  7%]
tests/unit/test_api_coverage.py::test_api_036 PASSED                     [  7%]
tests/unit/test_api_coverage.py::test_api_037 PASSED                     [  7%]
tests/unit/test_api_coverage.py::test_api_038 PASSED                     [  7%]
tests/unit/test_api_coverage.py::test_api_039 PASSED                     [  7%]
tests/unit/test_api_coverage.py::test_api_040 PASSED                     [  7%]
tests/unit/test_api_coverage.py::test_api_041 PASSED                     [  7%]
tests/unit/test_api_coverage.py::test_api_042 PASSED                     [  7%]
tests/unit/test_api_coverage.py::test_api_043 PASSED                     [  7%]
tests/unit/test_api_data_statistics_full.py::TestDataStatisticsAPI::test_statistics_summary PASSED [  7%]
tests/unit/test_api_data_statistics_full.py::TestDataStatisticsAPI::test_statistics_trends PASSED [  7%]
tests/unit/test_api_data_statistics_full.py::TestDataStatisticsAPI::test_statistics_by_region PASSED [  7%]
tests/unit/test_api_data_statistics_full.py::TestDataStatisticsAPI::test_statistics_by_year PASSED [  7%]
tests/unit/test_api_data_statistics_full.py::TestDataStatisticsAPI::test_statistics_comparison PASSED [  8%]
tests/unit/test_api_data_statistics_full.py::TestDataStatisticsAPI::test_statistics_export PASSED [  8%]
tests/unit/test_api_data_statistics_full.py::TestDashboardAPI::test_dashboard_data PASSED [  8%]
tests/unit/test_api_data_statistics_full.py::TestDashboardAPI::test_dashboard_summary PASSED [  8%]
tests/unit/test_api_data_statistics_full.py::TestDashboardAPI::test_dashboard_charts PASSED [  8%]
tests/unit/test_api_data_statistics_full.py::TestDashboardAPI::test_dashboard_recent_activities PASSED [  8%]
tests/unit/test_api_data_statistics_full.py::TestDashboardAPI::test_dashboard_alerts PASSED [  8%]
tests/unit/test_api_data_statistics_full.py::TestAnalyticsAPI::test_analytics_overview PASSED [  8%]
tests/unit/test_api_data_statistics_full.py::TestAnalyticsAPI::test_analytics_villages PASSED [  8%]
tests/unit/test_api_data_statistics_full.py::TestAnalyticsAPI::test_analytics_funds PASSED [  8%]
tests/unit/test_api_data_statistics_full.py::TestAnalyticsAPI::test_analytics_projects PASSED [  8%]
tests/unit/test_api_data_statistics_full.py::TestAnalyticsAPI::test_analytics_export PASSED [  8%]
tests/unit/test_api_data_statistics_full.py::TestReportAPI::test_reports_list PASSED [  8%]
tests/unit/test_api_data_statistics_full.py::TestReportAPI::test_report_generate PASSED [  8%]
tests/unit/test_api_data_statistics_full.py::TestReportAPI::test_report_download PASSED [  8%]
tests/unit/test_api_endpoints_additional.py::TestAIAPIEndpoints::test_ai_forecast_income PASSED [  8%]
tests/unit/test_api_endpoints_additional.py::TestAIAPIEndpoints::test_ai_forecast_funds PASSED [  8%]
tests/unit/test_api_endpoints_additional.py::TestAIAPIEndpoints::test_ai_analyze PASSED [  8%]
tests/unit/test_api_endpoints_additional.py::TestAIAPIEndpoints::test_ai_anomalies PASSED [  8%]
tests/unit/test_api_endpoints_additional.py::TestAIAPIEndpoints::test_ai_recommendations PASSED [  8%]
tests/unit/test_api_endpoints_additional.py::TestApprovalAPIEndpoints::test_approval_list PASSED [  8%]
tests/unit/test_api_endpoints_additional.py::TestApprovalAPIEndpoints::test_approval_detail PASSED [  8%]
tests/unit/test_api_endpoints_additional.py::TestApprovalAPIEndpoints::test_approval_create PASSED [  8%]
tests/unit/test_api_endpoints_additional.py::TestApprovalAPIEndpoints::test_approval_approve PASSED [  8%]
tests/unit/test_api_endpoints_additional.py::TestFundAPIEndpoints::test_fund_list PASSED [  8%]
tests/unit/test_api_endpoints_additional.py::TestFundAPIEndpoints::test_fund_detail PASSED [  8%]
tests/unit/test_api_endpoints_additional.py::TestFundAPIEndpoints::test_fund_create PASSED [  8%]
tests/unit/test_api_endpoints_additional.py::TestFundAPIEndpoints::test_fund_statistics PASSED [  8%]
tests/unit/test_api_endpoints_additional.py::TestProjectAPIEndpoints::test_project_list PASSED [  8%]
tests/unit/test_api_endpoints_additional.py::TestProjectAPIEndpoints::test_project_detail PASSED [  8%]
tests/unit/test_api_endpoints_additional.py::TestProjectAPIEndpoints::test_project_create PASSED [  8%]
tests/unit/test_api_endpoints_additional.py::TestProjectAPIEndpoints::test_project_milestones PASSED [  8%]
tests/unit/test_api_endpoints_additional.py::TestVillageAPIEndpoints::test_village_list PASSED [  8%]
tests/unit/test_api_endpoints_additional.py::TestVillageAPIEndpoints::test_village_detail PASSED [  8%]
tests/unit/test_api_endpoints_additional.py::TestVillageAPIEndpoints::test_village_demographics PASSED [  8%]
tests/unit/test_api_endpoints_additional.py::TestWorkLogAPIEndpoints::test_worklog_list PASSED [  8%]
tests/unit/test_api_endpoints_additional.py::TestWorkLogAPIEndpoints::test_worklog_create PASSED [  8%]
tests/unit/test_api_endpoints_additional.py::TestPolicyAPIEndpoints::test_policy_list PASSED [  8%]
tests/unit/test_api_endpoints_additional.py::TestPolicyAPIEndpoints::test_policy_detail PASSED [  8%]
tests/unit/test_api_endpoints_additional.py::TestSchoolAPIEndpoints::test_school_list PASSED [  8%]
tests/unit/test_api_endpoints_additional.py::TestSchoolAPIEndpoints::test_school_detail PASSED [  8%]
tests/unit/test_api_error.py::TestRaiseAPIError::test_raise_api_error_production PASSED [  8%]
tests/unit/test_api_error.py::TestRaiseAPIError::test_raise_api_error_development PASSED [  8%]
tests/unit/test_api_error.py::TestRaiseAPIError::test_raise_api_error_custom_status PASSED [  8%]
tests/unit/test_api_error.py::TestRaiseAPIError::test_raise_api_error_no_exception PASSED [  8%]
tests/unit/test_api_error.py::TestHandleServiceError::test_handle_service_error PASSED [  8%]
tests/unit/test_api_error.py::TestHandleServiceError::test_handle_service_error_custom_status PASSED [  8%]
tests/unit/test_api_error.py::TestSafeAPICall::test_safe_api_call_success PASSED [  8%]
tests/unit/test_api_error.py::TestSafeAPICall::test_safe_api_call_exception PASSED [  8%]
tests/unit/test_api_error.py::TestSafeAPICall::test_safe_api_call_preserves_http_exception PASSED [  8%]
tests/unit/test_api_error.py::TestSafeAPICall::test_safe_api_call_sync PASSED [  8%]
tests/unit/test_api_error.py::TestAPIErrorHandler::test_context_manager_success PASSED [  8%]
tests/unit/test_api_error.py::TestAPIErrorHandler::test_context_manager_exception PASSED [  8%]
tests/unit/test_api_error.py::TestIsProduction::test_is_production_true PASSED [  8%]
tests/unit/test_api_error.py::TestIsProduction::test_is_production_false PASSED [  8%]
tests/unit/test_api_fund_lifecycle_full.py::TestFundLifecyclePhaseManagement::test_list_phases_unauthenticated PASSED [  8%]
tests/unit/test_api_fund_lifecycle_full.py::TestFundLifecyclePhaseManagement::test_list_phases_authenticated PASSED [  8%]
tests/unit/test_api_fund_lifecycle_full.py::TestFundLifecyclePhaseManagement::test_init_phases PASSED [  8%]
tests/unit/test_api_fund_lifecycle_full.py::TestFundLifecyclePhaseManagement::test_advance_phase PASSED [  8%]
tests/unit/test_api_fund_lifecycle_full.py::TestFundLifecyclePhaseManagement::test_rollback_phase PASSED [  8%]
tests/unit/test_api_fund_lifecycle_full.py::TestFundLifecycleBudget::test_list_budgets PASSED [  8%]
tests/unit/test_api_fund_lifecycle_full.py::TestFundLifecycleBudget::test_create_budget PASSED [  8%]
tests/unit/test_api_fund_lifecycle_full.py::TestFundLifecycleBudget::test_lock_budget PASSED [  8%]
tests/unit/test_api_fund_lifecycle_full.py::TestFundLifecycleTransfer::test_list_vouchers PASSED [  8%]
tests/unit/test_api_fund_lifecycle_full.py::TestFundLifecycleTransfer::test_create_voucher PASSED [  8%]
tests/unit/test_api_fund_lifecycle_full.py::TestFundLifecycleContract::test_list_contracts PASSED [  8%]
tests/unit/test_api_fund_lifecycle_full.py::TestFundLifecycleContract::test_create_contract PASSED [  8%]
tests/unit/test_api_fund_lifecycle_full.py::TestFundLifecycleAnomaly::test_list_anomalies PASSED [  8%]
tests/unit/test_api_fund_lifecycle_full.py::TestFundLifecycleAnomaly::test_resolve_anomaly PASSED [  8%]
tests/unit/test_api_fund_lifecycle_full.py::TestFundLifecycleSettlement::test_list_settlements PASSED [  8%]
tests/unit/test_api_fund_lifecycle_full.py::TestFundLifecycleSettlement::test_create_settlement PASSED [  8%]
tests/unit/test_api_fund_lifecycle_full.py::TestFundLifecycleSettlement::test_verify_asset PASSED [  8%]
tests/unit/test_api_fund_lifecycle_full.py::TestFundLifecycleHealth::test_health_score PASSED [  8%]
tests/unit/test_api_fund_lifecycle_full.py::TestFundLifecycleHealth::test_allocation_plan PASSED [  8%]
tests/unit/test_api_funds_full.py::TestFundsAPI::test_funds_list PASSED  [  8%]
tests/unit/test_api_funds_full.py::TestFundsAPI::test_funds_list_with_params PASSED [  8%]
tests/unit/test_api_funds_full.py::TestFundsAPI::test_funds_detail PASSED [  8%]
tests/unit/test_api_funds_full.py::TestFundsAPI::test_funds_create_empty PASSED [  8%]
tests/unit/test_api_funds_full.py::TestFundsAPI::test_funds_create_with_data PASSED [  8%]
tests/unit/test_api_funds_full.py::TestFundsAPI::test_funds_update PASSED [  8%]
tests/unit/test_api_funds_full.py::TestFundsAPI::test_funds_delete PASSED [  8%]
[...]
tests/unit/test_data_reports.py::TestGetReportPackage::test_success_as_source PASSED [ 37%]
tests/unit/test_data_reports.py::TestGetReportPackage::test_success_as_target PASSED [ 37%]
tests/unit/test_data_reports.py::TestGetReportPackage::test_no_permission PASSED [ 37%]
tests/unit/test_data_reports.py::TestPreviewDataReport::test_requires_auth PASSED [ 37%]
tests/unit/test_data_reports.py::TestPreviewDataReport::test_not_found PASSED [ 37%]
tests/unit/test_data_reports.py::TestPreviewDataReport::test_success_no_package PASSED [ 37%]
tests/unit/test_data_reports.py::TestPreviewDataReport::test_success_with_package PASSED [ 37%]
tests/unit/test_data_reports.py::TestPreviewDataReport::test_no_permission PASSED [ 37%]
tests/unit/test_data_reports.py::TestDownloadDataReport::test_requires_auth PASSED [ 37%]
tests/unit/test_data_reports.py::TestDownloadDataReport::test_not_found PASSED [ 37%]
tests/unit/test_data_reports.py::TestDownloadDataReport::test_success_json_fallback PASSED [ 37%]
tests/unit/test_data_reports.py::TestDownloadDataReport::test_success_file_response PASSED [ 37%]
tests/unit/test_data_reports.py::TestDownloadDataReport::test_no_permission PASSED [ 37%]
tests/unit/test_data_reports_api_2.py::TestExportExcel::test_success PASSED [ 37%]
tests/unit/test_data_reports_api_2.py::TestExportExcel::test_exception PASSED [ 37%]
tests/unit/test_data_reports_api_2.py::TestExportPdf::test_success PASSED [ 37%]
tests/unit/test_data_reports_api_2.py::TestExportPdf::test_import_error PASSED [ 37%]
tests/unit/test_data_reports_api_2.py::TestExportPdf::test_value_error PASSED [ 37%]
tests/unit/test_data_reports_api_2.py::TestExportPdf::test_generic_exception PASSED [ 37%]
tests/unit/test_data_reports_api_2.py::TestExportComprehensiveReport::test_without_village_ids PASSED [ 37%]
tests/unit/test_data_reports_api_2.py::TestExportComprehensiveReport::test_with_village_ids PASSED [ 37%]
tests/unit/test_data_reports_api_2.py::TestExportComprehensiveReport::test_exception PASSED [ 37%]
tests/unit/test_data_reports_api_2.py::TestGetFilterOptions::test_success PASSED [ 37%]
tests/unit/test_data_reports_api_2.py::TestGetFilterOptions::test_exception PASSED [ 37%]
tests/unit/test_data_reports_api_2.py::TestFilterVillages::test_success PASSED [ 37%]
tests/unit/test_data_reports_api_2.py::TestFilterVillages::test_exception PASSED [ 37%]
tests/unit/test_data_reports_api_2.py::TestDrillDown::test_success PASSED [ 37%]
tests/unit/test_data_reports_api_2.py::TestDrillDown::test_exception PASSED [ 37%]
tests/unit/test_data_reports_api_2.py::TestCompareVillages::test_success PASSED [ 37%]
tests/unit/test_data_reports_api_2.py::TestCompareVillages::test_exception PASSED [ 37%]
tests/unit/test_data_reports_api_2.py::TestCompareYears::test_success_with_metrics PASSED [ 37%]
tests/unit/test_data_reports_api_2.py::TestCompareYears::test_success_without_metrics PASSED [ 37%]
tests/unit/test_data_reports_api_2.py::TestCompareYears::test_value_error_in_years PASSED [ 37%]
tests/unit/test_data_reports_api_2.py::TestCompareYears::test_generic_exception PASSED [ 37%]
tests/unit/test_data_reports_api_2.py::TestGetSummaryStatistics::test_success_with_all_filters PASSED [ 38%]
tests/unit/test_data_reports_api_2.py::TestGetSummaryStatistics::test_success_without_filters PASSED [ 38%]
tests/unit/test_data_reports_api_2.py::TestGetSummaryStatistics::test_exception PASSED [ 38%]
tests/unit/test_data_reports_api_2.py::TestCreateSubscription::test_success PASSED [ 38%]
tests/unit/test_data_reports_api_2.py::TestCreateSubscription::test_success_without_optional_fields PASSED [ 38%]
tests/unit/test_data_reports_api_2.py::TestCreateSubscription::test_exception PASSED [ 38%]
tests/unit/test_data_reports_api_2.py::TestListSubscriptions::test_success_without_filter PASSED [ 38%]
tests/unit/test_data_reports_api_2.py::TestListSubscriptions::test_success_with_active_filter PASSED [ 38%]
tests/unit/test_data_reports_api_2.py::TestListSubscriptions::test_exception PASSED [ 38%]
tests/unit/test_data_reports_api_2.py::TestGetSubscription::test_found PASSED [ 38%]
tests/unit/test_data_reports_api_2.py::TestGetSubscription::test_not_found PASSED [ 38%]
tests/unit/test_data_reports_api_2.py::TestGetSubscription::test_exception PASSED [ 38%]
tests/unit/test_data_reports_api_2.py::TestUpdateSubscription::test_update_all_fields PASSED [ 38%]
tests/unit/test_data_reports_api_2.py::TestUpdateSubscription::test_update_village_ids_none PASSED [ 38%]
tests/unit/test_data_reports_api_2.py::TestUpdateSubscription::test_not_found PASSED [ 38%]
tests/unit/test_data_reports_api_2.py::TestUpdateSubscription::test_exception PASSED [ 38%]
tests/unit/test_data_reports_api_2.py::TestDeleteSubscription::test_success PASSED [ 38%]
tests/unit/test_data_reports_api_2.py::TestDeleteSubscription::test_not_found PASSED [ 38%]
tests/unit/test_data_reports_api_2.py::TestDeleteSubscription::test_exception PASSED [ 38%]
tests/unit/test_data_reports_api_2.py::TestToggleSubscription::test_toggle_on_to_off PASSED [ 38%]
tests/unit/test_data_reports_api_2.py::TestToggleSubscription::test_toggle_off_to_on PASSED [ 38%]
tests/unit/test_data_reports_api_2.py::TestToggleSubscription::test_not_found PASSED [ 38%]
tests/unit/test_data_reports_api_2.py::TestToggleSubscription::test_exception PASSED [ 38%]
tests/unit/test_data_reports_api_2.py::TestSubscriptionToResponse::test_with_all_fields PASSED [ 38%]
tests/unit/test_data_reports_api_2.py::TestSubscriptionToResponse::test_with_none_fields PASSED [ 38%]
tests/unit/test_data_scope.py::TestDataScopeInit::test_defaults PASSED   [ 38%]
tests/unit/test_data_scope.py::TestDataScopeInit::test_admin PASSED      [ 38%]
tests/unit/test_data_scope.py::TestDataScopeInit::test_with_orgs PASSED  [ 38%]
tests/unit/test_data_scope.py::TestDataScopeInit::test_self_only PASSED  [ 38%]
tests/unit/test_data_scope.py::TestDataScopeFilterByOrgIds::test_admin_returns_unmodified PASSED [ 38%]
tests/unit/test_data_scope.py::TestDataScopeFilterByOrgIds::test_self_only_with_user_id PASSED [ 38%]
tests/unit/test_data_scope.py::TestDataScopeFilterByOrgIds::test_self_only_no_user_id PASSED [ 38%]
tests/unit/test_data_scope.py::TestDataScopeFilterByOrgIds::test_no_org_ids_returns_false PASSED [ 38%]
tests/unit/test_data_scope.py::TestDataScopeFilterByOrgIds::test_with_org_ids PASSED [ 38%]
tests/unit/test_data_scope.py::TestDataScopeFilterByOrgIds::test_multiple_columns PASSED [ 38%]
tests/unit/test_data_scope.py::TestDataScopeFilterByOrgIds::test_no_id_columns_no_org_ids PASSED [ 38%]
tests/unit/test_data_scope.py::TestGetOrgSubtree::test_org_not_found PASSED [ 38%]
tests/unit/test_data_scope.py::TestGetOrgSubtree::test_org_found PASSED  [ 38%]
tests/unit/test_data_scope.py::TestGetOrgSubtree::test_with_children PASSED [ 38%]
tests/unit/test_data_scope.py::TestGetOrgSubtree::test_circular_reference PASSED [ 38%]
tests/unit/test_data_scope.py::TestGetOrgSubtree::test_max_depth PASSED  [ 38%]
tests/unit/test_data_scope.py::TestGetDataScope::test_admin_role PASSED  [ 38%]
tests/unit/test_data_scope.py::TestGetDataScope::test_super_admin_role PASSED [ 38%]
tests/unit/test_data_scope.py::TestGetDataScope::test_is_superuser PASSED [ 38%]
tests/unit/test_data_scope.py::TestGetDataScope::test_data_scope_all PASSED [ 38%]
tests/unit/test_data_scope.py::TestGetDataScope::test_self_scope PASSED  [ 38%]
tests/unit/test_data_scope.py::TestGetDataScope::test_org_scope_with_org_id PASSED [ 38%]
tests/unit/test_data_scope.py::TestGetDataScope::test_org_scope_no_org_id_with_dept PASSED [ 38%]
tests/unit/test_data_scope.py::TestGetDataScope::test_org_scope_no_org_id_fallback_admin PASSED [ 38%]
tests/unit/test_data_scope.py::TestGetDataScope::test_org_children_default_no_org_id_with_dept PASSED [ 38%]
tests/unit/test_data_scope.py::TestGetDataScope::test_org_children_no_org_id_fallback_admin PASSED [ 38%]
tests/unit/test_data_scope.py::TestGetDataScope::test_org_children_with_subtree PASSED [ 38%]
tests/unit/test_data_scope.py::TestGetDataScope::test_org_children_empty_names_with_dept PASSED [ 38%]
tests/unit/test_data_scope.py::TestGetDataScope::test_org_children_empty_names_fallback_admin PASSED [ 38%]
tests/unit/test_data_sync_encryption_service.py::TestDataSyncEncryptionService::test_service_creation PASSED [ 38%]
tests/unit/test_data_sync_encryption_service.py::TestDataSyncEncryptionService::test_derive_key_from_password PASSED [ 38%]
tests/unit/test_data_sync_encryption_service.py::TestDataSyncEncryptionService::test_create_export_package PASSED [ 38%]
tests/unit/test_data_sync_encryption_service.py::TestDataSyncEncryptionService::test_parse_import_package_success PASSED [ 38%]
tests/unit/test_data_sync_encryption_service.py::TestDataSyncEncryptionService::test_parse_import_package_wrong_password PASSED [ 38%]
tests/unit/test_data_sync_encryption_service.py::TestDataSyncEncryptionService::test_parse_import_package_too_small PASSED [ 38%]
tests/unit/test_data_sync_encryption_service.py::TestDataSyncEncryptionService::test_parse_import_package_invalid_magic PASSED [ 38%]
tests/unit/test_data_sync_encryption_service.py::TestDataSyncEncryptionService::test_parse_import_package_invalid_version PASSED [ 38%]
tests/unit/test_data_sync_encryption_service.py::TestDataSyncEncryptionService::test_parse_import_package_checksum_mismatch PASSED [ 38%]
tests/unit/test_data_sync_encryption_service.py::TestDataSyncEncryptionService::test_calculate_file_hash PASSED [ 38%]
tests/unit/test_data_sync_encryption_service.py::TestDataSyncEncryptionService::test_calculate_file_hash_empty_file PASSED [ 38%]
tests/unit/test_data_sync_encryption_service.py::TestDataSyncEncryptionService::test_calculate_file_hash_large_file PASSED [ 38%]
tests/unit/test_data_sync_encryption_service.py::TestDataSyncEncryptionService::test_hash_password PASSED [ 38%]
tests/unit/test_data_sync_encryption_service.py::TestDataSyncEncryptionService::test_verify_password_correct PASSED [ 38%]
tests/unit/test_data_sync_encryption_service.py::TestDataSyncEncryptionService::test_verify_password_incorrect PASSED [ 38%]
tests/unit/test_data_sync_encryption_service.py::TestDataSyncEncryptionService::test_verify_password_different_passwords PASSED [ 38%]
tests/unit/test_data_sync_encryption_service.py::TestGlobalInstance::test_global_instance_exists PASSED [ 38%]
tests/unit/test_data_sync_encryption_service.py::TestGlobalInstance::test_global_instance_is_service PASSED [ 38%]
tests/unit/test_data_sync_enhanced.py::TestValidateIdentifier::test_valid_identifier PASSED [ 38%]
tests/unit/test_data_sync_enhanced.py::TestValidateIdentifier::test_empty_identifier PASSED [ 38%]
tests/unit/test_data_sync_enhanced.py::TestValidateIdentifier::test_invalid_chars PASSED [ 38%]
tests/unit/test_data_sync_enhanced.py::TestValidateTableName::test_valid_table PASSED [ 38%]
tests/unit/test_data_sync_enhanced.py::TestValidateTableName::test_table_not_registered PASSED [ 38%]
tests/unit/test_data_sync_enhanced.py::TestValidateTableName::test_invalid_name PASSED [ 38%]
tests/unit/test_data_sync_enhanced.py::TestGetTableObject::test_returns_table PASSED [ 38%]
tests/unit/test_data_sync_enhanced.py::TestSignAndVerify::test_sign_data_package_string_secret PASSED [ 38%]
tests/unit/test_data_sync_enhanced.py::TestSignAndVerify::test_sign_data_package_bytes_secret PASSED [ 38%]
tests/unit/test_data_sync_enhanced.py::TestSignAndVerify::test_verify_valid PASSED [ 38%]
tests/unit/test_data_sync_enhanced.py::TestSignAndVerify::test_verify_invalid PASSED [ 38%]
tests/unit/test_data_sync_enhanced.py::TestNormalizeValue::test_none PASSED [ 38%]
tests/unit/test_data_sync_enhanced.py::TestNormalizeValue::test_datetime_naive PASSED [ 38%]
tests/unit/test_data_sync_enhanced.py::TestNormalizeValue::test_datetime_with_tz PASSED [ 39%]
tests/unit/test_data_sync_enhanced.py::TestNormalizeValue::test_decimal PASSED [ 39%]
tests/unit/test_data_sync_enhanced.py::TestNormalizeValue::test_iso_string PASSED [ 39%]
tests/unit/test_data_sync_enhanced.py::TestNormalizeValue::test_iso_string_with_offset PASSED [ 39%]
tests/unit/test_data_sync_enhanced.py::TestNormalizeValue::test_invalid_iso_string PASSED [ 39%]
tests/unit/test_data_sync_enhanced.py::TestNormalizeValue::test_plain_string PASSED [ 39%]
tests/unit/test_data_sync_enhanced.py::TestNormalizeValue::test_other_type PASSED [ 39%]
tests/unit/test_data_sync_enhanced.py::TestFieldLevelConflictDetector::test_no_conflicts PASSED [ 39%]
tests/unit/test_data_sync_enhanced.py::TestFieldLevelConflictDetector::test_with_conflicts PASSED [ 39%]
tests/unit/test_data_sync_enhanced.py::TestFieldLevelConflictDetector::test_custom_ignore_fields PASSED [ 39%]
tests/unit/test_data_sync_enhanced.py::TestFieldLevelConflictDetector::test_missing_key_field_in_record PASSED [ 39%]
tests/unit/test_data_sync_enhanced.py::TestFieldLevelConflictDetector::test_no_common_keys PASSED [ 39%]
tests/unit/test_data_sync_enhanced.py::TestFieldLevelConflictDetector::test_normalized_equality_no_conflict PASSED [ 39%]
tests/unit/test_data_sync_enhanced.py::TestFieldLevelConflictDetector::test_all_fields_ignored PASSED [ 39%]
tests/unit/test_data_sync_enhanced.py::TestImportDryRunResult::test_can_import_true PASSED [ 39%]
tests/unit/test_data_sync_enhanced.py::TestImportDryRunResult::test_can_import_false PASSED [ 39%]
tests/unit/test_data_sync_enhanced.py::TestImportDryRunResult::test_summary PASSED [ 39%]
tests/unit/test_data_sync_enhanced.py::TestDryRunImport::test_empty_records PASSED [ 39%]
tests/unit/test_data_sync_enhanced.py::TestDryRunImport::test_records_with_missing_pk PASSED [ 39%]
tests/unit/test_data_sync_enhanced.py::TestDryRunImport::test_chunk_query_exception PASSED [ 39%]
tests/unit/test_data_sync_enhanced.py::TestDryRunImport::test_new_and_update_rows PASSED [ 39%]
tests/unit/test_data_sync_enhanced.py::TestDryRunImport::test_multiple_chunks PASSED [ 39%]
tests/unit/test_data_sync_enhanced.py::TestGetChangedRecords::test_since_with_tz PASSED [ 39%]
tests/unit/test_data_sync_enhanced.py::TestGetChangedRecords::test_since_naive PASSED [ 39%]
tests/unit/test_data_sync_enhanced.py::TestGetChangedRecords::test_exception_returns_empty PASSED [ 39%]
tests/unit/test_data_sync_route.py::TestExportData::test_success PASSED  [ 39%]
tests/unit/test_data_sync_route.py::TestExportData::test_with_since PASSED [ 39%]
tests/unit/test_data_sync_route.py::TestExportData::test_with_modules_and_include_files PASSED [ 39%]
tests/unit/test_data_sync_route.py::TestExportData::test_invalid_since_format PASSED [ 39%]
tests/unit/test_data_sync_route.py::TestExportData::test_exception PASSED [ 39%]
tests/unit/test_data_sync_route.py::TestExportEncrypted::test_success PASSED [ 39%]
tests/unit/test_data_sync_route.py::TestExportEncrypted::test_selective_with_modules PASSED [ 39%]
tests/unit/test_data_sync_route.py::TestExportEncrypted::test_with_since PASSED [ 39%]
tests/unit/test_data_sync_route.py::TestExportEncrypted::test_invalid_export_type PASSED [ 39%]
tests/unit/test_data_sync_route.py::TestExportEncrypted::test_invalid_since_format PASSED [ 39%]
tests/unit/test_data_sync_route.py::TestExportEncrypted::test_exception PASSED [ 39%]
tests/unit/test_data_sync_route.py::TestDownloadExport::test_invalid_package_name PASSED [ 39%]
tests/unit/test_data_sync_route.py::TestDownloadExport::test_not_found PASSED [ 39%]
tests/unit/test_data_sync_route.py::TestDownloadExport::test_download_zip PASSED [ 39%]
tests/unit/test_data_sync_route.py::TestDownloadExport::test_download_rrs PASSED [ 39%]
tests/unit/test_data_sync_route.py::TestDownloadExport::test_path_traversal PASSED [ 39%]
tests/unit/test_data_sync_route.py::TestDownloadExport::test_exception PASSED [ 39%]
tests/unit/test_data_sync_route.py::TestImportData::test_success PASSED  [ 39%]
tests/unit/test_data_sync_route.py::TestImportData::test_bad_extension PASSED [ 39%]
tests/unit/test_data_sync_route.py::TestImportData::test_exception PASSED [ 39%]
tests/unit/test_data_sync_route.py::TestImportEncrypted::test_success PASSED [ 39%]
tests/unit/test_data_sync_route.py::TestImportEncrypted::test_bad_extension PASSED [ 39%]
tests/unit/test_data_sync_route.py::TestImportEncrypted::test_exception PASSED [ 39%]
tests/unit/test_data_sync_route.py::TestGetConflicts::test_success PASSED [ 39%]
tests/unit/test_data_sync_route.py::TestGetConflicts::test_empty PASSED  [ 39%]
tests/unit/test_data_sync_route.py::TestGetConflicts::test_exception PASSED [ 39%]
tests/unit/test_data_sync_route.py::TestResolveConflict::test_success_local PASSED [ 39%]
tests/unit/test_data_sync_route.py::TestResolveConflict::test_success_remote PASSED [ 39%]
tests/unit/test_data_sync_route.py::TestResolveConflict::test_success_merge PASSED [ 39%]
tests/unit/test_data_sync_route.py::TestResolveConflict::test_exception PASSED [ 39%]
tests/unit/test_data_sync_route.py::TestGetSyncLogs::test_success_without_filter FAILED [ 39%]

================================== FAILURES ===================================
_________________ TestGetSyncLogs.test_success_without_filter _________________
tests\unit\test_data_sync_route.py:379: in test_success_without_filter
    assert resp.json()["count"] == 1
           ^^^^^^^^^^^^^^^^^^^^
E   KeyError: 'count'
---------------------------- Captured stdout call -----------------------------
2026-07-06 22:15:47 [INFO] app.core.audit_middleware: GET /api/v1/data-sync/logs -> 200 (46ms) [user: anonymous]
2026-07-06 22:15:47 [INFO] app.request: GET /api/v1/data-sync/logs - 200 (0.049s) ip=testclient ua=testclient
2026-07-06 22:15:47 [INFO] httpx: HTTP Request: GET http://testserver/api/v1/data-sync/logs "HTTP/1.1 200 OK"
------------------------------ Captured log call ------------------------------
INFO     app.core.audit_middleware:audit_middleware.py:25 GET /api/v1/data-sync/logs -> 200 (46ms) [user: anonymous]
INFO     app.request:request_logger.py:104 GET /api/v1/data-sync/logs - 200 (0.049s) ip=testclient ua=testclient
INFO     httpx:_client.py:1025 HTTP Request: GET http://testserver/api/v1/data-sync/logs "HTTP/1.1 200 OK"
============================== warnings summary ===============================
tests/unit/test_audit_enhancement_service.py::TestRecordChanges::test_create_with_key_fields
  C:\Users\Administrator\AppData\Local\Programs\Python\Python311\Lib\unittest\mock.py:2096: RuntimeWarning: coroutine 'fire_and_forget.<locals>._wrapper' was never awaited
    setattr(_type, entry, MagicProxy(entry, self))
  Enable tracemalloc to get traceback where the object was allocated.
  See https://docs.pytest.org/en/stable/how-to/capture-warnings.html#resource-warnings for more info.

tests/unit/test_audit_enhancement_service.py::TestRecordChanges::test_create_with_key_fields
  C:\Users\Administrator\AppData\Local\Programs\Python\Python311\Lib\unittest\mock.py:2096: RuntimeWarning: coroutine 'TestFireAndForget.test_sync_fallback_asyncio_run_raises.<locals>.dummy' was never awaited
    setattr(_type, entry, MagicProxy(entry, self))
  Enable tracemalloc to get traceback where the object was allocated.
  See https://docs.pytest.org/en/stable/how-to/capture-warnings.html#resource-warnings for more info.

tests/unit/test_data_packages.py::TestImportDataPackage::test_not_zip
tests/unit/test_data_packages.py::TestImportDataPackage::test_empty_file
  C:\military-Rural Revitalization-system\backend\.venv\Lib\site-packages\fastapi\routing.py:328: StarletteDeprecationWarning: 'HTTP_422_UNPROCESSABLE_ENTITY' is deprecated. Use 'HTTP_422_UNPROCESSABLE_CONTENT' instead.
    return await dependant.call(**values)

-- Docs: https://docs.pytest.org/en/stable/how-to/capture-warnings.html
=========================== short test summary info ===========================
FAILED tests/unit/test_data_sync_route.py::TestGetSyncLogs::test_success_without_filter
!!!!!!!!!!!!!!!!!!!!!!!!!! stopping after 1 failures !!!!!!!!!!!!!!!!!!!!!!!!!!
=========== 1 failed, 3370 passed, 4 warnings in 1085.79s (0:18:05) ===========
