============================= test session starts =============================
platform win32 -- Python 3.11.0, pytest-9.0.3, pluggy-1.6.0
rootdir: c:\military-Rural Revitalization-system\backend
configfile: pytest.ini (WARNING: ignoring pytest config in pyproject.toml!)
plugins: anyio-4.13.0, asyncio-1.3.0, cov-7.0.0, timeout-2.4.0, xdist-3.8.0
asyncio: mode=Mode.AUTO, debug=False, asyncio_default_fixture_loop_scope=None, asyncio_default_test_loop_scope=function
timeout: 60.0s
timeout method: thread
timeout func_only: False
2026-07-06 22:08:00 [INFO] app.core.logging_config: 日志系统已初始化 level=INFO
2026-07-06 22:08:01 [INFO] app.services.audit_event_handler: 审计事件监听已启用——26 个模型
  加载路由模块...
2026-07-06 22:08:20 [INFO] app.services.sentiment.crawler_service: 爬虫服务已禁用（离线模式）。设置 ENABLE_CRAWLER=true 以启用。
2026-07-06 22:08:20,687 - app.api.v1 - INFO - 路由加载完成: 成功 42/42 个
2026-07-06 22:08:20 [INFO] app.api.v1: 路由加载完成: 成功 42/42 个
  路由加载完成 (23.8s)
collected 8891 items

tests\integration\test_audit_integration.py .................            [  0%]
tests\unit\test_coverage_gap_batch3.py ................................. [  0%]
........................................................................ [  1%]
........................................................................ [  2%]
                                                                         [  2%]
tests\unit\test_data_dashboard_api.py .................................. [  2%]
.                                                                        [  2%]
tests\unit\test_fund_budgets_api.py ..................                   [  2%]
tests\unit\test_project_milestones_api.py ...................            [  2%]
tests\unit\test_rbac_transactional.py .................................. [  3%]
...                                                                      [  3%]
tests\unit\test_statistics_api.py ...........                            [  3%]
tests\unit\test_unified_template.py ................                     [  3%]
tests\integration\test_api_coverage.py ..........................        [  4%]
tests\integration\test_auth_integration.py .......................       [  4%]
tests\integration\test_comprehensive_functional.py ..................... [  4%]
....................................................                     [  5%]
tests\integration\test_encrypted_package_flow.py ..                      [  5%]
tests\integration\test_policies_integration.py .................         [  5%]
tests\integration\test_search_api.py ..............                      [  5%]
tests\integration\test_users_integration.py ...........................  [  5%]
tests\security\test_audit.py ...                                         [  5%]
tests\security\test_data_isolation.py .........                          [  5%]
tests\security\test_retry.py ......                                      [  5%]
tests\test_approval_idempotency.py ..........                            [  6%]
tests\test_approval_workflow.py .........................                [  6%]
tests\test_batch_operations.py .....                                     [  6%]
tests\test_comprehensive.py ...                                          [  6%]
tests\test_data_masking_service.py ...............                       [  6%]
tests\test_database_health.py ...........                                [  6%]
tests\test_encryption_service.py ................                        [  6%]
tests\test_funds_enhanced.py ...............                             [  7%]
tests\test_offline_map.py .......                                        [  7%]
tests\test_organization_management.py ..............                     [  7%]
tests\test_permission_fix.py ...                                         [  7%]
tests\test_permission_utils.py ...........                               [  7%]
tests\test_smoke.py .......                                              [  7%]
tests\test_system_admin.py ..........                                    [  7%]
tests\test_user_management.py .............                              [  7%]
tests\test_work_log_validation.py ........                               [  7%]
tests\unit\api\v1\test_deps.py ........                                  [  7%]
tests\unit\interfaces\schemas\test_responses.py ............             [  8%]
tests\unit\middleware\test_all_middleware.py ........................... [  8%]
...........                                                              [  8%]
tests\unit\services\zero_trust\test_device_fingerprint.py .............. [  8%]
................                                                         [  8%]
tests\unit\services\zero_trust\test_dynamic_permission.py ..             [  8%]
tests\unit\test_aes_gcm_cipher.py ................                       [  9%]
tests\unit\test_ai_service.py ......................                     [  9%]
tests\unit\test_ai_service_complete.py ................................. [  9%]
...                                                                      [  9%]
tests\unit\test_ai_services_full.py ............                         [  9%]
tests\unit\test_alert_service.py .........                               [  9%]
tests\unit\test_all_models_import.py ...................                 [ 10%]
tests\unit\test_analytics_service.py ................................... [ 10%]
............                                                             [ 10%]
tests\unit\test_anomaly_detection_service_complete.py .................. [ 10%]
                                                                         [ 10%]
tests\unit\test_api_approval_full.py ...................                 [ 11%]
tests\unit\test_api_assessment_full.py .......                           [ 11%]
tests\unit\test_api_auth_full.py ........................                [ 11%]
tests\unit\test_api_coverage.py ........................................ [ 11%]
....                                                                     [ 11%]
tests\unit\test_api_data_statistics_full.py ...................          [ 12%]
tests\unit\test_api_endpoints_additional.py ..........................   [ 12%]
tests\unit\test_api_error.py ..............                              [ 12%]
tests\unit\test_api_fund_lifecycle_full.py ...................           [ 12%]
tests\unit\test_api_funds_full.py .....................                  [ 13%]
tests\unit\test_api_health_full.py ...........                           [ 13%]
tests\unit\test_api_layer_full.py ..........                             [ 13%]
tests\unit\test_api_map_full.py .............                            [ 13%]
tests\unit\test_api_messages_full.py ...............                     [ 13%]
tests\unit\test_api_policy_full.py ..............                        [ 13%]
tests\unit\test_api_projects_full.py .................                   [ 14%]
tests\unit\test_api_rural_tasks_full.py ................                 [ 14%]
tests\unit\test_api_schools_full.py ................                     [ 14%]
tests\unit\test_approval.py ............................................ [ 14%]
.....                                                                    [ 14%]
tests\unit\test_approval_init.py ..                                      [ 14%]
tests\unit\test_approval_workflow_service.py ........................... [ 15%]
...............................................                          [ 15%]
tests\unit\test_assessment_api.py ...................................... [ 16%]
..............................................                           [ 16%]
tests\unit\test_async_executor.py ...............                        [ 16%]
tests\unit\test_async_export.py ............................             [ 17%]
tests\unit\test_async_export_service.py .........................        [ 17%]
tests\unit\test_async_utils.py .......................                   [ 17%]
tests\unit\test_audit_enhancement_service.py ........................... [ 18%]
......                                                                   [ 18%]
tests\unit\test_audit_event_handler.py ................................  [ 18%]
tests\unit\test_audit_middleware.py .....                                [ 18%]
tests\unit\test_audit_service.py ....................................... [ 18%]
.                                                                        [ 18%]
tests\unit\test_audit_type_validation.py ..........................      [ 19%]
tests\unit\test_auth_auth_api.py ....................................... [ 19%]
.........                                                                [ 19%]
tests\unit\test_auth_user_management_api.py ............................ [ 20%]
........                                                                 [ 20%]
tests\unit\test_auth_users_api.py ...................................... [ 20%]
.................                                                        [ 20%]
tests\unit\test_auto_backup.py ......................                    [ 21%]
tests\unit\test_backup.py .........................                      [ 21%]
tests\unit\test_backup_scheduler.py ................................     [ 21%]
tests\unit\test_backup_scheduler_simple.py ........                      [ 21%]
tests\unit\test_backup_service.py ...................................... [ 22%]
................................................................         [ 22%]
tests\unit\test_backup_service_full.py ...................               [ 23%]
tests\unit\test_batch_import_optimizer.py .....................          [ 23%]
tests\unit\test_batch_operations.py ..............................       [ 23%]
tests\unit\test_batch_service.py .....................................   [ 24%]
tests\unit\test_business_metrics_service.py ..........................   [ 24%]
tests\unit\test_cache_service.py .........                               [ 24%]
tests\unit\test_cache_service_complete.py .............................. [ 24%]
.........................                                                [ 25%]
tests\unit\test_cache_settings.py ......                                 [ 25%]
tests\unit\test_chunked_upload_service.py .............................. [ 25%]
.........................................                                [ 26%]
tests\unit\test_common_utils.py ........................................ [ 26%]
..................................................                       [ 27%]
tests\unit\test_config_core.py ...................                       [ 27%]
tests\unit\test_config_package.py ......................                 [ 27%]
tests\unit\test_config_package_service_complete.py ..................... [ 27%]
........                                                                 [ 27%]
tests\unit\test_config_validator.py ............................         [ 28%]
tests\unit\test_cookie_security.py ...............                       [ 28%]
tests\unit\test_core.py ................................................ [ 28%]
...................                                                      [ 29%]
tests\unit\test_core_auth_root.py ...                                    [ 29%]
tests\unit\test_core_constants.py .......                                [ 29%]
tests\unit\test_core_events.py ....................                      [ 29%]
tests\unit\test_core_logging.py ...                                      [ 29%]
tests\unit\test_core_middleware.py ...............                       [ 29%]
tests\unit\test_core_modules.py ..........................               [ 29%]
tests\unit\test_core_modules_full.py ...................                 [ 30%]
tests\unit\test_core_performance.py ...............                      [ 30%]
tests\unit\test_core_security.py ....................................... [ 30%]
........................................................................ [ 31%]
............                                                             [ 31%]
tests\unit\test_core_transaction.py .................................... [ 32%]
..........                                                               [ 32%]
tests\unit\test_core_upload_security.py ................................ [ 32%]
...............................                                          [ 32%]
tests\unit\test_coverage_gap_batch1.py ................................. [ 33%]
........................................................................ [ 34%]
........                                                                 [ 34%]
tests\unit\test_cursor_pagination.py ................................... [ 34%]
..................                                                       [ 34%]
tests\unit\test_data_analytics_api.py .................................  [ 35%]
tests\unit\test_data_cleaning_service.py ............................... [ 35%]
...................                                                      [ 35%]
tests\unit\test_data_isolation_fix.py .................................. [ 36%]
.....                                                                    [ 36%]
tests\unit\test_data_masking_service.py ................................ [ 36%]
.......................                                                  [ 36%]
tests\unit\test_data_package_service.py ................................ [ 37%]
..................................................                       [ 37%]
tests\unit\test_data_packages.py ....................................... [ 38%]
......................................                                   [ 38%]
tests\unit\test_data_packages_api.py .........                           [ 38%]
tests\unit\test_data_permission.py .............................         [ 38%]
tests\unit\test_data_quality_api.py .....................                [ 39%]
tests\unit\test_data_quality_scorer.py ......                            [ 39%]
tests\unit\test_data_report_service.py ..                                [ 39%]
tests\unit\test_data_report_service_complete.py ........................ [ 39%]
............                                                             [ 39%]
tests\unit\test_data_reports.py ........................................ [ 40%]
.............................                                            [ 40%]
tests\unit\test_data_reports_api_2.py .................................. [ 40%]
............                                                             [ 40%]
tests\unit\test_data_scope.py .............................              [ 41%]
tests\unit\test_data_sync_encryption_service.py ..................       [ 41%]
tests\unit\test_data_sync_enhanced.py .................................. [ 41%]
....                                                                     [ 41%]
tests\unit\test_data_sync_route.py ..............................FF.     [ 42%]
tests\unit\test_data_sync_service.py ................................... [ 42%]
........................................                                 [ 43%]
tests\unit\test_data_tier.py .....................................       [ 43%]
tests\unit\test_data_tier_service.py ................................... [ 43%]
..                                                                       [ 43%]
tests\unit\test_data_validator_service.py .............................. [ 44%]
........................................................................ [ 45%]
........................................                                 [ 45%]
tests\unit\test_database_core.py ..........................              [ 45%]
tests\unit\test_database_enhanced.py ...                                 [ 45%]
tests\unit\test_database_health_service.py ............................. [ 46%]
......                                                                   [ 46%]
tests\unit\test_database_indexes.py .........                            [ 46%]
tests\unit\test_database_root.py .........                               [ 46%]
tests\unit\test_db_error_handler.py .................................... [ 46%]
........                                                                 [ 47%]
tests\unit\test_db_maintenance_full.py ........................          [ 47%]
tests\unit\test_db_maintenance_service.py .........                      [ 47%]
tests\unit\test_deep_services.py ..........                              [ 47%]
tests\unit\test_deep_svc2.py .................                           [ 47%]
tests\unit\test_docx_service.py ............                             [ 47%]
tests\unit\test_effectiveness_service_complete.py ...............        [ 47%]
tests\unit\test_encryption_route.py .......                              [ 48%]
tests\unit\test_encryption_service_complete.py ......................    [ 48%]
tests\unit\test_entity_import_validator.py .......................       [ 48%]
tests\unit\test_error_handler.py .......................                 [ 48%]
tests\unit\test_event_bus.py .........                                   [ 48%]
tests\unit\test_event_bus_enhanced.py ...2026-07-06 22:35:33 [WARNING] assistance_management: 未找到 test.event 的事件处理器
.......                         [ 49%]
tests\unit\test_event_bus_full.py ...................................... [ 49%]
..2026-07-06 22:35:34 [WARNING] assistance_management: 未找到 t 的事件处理器
...........                                                            [ 49%]
tests\unit\test_excel_importer_service.py .............................. [ 49%]
.....................                                                    [ 50%]
tests\unit\test_excel_template_service.py .....                          [ 50%]
tests\unit\test_export.py ......................................         [ 50%]
tests\unit\test_export_service.py ..........                             [ 50%]
tests\unit\test_export_service_full.py ...........                       [ 50%]
tests\unit\test_feedback_api.py ........................................ [ 51%]
................                                                         [ 51%]
tests\unit\test_field_diff_tracker.py ......                             [ 51%]
tests\unit\test_file_response_utils.py ................                  [ 51%]
tests\unit\test_file_upload_comprehensive.py ..........................  [ 52%]
tests\unit\test_file_utils.py .......................................    [ 52%]
tests\unit\test_fixes.py ........................                        [ 52%]
tests\unit\test_fund_anomaly_detector.py ............................... [ 53%]
.....................                                                    [ 53%]
tests\unit\test_fund_anomaly_engine.py ........                          [ 53%]
tests\unit\test_fund_event_handler.py ......                             [ 53%]
tests\unit\test_fund_health_service.py .............                     [ 53%]
tests\unit\test_fund_lifecycle_api.py .................................. [ 54%]
........................................................................ [ 54%]
........................................................................ [ 55%]
............                                                             [ 55%]
tests\unit\test_fund_project_linker.py .....                             [ 55%]
tests\unit\test_fund_service.py ..................................       [ 56%]
tests\unit\test_funds_api_extended.py .................................. [ 56%]
........................................................................ [ 57%]
.............                                                            [ 57%]
tests\unit\test_health_api.py ......                                     [ 57%]
tests\unit\test_health_service.py ..........                             [ 57%]
tests\unit\test_helpers_utils.py ....................................... [ 58%]
................                                                         [ 58%]
tests\unit\test_i18n.py ...............                                  [ 58%]
tests\unit\test_import_conflict_detector.py .........                    [ 58%]
tests\unit\test_import_data.py ................................FF.....   [ 59%]
tests\unit\test_import_export_history_service.py .......                 [ 59%]
tests\unit\test_import_export_history_service_full.py .................. [ 59%]
..                                                                       [ 59%]
tests\unit\test_input_validation.py .................................... [ 59%]
.....................................                                    [ 60%]
tests\unit\test_input_validator_utils.py ............................... [ 60%]
..............                                                           [ 60%]
tests\unit\test_json_encoder.py ....................                     [ 60%]
tests\unit\test_lockout_service.py ..............................        [ 61%]
tests\unit\test_log_export_service.py .................................. [ 61%]
..........                                                               [ 61%]
tests\unit\test_machine_code_api.py .................................... [ 62%]
...................                                                      [ 62%]
tests\unit\test_machine_code_permission_service.py ..................... [ 62%]
.......                                                                  [ 62%]
tests\unit\test_machine_code_service.py ...........................      [ 63%]
tests\unit\test_main_app.py ............................................ [ 63%]
........................................                                 [ 63%]
tests\unit\test_map.py .........................................         [ 64%]
tests\unit\test_menu_api.py ...                                          [ 64%]
tests\unit\test_menu_api_extended.py ................................... [ 64%]
...................                                                      [ 65%]
tests\unit\test_message_service.py .........................             [ 65%]
tests\unit\test_message_template_service.py ............................ [ 65%]
...............................                                          [ 66%]
tests\unit\test_metrics_service.py .                                     [ 66%]
tests\unit\test_middleware_ALL.py ...................................... [ 66%]
...................................                                      [ 66%]
tests\unit\test_middleware_modules.py .........                          [ 66%]
tests\unit\test_migration_helper.py ..........................           [ 67%]
tests\unit\test_mock_data.py .......................................     [ 67%]
tests\unit\test_monitoring_service.py .............................      [ 68%]
tests\unit\test_nlp_query_service_complete.py .......................... [ 68%]
.                                                                        [ 68%]
tests\unit\test_notification_preference_service.py ..................... [ 68%]
...........................                                              [ 68%]
tests\unit\test_offline_map_service.py ...................               [ 69%]
tests\unit\test_organization_api.py FFF................................. [ 69%]
.......................                                                  [ 69%]
tests\unit\test_organization_permission_service.py ..................... [ 69%]
.................................                                        [ 70%]
tests\unit\test_organization_service.py .......                          [ 70%]
tests\unit\test_organization_service_full.py ............                [ 70%]
tests\unit\test_package_version_service.py ..........                    [ 70%]
tests\unit\test_pagination_utils.py .................................... [ 71%]
                                                                         [ 71%]
tests\unit\test_password_encryption_service.py .................         [ 71%]
tests\unit\test_paths.py ............................................... [ 71%]
......                                                                   [ 71%]
tests\unit\test_pdf_service.py .......................                   [ 72%]
tests\unit\test_performance_api.py .....................                 [ 72%]
tests\unit\test_permission_filter.py ................................    [ 72%]
tests\unit\test_permission_utils.py .................................... [ 73%]
..........................................                               [ 73%]
tests\unit\test_phase_budget_service.py ......                           [ 73%]
tests\unit\test_phase_init_service.py .........                          [ 73%]
tests\unit\test_policy_api.py .......................................... [ 74%]
..........F..F................................F.                         [ 74%]
tests\unit\test_policy_fts_search.py ......                              [ 74%]
tests\unit\test_policy_fts_service.py ..............                     [ 74%]
tests\unit\test_policy_service.py ................                       [ 75%]
tests\unit\test_projects_api.py ........................................ [ 75%]
...............................                                          [ 75%]
tests\unit\test_prophet_status.py .......                                [ 76%]
tests\unit\test_query_analyzer_service.py .............................. [ 76%]
                                                                         [ 76%]
tests\unit\test_query_counter.py .......                                 [ 76%]
tests\unit\test_query_optimizer.py ................................      [ 76%]
tests\unit\test_query_optimizer_enhanced.py ...                          [ 76%]
tests\unit\test_rbac_line_303.py ..                                      [ 76%]
tests\unit\test_rbac_service.py ...........                              [ 77%]
tests\unit\test_rbac_service_simple.py .....                             [ 77%]
tests\unit\test_recommendation_service_complete.py ..................    [ 77%]
tests\unit\test_redis_adapter.py .........                               [ 77%]
tests\unit\test_reminder_engine.py .....                                 [ 77%]
tests\unit\test_reminder_service.py ...................                  [ 77%]
tests\unit\test_report_export_service.py .........                       [ 77%]
tests\unit\test_report_service.py ................................       [ 78%]
tests\unit\test_report_templates_api.py ................................ [ 78%]
...........................                                              [ 78%]
tests\unit\test_resource_limiter.py .......                              [ 78%]
tests\unit\test_resource_limiter_complete.py ..........................  [ 79%]
tests\unit\test_resource_monitor.py ......                               [ 79%]
tests\unit\test_retry.py .............                                   [ 79%]
tests\unit\test_runtime_secrets.py ..........................            [ 79%]
tests\unit\test_rural_tasks_api.py ..................................... [ 80%]
....................                                                     [ 80%]
tests\unit\test_rural_work_service.py .................................. [ 80%]
..................                                                       [ 80%]
tests\unit\test_scheduler_tasks.py ..........................            [ 81%]
tests\unit\test_schemas_all.py ...............                           [ 81%]
tests\unit\test_school_api.py ......                                     [ 81%]
tests\unit\test_school_api_large.py ........................F........... [ 81%]
..................................FF...................                  [ 82%]
tests\unit\test_search_api.py .........                                  [ 82%]
tests\unit\test_secrets_manager_complete.py ...................          [ 82%]
tests\unit\test_secrets_manager_full.py .......................          [ 82%]
tests\unit\test_security_enhanced.py .................                   [ 83%]
tests\unit\test_sentiment_analysis_service_complete.py ................. [ 83%]
................                                                         [ 83%]
tests\unit\test_sentiment_services.py ...........                        [ 83%]
tests\unit\test_slow_request_monitor.py ................                 [ 83%]
tests\unit\test_sm_crypto.py ....................................        [ 84%]
tests\unit\test_smart_conflict_resolver.py ............................. [ 84%]
....................                                                     [ 84%]
tests\unit\test_smart_report.py ......                                   [ 84%]
tests\unit\test_static_files.py .......                                  [ 84%]
tests\unit\test_supported_village_api.py ............................... [ 85%]
...........................                                              [ 85%]
tests\unit\test_supported_village_export_service.py .................... [ 85%]
.......................                                                  [ 86%]
tests\unit\test_supported_village_service.py ..                          [ 86%]
tests\unit\test_svc_batch.py ........................................    [ 86%]
tests\unit\test_sync_api.py .                                            [ 86%]
tests\unit\test_system_admin_api.py .................................... [ 86%]
.....                                                                    [ 87%]
tests\unit\test_system_audit_api.py ..............................FFFF.. [ 87%]
.........FFFFF.FFFFF..........                                           [ 87%]
tests\unit\test_system_config_helpers.py ............................... [ 88%]
.......                                                                  [ 88%]
tests\unit\test_system_config_service.py ............................... [ 88%]
....................                                                     [ 88%]
tests\unit\test_system_health_api.py ..............                      [ 88%]
tests\unit\test_system_health_route.py .........................         [ 89%]
tests\unit\test_system_help_api.py ..............                        [ 89%]
tests\unit\test_system_init_api.py .........                             [ 89%]
tests\unit\test_system_metrics_api.py ...................                [ 89%]
tests\unit\test_system_monitor_api.py ...........................        [ 90%]
tests\unit\test_system_system_api.py ........                            [ 90%]
tests\unit\test_system_update_logs_api.py .................              [ 90%]
tests\unit\test_system_zero_trust_api.py ............................... [ 90%]
........                                                                 [ 90%]
tests\unit\test_task_queue.py .......................................... [ 91%]
..                                                                       [ 91%]
tests\unit\test_template_service.py ......                               [ 91%]
tests\unit\test_todos_api.py ................                            [ 91%]
tests\unit\test_token_blacklist.py ......................                [ 91%]
tests\unit\test_token_blacklist_service.py ........                      [ 91%]
tests\unit\test_token_blacklist_service_full.py .................        [ 91%]
tests\unit\test_token_manager.py ...................................     [ 92%]
tests\unit\test_two_factor_api.py ...........                            [ 92%]
tests\unit\test_two_factor_service.py .......................            [ 92%]
tests\unit\test_user_cascade_delete_service.py ....................      [ 92%]
tests\unit\test_user_info.py ...........                                 [ 93%]
tests\unit\test_user_model_enhanced.py ......                            [ 93%]
tests\unit\test_user_permission_service.py ............................. [ 93%]
..........................................                               [ 93%]
tests\unit\test_user_permissions.py ...................................  [ 94%]
tests\unit\test_user_service.py .................                        [ 94%]
tests\unit\test_validation.py .......................................... [ 95%]
....................                                                     [ 95%]
tests\unit\test_validation_engine_service_complete.py .................. [ 95%]
.........                                                                [ 95%]
tests\unit\test_version_service.py ..................................... [ 95%]
..                                                                       [ 96%]
tests\unit\test_village_cascade_delete_service.py ........               [ 96%]
tests\unit\test_village_data_permission.py ...                           [ 96%]
tests\unit\test_village_mixins.py .............                          [ 96%]
tests\unit\test_villages_api.py ......                                   [ 96%]
tests\unit\test_win_proactor_fix.py ...................................  [ 96%]
tests\unit\test_work_log_service.py .........                            [ 96%]
tests\unit\test_work_logs_api.py ....................................... [ 97%]
........................................................................ [ 98%]
.............                                                            [ 98%]
tests\unit\utils\test_audit_logger.py ............                       [ 98%]
tests\unit\utils\test_chart.py ..............                            [ 98%]
tests\unit\utils\test_core_database_compat.py ...................        [ 98%]
tests\unit\utils\test_core_structured_logging.py ..................      [ 98%]
tests\unit\utils\test_database_init.py ....................              [ 99%]
tests\unit\utils\test_database_migration.py .......                      [ 99%]
tests\unit\utils\test_db_metrics.py .......                              [ 99%]
tests\unit\utils\test_db_performance.py ......................           [ 99%]
tests\unit\utils\test_email.py .........                                 [ 99%]
tests\unit\utils\test_init_permissions.py ........                       [ 99%]
tests\unit\utils\test_secret_migration.py .............                  [ 99%]
tests\unit\utils\test_system_metrics.py ........                         [100%]

================================== FAILURES ===================================
E   KeyError: 'count'
---------------------------- Captured stdout call -----------------------------
2026-07-06 22:34:35 [INFO] app.core.audit_middleware: GET /api/v1/data-sync/logs -> 200 (156ms) [user: anonymous]\r\n2026-07-06 22:34:35 [WARNING] app.core.audit_middleware: api_access_logs \ufffd\ufffd\ufffd\u02a7\ufffd\ufffd: (sqlite3.OperationalError) no such table: api_access_logs\r\n[SQL: INSERT INTO api_access_logs (user_id, username, endpoint, method, response_status, response_time_ms, ip_address, user_agent, session_id) VALUES (?, ?, ?, ?, ?, ?, ?, ?, ?) RETURNING id, created_at]\r\n[parameters: (None, None, '/api/v1/data-sync/logs', 'GET', 200, 156, 'testclient', 'testclient', None)]\r\n(Background on this error at: https://sqlalche.me/e/20/e3q8)\r\nTraceback (most recent call last):\r\n  File "c:\\military-Rural Revitalization-system\\backend\\.venv\\Lib\\site-packages\\sqlalchemy\\engine\\base.py", line 1969, in _exec_single_context\r\n    self.dialect.do_execute(\r\n  File "c:\\military-Rural Revitalization-system\\backend\\.venv\\Lib\\site-packages\\sqlalchemy\\engine\\default.py", line 952, in do_execute\r\n    cursor.execute(statement, parameters)\r\nsqlite3.OperationalError: no such table: api_access_logs\r\n\r\nThe above exception was the direct cause of the following exception:\r\n\r\nTraceback (most recent call last):\r\n  File "c:\\military-Rural Revitalization-system\\backend\\app\\core\\audit_middleware.py", line 102, in _persist_api_access_log\r\n    db.commit()\r\n  File "c:\\military-Rural Revitalization-system\\backend\\.venv\\Lib\\site-packages\\sqlalchemy\\orm\\session.py", line 2034, in commit\r\n    trans.commit(_to_root=True)\r\n  File "<string>", line 2, in commit\r\n  File "c:\\military-Rural Revitalization-system\\backend\\.venv\\Lib\\site-packages\\sqlalchemy\\orm\\state_changes.py", line 137, in _go\r\n    ret_value = fn(self, *arg, **kw)\r\n                ^^^^^^^^^^^^^^^^^^^^\r\n  File "c:\\military-Rural Revitalization-system\\backend\\.venv\\Lib\\site-packages\\sqlalchemy\\orm\\session.py", line 1315, in commit\r\n    self._prepare_impl()\r\n  File "<string>", line 2, in _prepare_impl\r\n  File "c:\\military-Rural Revitalization-system\\backend\\.venv\\Lib\\site-packages\\sqlalchemy\\orm\\state_changes.py", line 137, in _go\r\n    ret_value = fn(self, *arg, **kw)\r\n                ^^^^^^^^^^^^^^^^^^^^\r\n  File "c:\\military-Rural Revitalization-system\\backend\\.venv\\Lib\\site-packages\\sqlalchemy\\orm\\session.py", line 1290, in _prepare_impl\r\n    self.session.flush()\r\n  File "c:\\military-Rural Revitalization-system\\backend\\.venv\\Lib\\site-packages\\sqlalchemy\\orm\\session.py", line 4352, in flush\r\n    self._flush(objects)\r\n  File "c:\\military-Rural Revitalization-system\\backend\\.venv\\Lib\\site-packages\\sqlalchemy\\orm\\session.py", line 4487, in _flush\r\n    with util.safe_reraise():\r\n  File "c:\\military-Rural Revitalization-system\\backend\\.venv\\Lib\\site-packages\\sqlalchemy\\util\\langhelpers.py", line 122, in __exit__\r\n    raise exc_value.with_traceback(exc_tb)\r\n  File "c:\\military-Rural Revitalization-system\\backend\\.venv\\Lib\\site-packages\\sqlalchemy\\orm\\session.py", line 4448, in _flush\r\n    flush_context.execute()\r\n  File "c:\\military-Rural Revitalization-system\\backend\\.venv\\Lib\\site-packages\\sqlalchemy\\orm\\unitofwork.py", line 465, in execute\r\n    rec.execute(self)\r\n  File "c:\\military-Rural Revitalization-system\\backend\\.venv\\Lib\\site-packages\\sqlalchemy\\orm\\unitofwork.py", line 641, in execute\r\n    util.preloaded.orm_persistence.save_obj(\r\n  File "c:\\military-Rural Revitalization-system\\backend\\.venv\\Lib\\site-packages\\sqlalchemy\\orm\\persistence.py", line 94, in save_obj\r\n    _emit_insert_statements(\r\n  File "c:\\military-Rural Revitalization-system\\backend\\.venv\\Lib\\site-packages\\sqlalchemy\\orm\\persistence.py", line 1234, in _emit_insert_statements\r\n    result = connection.execute(\r\n             ^^^^^^^^^^^^^^^^^^^\r\n  File "c:\\military-Rural Revitalization-system\\backend\\.venv\\Lib\\site-packages\\sqlalchemy\\engine\\base.py", line 1421, in execute\r\n    return meth(\r\n           ^^^^^\r\n  File "c:\\military-Rural Revitalization-system\\backend\\.venv\\Lib\\site-packages\\sqlalchemy\\sql\\elements.py", line 526, in _execute_on_connection\r\n    return connection._execute_clauseelement(\r\n           ^^^^^^^^^^^^^^^^^^^^^^^^^^^^^^^^^^\r\n  File "c:\\military-Rural Revitalization-system\\backend\\.venv\\Lib\\site-packages\\sqlalchemy\\engine\\base.py", line 1643, in _execute_clauseelement\r\n    ret = self._execute_context(\r\n          ^^^^^^^^^^^^^^^^^^^^^^\r\n  File "c:\\military-Rural Revitalization-system\\backend\\.venv\\Lib\\site-packages\\sqlalchemy\\engine\\base.py", line 1848, in _execute_context\r\n    return self._exec_single_context(\r\n           ^^^^^^^^^^^^^^^^^^^^^^^^^^\r\n  File "c:\\military-Rural Revitalization-system\\backend\\.venv\\Lib\\site-packages\\sqlalchemy\\engine\\base.py", line 1988, in _exec_single_context\r\n    self._handle_dbapi_exception(\r\n  File "c:\\military-Rural Revitalization-system\\backend\\.venv\\Lib\\site-packages\\sqlalchemy\\engine\\base.py", line 2365, in _handle_dbapi_exception\r\n    raise sqlalchemy_exception.with_traceback(exc_info[2]) from e\r\n  File "c:\\military-Rural Revitalization-system\\backend\\.venv\\Lib\\site-packages\\sqlalchemy\\engine\\base.py", line 1969, in _exec_single_context\r\n    self.dialect.do_execute(\r\n  File "c:\\military-Rural Revitalization-system\\backend\\.venv\\Lib\\site-packages\\sqlalchemy\\engine\\default.py", line 952, in do_execute\r\n    cursor.execute(statement, parameters)\r\nsqlalchemy.exc.OperationalError: (sqlite3.OperationalError) no such table: api_access_logs\r\n[SQL: INSERT INTO api_access_logs (user_id, username, endpoint, method, response_status, response_time_ms, ip_address, user_agent, session_id) VALUES (?, ?, ?, ?, ?, ?, ?, ?, ?) RETURNING id, created_at]\r\n[parameters: (None, None, '/api/v1/data-sync/logs', 'GET', 200, 156, 'testclient', 'testclient', None)]\r\n(Background on this error at: https://sqlalche.me/e/20/e3q8)\r\n2026-07-06 22:34:35 [INFO] app.request: GET /api/v1/data-sync/logs - 200 (0.179s) ip=testclient ua=testclient\r\n2026-07-06 22:34:35 [INFO] httpx: HTTP Request: GET http://testserver/api/v1/data-sync/logs "HTTP/1.1 200 OK"\r
------------------------------ Captured log call ------------------------------
INFO     app.core.audit_middleware:audit_middleware.py:25 GET /api/v1/data-sync/logs -> 200 (156ms) [user: anonymous]
WARNING  app.core.audit_middleware:audit_middleware.py:107 api_access_logs 落库失败: (sqlite3.OperationalError) no such table: api_access_logs
[SQL: INSERT INTO api_access_logs (user_id, username, endpoint, method, response_status, response_time_ms, ip_address, user_agent, session_id) VALUES (?, ?, ?, ?, ?, ?, ?, ?, ?) RETURNING id, created_at]
[parameters: (None, None, '/api/v1/data-sync/logs', 'GET', 200, 156, 'testclient', 'testclient', None)]
(Background on this error at: https://sqlalche.me/e/20/e3q8)
Traceback (most recent call last):
  File "c:\military-Rural Revitalization-system\backend\.venv\Lib\site-packages\sqlalchemy\engine\base.py", line 1969, in _exec_single_context
    self.dialect.do_execute(
  File "c:\military-Rural Revitalization-system\backend\.venv\Lib\site-packages\sqlalchemy\engine\default.py", line 952, in do_execute
    cursor.execute(statement, parameters)
sqlite3.OperationalError: no such table: api_access_logs

The above exception was the direct cause of the following exception:

Traceback (most recent call last):
  File "c:\military-Rural Revitalization-system\backend\app\core\audit_middleware.py", line 102, in _persist_api_access_log
    db.commit()
  File "c:\military-Rural Revitalization-system\backend\.venv\Lib\site-packages\sqlalchemy\orm\session.py", line 2034, in commit
    trans.commit(_to_root=True)
  File "<string>", line 2, in commit
  File "c:\military-Rural Revitalization-system\backend\.venv\Lib\site-packages\sqlalchemy\orm\state_changes.py", line 137, in _go
    ret_value = fn(self, *arg, **kw)
                ^^^^^^^^^^^^^^^^^^^^
  File "c:\military-Rural Revitalization-system\backend\.venv\Lib\site-packages\sqlalchemy\orm\session.py", line 1315, in commit
    self._prepare_impl()
  File "<string>", line 2, in _prepare_impl
  File "c:\military-Rural Revitalization-system\backend\.venv\Lib\site-packages\sqlalchemy\orm\state_changes.py", line 137, in _go
    ret_value = fn(self, *arg, **kw)
                ^^^^^^^^^^^^^^^^^^^^
  File "c:\military-Rural Revitalization-system\backend\.venv\Lib\site-packages\sqlalchemy\orm\session.py", line 1290, in _prepare_impl
    self.session.flush()
  File "c:\military-Rural Revitalization-system\backend\.venv\Lib\site-packages\sqlalchemy\orm\session.py", line 4352, in flush
    self._flush(objects)
  File "c:\military-Rural Revitalization-system\backend\.venv\Lib\site-packages\sqlalchemy\orm\session.py", line 4487, in _flush
    with util.safe_reraise():
  File "c:\military-Rural Revitalization-system\backend\.venv\Lib\site-packages\sqlalchemy\util\langhelpers.py", line 122, in __exit__
    raise exc_value.with_traceback(exc_tb)
  File "c:\military-Rural Revitalization-system\backend\.venv\Lib\site-packages\sqlalchemy\orm\session.py", line 4448, in _flush
    flush_context.execute()
  File "c:\military-Rural Revitalization-system\backend\.venv\Lib\site-packages\sqlalchemy\orm\unitofwork.py", line 465, in execute
    rec.execute(self)
  File "c:\military-Rural Revitalization-system\backend\.venv\Lib\site-packages\sqlalchemy\orm\unitofwork.py", line 641, in execute
    util.preloaded.orm_persistence.save_obj(
  File "c:\military-Rural Revitalization-system\backend\.venv\Lib\site-packages\sqlalchemy\orm\persistence.py", line 94, in save_obj
    _emit_insert_statements(
  File "c:\military-Rural Revitalization-system\backend\.venv\Lib\site-packages\sqlalchemy\orm\persistence.py", line 1234, in _emit_insert_statements
    result = connection.execute(
             ^^^^^^^^^^^^^^^^^^^
  File "c:\military-Rural Revitalization-system\backend\.venv\Lib\site-packages\sqlalchemy\engine\base.py", line 1421, in execute
    return meth(
           ^^^^^
  File "c:\military-Rural Revitalization-system\backend\.venv\Lib\site-packages\sqlalchemy\sql\elements.py", line 526, in _execute_on_connection
    return connection._execute_clauseelement(
           ^^^^^^^^^^^^^^^^^^^^^^^^^^^^^^^^^^
  File "c:\military-Rural Revitalization-system\backend\.venv\Lib\site-packages\sqlalchemy\engine\base.py", line 1643, in _execute_clauseelement
    ret = self._execute_context(
          ^^^^^^^^^^^^^^^^^^^^^^
  File "c:\military-Rural Revitalization-system\backend\.venv\Lib\site-packages\sqlalchemy\engine\base.py", line 1848, in _execute_context
    return self._exec_single_context(
           ^^^^^^^^^^^^^^^^^^^^^^^^^^
  File "c:\military-Rural Revitalization-system\backend\.venv\Lib\site-packages\sqlalchemy\engine\base.py", line 1988, in _exec_single_context
    self._handle_dbapi_exception(
  File "c:\military-Rural Revitalization-system\backend\.venv\Lib\site-packages\sqlalchemy\engine\base.py", line 2365, in _handle_dbapi_exception
    raise sqlalchemy_exception.with_traceback(exc_info[2]) from e
  File "c:\military-Rural Revitalization-system\backend\.venv\Lib\site-packages\sqlalchemy\engine\base.py", line 1969, in _exec_single_context
    self.dialect.do_execute(
  File "c:\military-Rural Revitalization-system\backend\.venv\Lib\site-packages\sqlalchemy\engine\default.py", line 952, in do_execute
    cursor.execute(statement, parameters)
sqlalchemy.exc.OperationalError: (sqlite3.OperationalError) no such table: api_access_logs
[SQL: INSERT INTO api_access_logs (user_id, username, endpoint, method, response_status, response_time_ms, ip_address, user_agent, session_id) VALUES (?, ?, ?, ?, ?, ?, ?, ?, ?) RETURNING id, created_at]
[parameters: (None, None, '/api/v1/data-sync/logs', 'GET', 200, 156, 'testclient', 'testclient', None)]
(Background on this error at: https://sqlalche.me/e/20/e3q8)
INFO     app.request:request_logger.py:104 GET /api/v1/data-sync/logs - 200 (0.179s) ip=testclient ua=testclient
INFO     httpx:_client.py:1025 HTTP Request: GET http://testserver/api/v1/data-sync/logs "HTTP/1.1 200 OK"
C:\military-Rural Revitalization-system\backend\tests\unit\test_data_sync_route.py:379: KeyError: 'count'
E   KeyError: 'count'
---------------------------- Captured stdout call -----------------------------
2026-07-06 22:34:38 [INFO] app.core.audit_middleware: GET /api/v1/data-sync/logs -> 200 (109ms) [user: anonymous]\r\n2026-07-06 22:34:38 [WARNING] app.core.audit_middleware: api_access_logs \ufffd\ufffd\ufffd\u02a7\ufffd\ufffd: (sqlite3.OperationalError) no such table: api_access_logs\r\n[SQL: INSERT INTO api_access_logs (user_id, username, endpoint, method, response_status, response_time_ms, ip_address, user_agent, session_id) VALUES (?, ?, ?, ?, ?, ?, ?, ?, ?) RETURNING id, created_at]\r\n[parameters: (None, None, '/api/v1/data-sync/logs', 'GET', 200, 109, 'testclient', 'testclient', None)]\r\n(Background on this error at: https://sqlalche.me/e/20/e3q8)\r\nTraceback (most recent call last):\r\n  File "c:\\military-Rural Revitalization-system\\backend\\.venv\\Lib\\site-packages\\sqlalchemy\\engine\\base.py", line 1969, in _exec_single_context\r\n    self.dialect.do_execute(\r\n  File "c:\\military-Rural Revitalization-system\\backend\\.venv\\Lib\\site-packages\\sqlalchemy\\engine\\default.py", line 952, in do_execute\r\n    cursor.execute(statement, parameters)\r\nsqlite3.OperationalError: no such table: api_access_logs\r\n\r\nThe above exception was the direct cause of the following exception:\r\n\r\nTraceback (most recent call last):\r\n  File "c:\\military-Rural Revitalization-system\\backend\\app\\core\\audit_middleware.py", line 102, in _persist_api_access_log\r\n    db.commit()\r\n  File "c:\\military-Rural Revitalization-system\\backend\\.venv\\Lib\\site-packages\\sqlalchemy\\orm\\session.py", line 2034, in commit\r\n    trans.commit(_to_root=True)\r\n  File "<string>", line 2, in commit\r\n  File "c:\\military-Rural Revitalization-system\\backend\\.venv\\Lib\\site-packages\\sqlalchemy\\orm\\state_changes.py", line 137, in _go\r\n    ret_value = fn(self, *arg, **kw)\r\n                ^^^^^^^^^^^^^^^^^^^^\r\n  File "c:\\military-Rural Revitalization-system\\backend\\.venv\\Lib\\site-packages\\sqlalchemy\\orm\\session.py", line 1315, in commit\r\n    self._prepare_impl()\r\n  File "<string>", line 2, in _prepare_impl\r\n  File "c:\\military-Rural Revitalization-system\\backend\\.venv\\Lib\\site-packages\\sqlalchemy\\orm\\state_changes.py", line 137, in _go\r\n    ret_value = fn(self, *arg, **kw)\r\n                ^^^^^^^^^^^^^^^^^^^^\r\n  File "c:\\military-Rural Revitalization-system\\backend\\.venv\\Lib\\site-packages\\sqlalchemy\\orm\\session.py", line 1290, in _prepare_impl\r\n    self.session.flush()\r\n  File "c:\\military-Rural Revitalization-system\\backend\\.venv\\Lib\\site-packages\\sqlalchemy\\orm\\session.py", line 4352, in flush\r\n    self._flush(objects)\r\n  File "c:\\military-Rural Revitalization-system\\backend\\.venv\\Lib\\site-packages\\sqlalchemy\\orm\\session.py", line 4487, in _flush\r\n    with util.safe_reraise():\r\n  File "c:\\military-Rural Revitalization-system\\backend\\.venv\\Lib\\site-packages\\sqlalchemy\\util\\langhelpers.py", line 122, in __exit__\r\n    raise exc_value.with_traceback(exc_tb)\r\n  File "c:\\military-Rural Revitalization-system\\backend\\.venv\\Lib\\site-packages\\sqlalchemy\\orm\\session.py", line 4448, in _flush\r\n    flush_context.execute()\r\n  File "c:\\military-Rural Revitalization-system\\backend\\.venv\\Lib\\site-packages\\sqlalchemy\\orm\\unitofwork.py", line 465, in execute\r\n    rec.execute(self)\r\n  File "c:\\military-Rural Revitalization-system\\backend\\.venv\\Lib\\site-packages\\sqlalchemy\\orm\\unitofwork.py", line 641, in execute\r\n    util.preloaded.orm_persistence.save_obj(\r\n  File "c:\\military-Rural Revitalization-system\\backend\\.venv\\Lib\\site-packages\\sqlalchemy\\orm\\persistence.py", line 94, in save_obj\r\n    _emit_insert_statements(\r\n  File "c:\\military-Rural Revitalization-system\\backend\\.venv\\Lib\\site-packages\\sqlalchemy\\orm\\persistence.py", line 1234, in _emit_insert_statements\r\n    result = connection.execute(\r\n             ^^^^^^^^^^^^^^^^^^^\r\n  File "c:\\military-Rural Revitalization-system\\backend\\.venv\\Lib\\site-packages\\sqlalchemy\\engine\\base.py", line 1421, in execute\r\n    return meth(\r\n           ^^^^^\r\n  File "c:\\military-Rural Revitalization-system\\backend\\.venv\\Lib\\site-packages\\sqlalchemy\\sql\\elements.py", line 526, in _execute_on_connection\r\n    return connection._execute_clauseelement(\r\n           ^^^^^^^^^^^^^^^^^^^^^^^^^^^^^^^^^^\r\n  File "c:\\military-Rural Revitalization-system\\backend\\.venv\\Lib\\site-packages\\sqlalchemy\\engine\\base.py", line 1643, in _execute_clauseelement\r\n    ret = self._execute_context(\r\n          ^^^^^^^^^^^^^^^^^^^^^^\r\n  File "c:\\military-Rural Revitalization-system\\backend\\.venv\\Lib\\site-packages\\sqlalchemy\\engine\\base.py", line 1848, in _execute_context\r\n    return self._exec_single_context(\r\n           ^^^^^^^^^^^^^^^^^^^^^^^^^^\r\n  File "c:\\military-Rural Revitalization-system\\backend\\.venv\\Lib\\site-packages\\sqlalchemy\\engine\\base.py", line 1988, in _exec_single_context\r\n    self._handle_dbapi_exception(\r\n  File "c:\\military-Rural Revitalization-system\\backend\\.venv\\Lib\\site-packages\\sqlalchemy\\engine\\base.py", line 2365, in _handle_dbapi_exception\r\n    raise sqlalchemy_exception.with_traceback(exc_info[2]) from e\r\n  File "c:\\military-Rural Revitalization-system\\backend\\.venv\\Lib\\site-packages\\sqlalchemy\\engine\\base.py", line 1969, in _exec_single_context\r\n    self.dialect.do_execute(\r\n  File "c:\\military-Rural Revitalization-system\\backend\\.venv\\Lib\\site-packages\\sqlalchemy\\engine\\default.py", line 952, in do_execute\r\n    cursor.execute(statement, parameters)\r\nsqlalchemy.exc.OperationalError: (sqlite3.OperationalError) no such table: api_access_logs\r\n[SQL: INSERT INTO api_access_logs (user_id, username, endpoint, method, response_status, response_time_ms, ip_address, user_agent, session_id) VALUES (?, ?, ?, ?, ?, ?, ?, ?, ?) RETURNING id, created_at]\r\n[parameters: (None, None, '/api/v1/data-sync/logs', 'GET', 200, 109, 'testclient', 'testclient', None)]\r\n(Background on this error at: https://sqlalche.me/e/20/e3q8)\r\n2026-07-06 22:34:38 [INFO] app.request: GET /api/v1/data-sync/logs?sync_type=import - 200 (0.128s) ip=testclient ua=testclient\r\n2026-07-06 22:34:38 [INFO] httpx: HTTP Request: GET http://testserver/api/v1/data-sync/logs?sync_type=import "HTTP/1.1 200 OK"\r
------------------------------ Captured log call ------------------------------
INFO     app.core.audit_middleware:audit_middleware.py:25 GET /api/v1/data-sync/logs -> 200 (109ms) [user: anonymous]
WARNING  app.core.audit_middleware:audit_middleware.py:107 api_access_logs 落库失败: (sqlite3.OperationalError) no such table: api_access_logs
[SQL: INSERT INTO api_access_logs (user_id, username, endpoint, method, response_status, response_time_ms, ip_address, user_agent, session_id) VALUES (?, ?, ?, ?, ?, ?, ?, ?, ?) RETURNING id, created_at]
[parameters: (None, None, '/api/v1/data-sync/logs', 'GET', 200, 109, 'testclient', 'testclient', None)]
(Background on this error at: https://sqlalche.me/e/20/e3q8)
Traceback (most recent call last):
  File "c:\military-Rural Revitalization-system\backend\.venv\Lib\site-packages\sqlalchemy\engine\base.py", line 1969, in _exec_single_context
    self.dialect.do_execute(
  File "c:\military-Rural Revitalization-system\backend\.venv\Lib\site-packages\sqlalchemy\engine\default.py", line 952, in do_execute
    cursor.execute(statement, parameters)
sqlite3.OperationalError: no such table: api_access_logs

The above exception was the direct cause of the following exception:

Traceback (most recent call last):
  File "c:\military-Rural Revitalization-system\backend\app\core\audit_middleware.py", line 102, in _persist_api_access_log
    db.commit()
  File "c:\military-Rural Revitalization-system\backend\.venv\Lib\site-packages\sqlalchemy\orm\session.py", line 2034, in commit
    trans.commit(_to_root=True)
  File "<string>", line 2, in commit
  File "c:\military-Rural Revitalization-system\backend\.venv\Lib\site-packages\sqlalchemy\orm\state_changes.py", line 137, in _go
    ret_value = fn(self, *arg, **kw)
                ^^^^^^^^^^^^^^^^^^^^
  File "c:\military-Rural Revitalization-system\backend\.venv\Lib\site-packages\sqlalchemy\orm\session.py", line 1315, in commit
    self._prepare_impl()
  File "<string>", line 2, in _prepare_impl
  File "c:\military-Rural Revitalization-system\backend\.venv\Lib\site-packages\sqlalchemy\orm\state_changes.py", line 137, in _go
    ret_value = fn(self, *arg, **kw)
                ^^^^^^^^^^^^^^^^^^^^
  File "c:\military-Rural Revitalization-system\backend\.venv\Lib\site-packages\sqlalchemy\orm\session.py", line 1290, in _prepare_impl
    self.session.flush()
  File "c:\military-Rural Revitalization-system\backend\.venv\Lib\site-packages\sqlalchemy\orm\session.py", line 4352, in flush
    self._flush(objects)
  File "c:\military-Rural Revitalization-system\backend\.venv\Lib\site-packages\sqlalchemy\orm\session.py", line 4487, in _flush
    with util.safe_reraise():
  File "c:\military-Rural Revitalization-system\backend\.venv\Lib\site-packages\sqlalchemy\util\langhelpers.py", line 122, in __exit__
    raise exc_value.with_traceback(exc_tb)
  File "c:\military-Rural Revitalization-system\backend\.venv\Lib\site-packages\sqlalchemy\orm\session.py", line 4448, in _flush
    flush_context.execute()
  File "c:\military-Rural Revitalization-system\backend\.venv\Lib\site-packages\sqlalchemy\orm\unitofwork.py", line 465, in execute
    rec.execute(self)
  File "c:\military-Rural Revitalization-system\backend\.venv\Lib\site-packages\sqlalchemy\orm\unitofwork.py", line 641, in execute
    util.preloaded.orm_persistence.save_obj(
  File "c:\military-Rural Revitalization-system\backend\.venv\Lib\site-packages\sqlalchemy\orm\persistence.py", line 94, in save_obj
    _emit_insert_statements(
  File "c:\military-Rural Revitalization-system\backend\.venv\Lib\site-packages\sqlalchemy\orm\persistence.py", line 1234, in _emit_insert_statements
    result = connection.execute(
             ^^^^^^^^^^^^^^^^^^^
  File "c:\military-Rural Revitalization-system\backend\.venv\Lib\site-packages\sqlalchemy\engine\base.py", line 1421, in execute
    return meth(
           ^^^^^
  File "c:\military-Rural Revitalization-system\backend\.venv\Lib\site-packages\sqlalchemy\sql\elements.py", line 526, in _execute_on_connection
    return connection._execute_clauseelement(
           ^^^^^^^^^^^^^^^^^^^^^^^^^^^^^^^^^^
  File "c:\military-Rural Revitalization-system\backend\.venv\Lib\site-packages\sqlalchemy\engine\base.py", line 1643, in _execute_clauseelement
    ret = self._execute_context(
          ^^^^^^^^^^^^^^^^^^^^^^
  File "c:\military-Rural Revitalization-system\backend\.venv\Lib\site-packages\sqlalchemy\engine\base.py", line 1848, in _execute_context
    return self._exec_single_context(
           ^^^^^^^^^^^^^^^^^^^^^^^^^^
  File "c:\military-Rural Revitalization-system\backend\.venv\Lib\site-packages\sqlalchemy\engine\base.py", line 1988, in _exec_single_context
    self._handle_dbapi_exception(
  File "c:\military-Rural Revitalization-system\backend\.venv\Lib\site-packages\sqlalchemy\engine\base.py", line 2365, in _handle_dbapi_exception
    raise sqlalchemy_exception.with_traceback(exc_info[2]) from e
  File "c:\military-Rural Revitalization-system\backend\.venv\Lib\site-packages\sqlalchemy\engine\base.py", line 1969, in _exec_single_context
    self.dialect.do_execute(
  File "c:\military-Rural Revitalization-system\backend\.venv\Lib\site-packages\sqlalchemy\engine\default.py", line 952, in do_execute
    cursor.execute(statement, parameters)
sqlalchemy.exc.OperationalError: (sqlite3.OperationalError) no such table: api_access_logs
[SQL: INSERT INTO api_access_logs (user_id, username, endpoint, method, response_status, response_time_ms, ip_address, user_agent, session_id) VALUES (?, ?, ?, ?, ?, ?, ?, ?, ?) RETURNING id, created_at]
[parameters: (None, None, '/api/v1/data-sync/logs', 'GET', 200, 109, 'testclient', 'testclient', None)]
(Background on this error at: https://sqlalche.me/e/20/e3q8)
INFO     app.request:request_logger.py:104 GET /api/v1/data-sync/logs?sync_type=import - 200 (0.128s) ip=testclient ua=testclient
INFO     httpx:_client.py:1025 HTTP Request: GET http://testserver/api/v1/data-sync/logs?sync_type=import "HTTP/1.1 200 OK"
C:\military-Rural Revitalization-system\backend\tests\unit\test_data_sync_route.py:390: KeyError: 'count'
E   KeyError: 'total'
---------------------------- Captured stdout call -----------------------------
2026-07-06 22:39:30 [INFO] app.core.audit_middleware: GET /api/v1/import/history -> 200 (0ms) [user: anonymous]
2026-07-06 22:39:30 [INFO] app.request: GET /api/v1/import/history - 200 (0.016s) ip=testclient ua=testclient
2026-07-06 22:39:30 [INFO] httpx: HTTP Request: GET http://testserver/api/v1/import/history "HTTP/1.1 200 OK"
------------------------------ Captured log call ------------------------------
INFO     app.core.audit_middleware:audit_middleware.py:25 GET /api/v1/import/history -> 200 (0ms) [user: anonymous]
INFO     app.request:request_logger.py:104 GET /api/v1/import/history - 200 (0.016s) ip=testclient ua=testclient
INFO     httpx:_client.py:1025 HTTP Request: GET http://testserver/api/v1/import/history "HTTP/1.1 200 OK"
C:\military-Rural Revitalization-system\backend\tests\unit\test_import_data.py:434: KeyError: 'total'
E   KeyError: 'total'
---------------------------- Captured stdout call -----------------------------
2026-07-06 22:39:31 [INFO] app.core.audit_middleware: GET /api/v1/import/history -> 200 (0ms) [user: anonymous]
2026-07-06 22:39:31 [INFO] app.request: GET /api/v1/import/history - 200 (0.012s) ip=testclient ua=testclient
2026-07-06 22:39:31 [INFO] httpx: HTTP Request: GET http://testserver/api/v1/import/history "HTTP/1.1 200 OK"
------------------------------ Captured log call ------------------------------
INFO     app.core.audit_middleware:audit_middleware.py:25 GET /api/v1/import/history -> 200 (0ms) [user: anonymous]
INFO     app.request:request_logger.py:104 GET /api/v1/import/history - 200 (0.012s) ip=testclient ua=testclient
INFO     httpx:_client.py:1025 HTTP Request: GET http://testserver/api/v1/import/history "HTTP/1.1 200 OK"
C:\military-Rural Revitalization-system\backend\tests\unit\test_import_data.py:447: KeyError: 'total'
E   KeyError: 'total'
---------------------------- Captured stdout call -----------------------------
2026-07-06 22:41:42 [INFO] app.core.audit_middleware: GET /api/v1/organizations -> 200 (15ms) [user: anonymous]
2026-07-06 22:41:42 [WARNING] app.core.audit_middleware: api_access_logs 落库失败: (sqlite3.OperationalError) no such table: api_access_logs
[SQL: INSERT INTO api_access_logs (user_id, username, endpoint, method, response_status, response_time_ms, ip_address, user_agent, session_id) VALUES (?, ?, ?, ?, ?, ?, ?, ?, ?) RETURNING id, created_at]
[parameters: (None, None, '/api/v1/organizations', 'GET', 200, 15, 'testclient', 'testclient', None)]
(Background on this error at: https://sqlalche.me/e/20/e3q8)
Traceback (most recent call last):
  File "c:\military-Rural Revitalization-system\backend\.venv\Lib\site-packages\sqlalchemy\engine\base.py", line 1969, in _exec_single_context
    self.dialect.do_execute(
  File "c:\military-Rural Revitalization-system\backend\.venv\Lib\site-packages\sqlalchemy\engine\default.py", line 952, in do_execute
    cursor.execute(statement, parameters)
sqlite3.OperationalError: no such table: api_access_logs

The above exception was the direct cause of the following exception:

Traceback (most recent call last):
  File "c:\military-Rural Revitalization-system\backend\app\core\audit_middleware.py", line 102, in _persist_api_access_log
    db.commit()
  File "c:\military-Rural Revitalization-system\backend\.venv\Lib\site-packages\sqlalchemy\orm\session.py", line 2034, in commit
    trans.commit(_to_root=True)
  File "<string>", line 2, in commit
  File "c:\military-Rural Revitalization-system\backend\.venv\Lib\site-packages\sqlalchemy\orm\state_changes.py", line 137, in _go
    ret_value = fn(self, *arg, **kw)
                ^^^^^^^^^^^^^^^^^^^^
  File "c:\military-Rural Revitalization-system\backend\.venv\Lib\site-packages\sqlalchemy\orm\session.py", line 1315, in commit
    self._prepare_impl()
  File "<string>", line 2, in _prepare_impl
  File "c:\military-Rural Revitalization-system\backend\.venv\Lib\site-packages\sqlalchemy\orm\state_changes.py", line 137, in _go
    ret_value = fn(self, *arg, **kw)
                ^^^^^^^^^^^^^^^^^^^^
  File "c:\military-Rural Revitalization-system\backend\.venv\Lib\site-packages\sqlalchemy\orm\session.py", line 1290, in _prepare_impl
    self.session.flush()
  File "c:\military-Rural Revitalization-system\backend\.venv\Lib\site-packages\sqlalchemy\orm\session.py", line 4352, in flush
    self._flush(objects)
  File "c:\military-Rural Revitalization-system\backend\.venv\Lib\site-packages\sqlalchemy\orm\session.py", line 4487, in _flush
    with util.safe_reraise():
  File "c:\military-Rural Revitalization-system\backend\.venv\Lib\site-packages\sqlalchemy\util\langhelpers.py", line 122, in __exit__
    raise exc_value.with_traceback(exc_tb)
  File "c:\military-Rural Revitalization-system\backend\.venv\Lib\site-packages\sqlalchemy\orm\session.py", line 4448, in _flush
    flush_context.execute()
  File "c:\military-Rural Revitalization-system\backend\.venv\Lib\site-packages\sqlalchemy\orm\unitofwork.py", line 465, in execute
    rec.execute(self)
  File "c:\military-Rural Revitalization-system\backend\.venv\Lib\site-packages\sqlalchemy\orm\unitofwork.py", line 641, in execute
    util.preloaded.orm_persistence.save_obj(
  File "c:\military-Rural Revitalization-system\backend\.venv\Lib\site-packages\sqlalchemy\orm\persistence.py", line 94, in save_obj
    _emit_insert_statements(
  File "c:\military-Rural Revitalization-system\backend\.venv\Lib\site-packages\sqlalchemy\orm\persistence.py", line 1234, in _emit_insert_statements
    result = connection.execute(
             ^^^^^^^^^^^^^^^^^^^
  File "c:\military-Rural Revitalization-system\backend\.venv\Lib\site-packages\sqlalchemy\engine\base.py", line 1421, in execute
    return meth(
           ^^^^^
  File "c:\military-Rural Revitalization-system\backend\.venv\Lib\site-packages\sqlalchemy\sql\elements.py", line 526, in _execute_on_connection
    return connection._execute_clauseelement(
           ^^^^^^^^^^^^^^^^^^^^^^^^^^^^^^^^^^
  File "c:\military-Rural Revitalization-system\backend\.venv\Lib\site-packages\sqlalchemy\engine\base.py", line 1643, in _execute_clauseelement
    ret = self._execute_context(
          ^^^^^^^^^^^^^^^^^^^^^^
  File "c:\military-Rural Revitalization-system\backend\.venv\Lib\site-packages\sqlalchemy\engine\base.py", line 1848, in _execute_context
    return self._exec_single_context(
           ^^^^^^^^^^^^^^^^^^^^^^^^^^
  File "c:\military-Rural Revitalization-system\backend\.venv\Lib\site-packages\sqlalchemy\engine\base.py", line 1988, in _exec_single_context
    self._handle_dbapi_exception(
  File "c:\military-Rural Revitalization-system\backend\.venv\Lib\site-packages\sqlalchemy\engine\base.py", line 2365, in _handle_dbapi_exception
    raise sqlalchemy_exception.with_traceback(exc_info[2]) from e
  File "c:\military-Rural Revitalization-system\backend\.venv\Lib\site-packages\sqlalchemy\engine\base.py", line 1969, in _exec_single_context
    self.dialect.do_execute(
  File "c:\military-Rural Revitalization-system\backend\.venv\Lib\site-packages\sqlalchemy\engine\default.py", line 952, in do_execute
    cursor.execute(statement, parameters)
sqlalchemy.exc.OperationalError: (sqlite3.OperationalError) no such table: api_access_logs
[SQL: INSERT INTO api_access_logs (user_id, username, endpoint, method, response_status, response_time_ms, ip_address, user_agent, session_id) VALUES (?, ?, ?, ?, ?, ?, ?, ?, ?) RETURNING id, created_at]
[parameters: (None, None, '/api/v1/organizations', 'GET', 200, 15, 'testclient', 'testclient', None)]
(Background on this error at: https://sqlalche.me/e/20/e3q8)
2026-07-06 22:41:42 [INFO] app.request: GET /api/v1/organizations - 200 (0.022s) ip=testclient ua=testclient
2026-07-06 22:41:42 [INFO] httpx: HTTP Request: GET http://testserver/api/v1/organizations "HTTP/1.1 200 OK"
------------------------------ Captured log call ------------------------------
INFO     app.core.audit_middleware:audit_middleware.py:25 GET /api/v1/organizations -> 200 (15ms) [user: anonymous]
WARNING  app.core.audit_middleware:audit_middleware.py:107 api_access_logs 落库失败: (sqlite3.OperationalError) no such table: api_access_logs
[SQL: INSERT INTO api_access_logs (user_id, username, endpoint, method, response_status, response_time_ms, ip_address, user_agent, session_id) VALUES (?, ?, ?, ?, ?, ?, ?, ?, ?) RETURNING id, created_at]
[parameters: (None, None, '/api/v1/organizations', 'GET', 200, 15, 'testclient', 'testclient', None)]
(Background on this error at: https://sqlalche.me/e/20/e3q8)
Traceback (most recent call last):
  File "c:\military-Rural Revitalization-system\backend\.venv\Lib\site-packages\sqlalchemy\engine\base.py", line 1969, in _exec_single_context
    self.dialect.do_execute(
  File "c:\military-Rural Revitalization-system\backend\.venv\Lib\site-packages\sqlalchemy\engine\default.py", line 952, in do_execute
    cursor.execute(statement, parameters)
sqlite3.OperationalError: no such table: api_access_logs

The above exception was the direct cause of the following exception:

Traceback (most recent call last):
  File "c:\military-Rural Revitalization-system\backend\app\core\audit_middleware.py", line 102, in _persist_api_access_log
    db.commit()
  File "c:\military-Rural Revitalization-system\backend\.venv\Lib\site-packages\sqlalchemy\orm\session.py", line 2034, in commit
    trans.commit(_to_root=True)
  File "<string>", line 2, in commit
  File "c:\military-Rural Revitalization-system\backend\.venv\Lib\site-packages\sqlalchemy\orm\state_changes.py", line 137, in _go
    ret_value = fn(self, *arg, **kw)
                ^^^^^^^^^^^^^^^^^^^^
  File "c:\military-Rural Revitalization-system\backend\.venv\Lib\site-packages\sqlalchemy\orm\session.py", line 1315, in commit
    self._prepare_impl()
  File "<string>", line 2, in _prepare_impl
  File "c:\military-Rural Revitalization-system\backend\.venv\Lib\site-packages\sqlalchemy\orm\state_changes.py", line 137, in _go
    ret_value = fn(self, *arg, **kw)
                ^^^^^^^^^^^^^^^^^^^^
  File "c:\military-Rural Revitalization-system\backend\.venv\Lib\site-packages\sqlalchemy\orm\session.py", line 1290, in _prepare_impl
    self.session.flush()
  File "c:\military-Rural Revitalization-system\backend\.venv\Lib\site-packages\sqlalchemy\orm\session.py", line 4352, in flush
    self._flush(objects)
  File "c:\military-Rural Revitalization-system\backend\.venv\Lib\site-packages\sqlalchemy\orm\session.py", line 4487, in _flush
    with util.safe_reraise():
  File "c:\military-Rural Revitalization-system\backend\.venv\Lib\site-packages\sqlalchemy\util\langhelpers.py", line 122, in __exit__
    raise exc_value.with_traceback(exc_tb)
  File "c:\military-Rural Revitalization-system\backend\.venv\Lib\site-packages\sqlalchemy\orm\session.py", line 4448, in _flush
    flush_context.execute()
  File "c:\military-Rural Revitalization-system\backend\.venv\Lib\site-packages\sqlalchemy\orm\unitofwork.py", line 465, in execute
    rec.execute(self)
  File "c:\military-Rural Revitalization-system\backend\.venv\Lib\site-packages\sqlalchemy\orm\unitofwork.py", line 641, in execute
    util.preloaded.orm_persistence.save_obj(
  File "c:\military-Rural Revitalization-system\backend\.venv\Lib\site-packages\sqlalchemy\orm\persistence.py", line 94, in save_obj
    _emit_insert_statements(
  File "c:\military-Rural Revitalization-system\backend\.venv\Lib\site-packages\sqlalchemy\orm\persistence.py", line 1234, in _emit_insert_statements
    result = connection.execute(
             ^^^^^^^^^^^^^^^^^^^
  File "c:\military-Rural Revitalization-system\backend\.venv\Lib\site-packages\sqlalchemy\engine\base.py", line 1421, in execute
    return meth(
           ^^^^^
  File "c:\military-Rural Revitalization-system\backend\.venv\Lib\site-packages\sqlalchemy\sql\elements.py", line 526, in _execute_on_connection
    return connection._execute_clauseelement(
           ^^^^^^^^^^^^^^^^^^^^^^^^^^^^^^^^^^
  File "c:\military-Rural Revitalization-system\backend\.venv\Lib\site-packages\sqlalchemy\engine\base.py", line 1643, in _execute_clauseelement
    ret = self._execute_context(
          ^^^^^^^^^^^^^^^^^^^^^^
  File "c:\military-Rural Revitalization-system\backend\.venv\Lib\site-packages\sqlalchemy\engine\base.py", line 1848, in _execute_context
    return self._exec_single_context(
           ^^^^^^^^^^^^^^^^^^^^^^^^^^
  File "c:\military-Rural Revitalization-system\backend\.venv\Lib\site-packages\sqlalchemy\engine\base.py", line 1988, in _exec_single_context
    self._handle_dbapi_exception(
  File "c:\military-Rural Revitalization-system\backend\.venv\Lib\site-packages\sqlalchemy\engine\base.py", line 2365, in _handle_dbapi_exception
    raise sqlalchemy_exception.with_traceback(exc_info[2]) from e
  File "c:\military-Rural Revitalization-system\backend\.venv\Lib\site-packages\sqlalchemy\engine\base.py", line 1969, in _exec_single_context
    self.dialect.do_execute(
  File "c:\military-Rural Revitalization-system\backend\.venv\Lib\site-packages\sqlalchemy\engine\default.py", line 952, in do_execute
    cursor.execute(statement, parameters)
sqlalchemy.exc.OperationalError: (sqlite3.OperationalError) no such table: api_access_logs
[SQL: INSERT INTO api_access_logs (user_id, username, endpoint, method, response_status, response_time_ms, ip_address, user_agent, session_id) VALUES (?, ?, ?, ?, ?, ?, ?, ?, ?) RETURNING id, created_at]
[parameters: (None, None, '/api/v1/organizations', 'GET', 200, 15, 'testclient', 'testclient', None)]
(Background on this error at: https://sqlalche.me/e/20/e3q8)
INFO     app.request:request_logger.py:104 GET /api/v1/organizations - 200 (0.022s) ip=testclient ua=testclient
INFO     httpx:_client.py:1025 HTTP Request: GET http://testserver/api/v1/organizations "HTTP/1.1 200 OK"
C:\military-Rural Revitalization-system\backend\tests\unit\test_organization_api.py:121: KeyError: 'total'
E   KeyError: 'total'
---------------------------- Captured stdout call -----------------------------
2026-07-06 22:41:43 [INFO] app.core.audit_middleware: GET /api/v1/organizations -> 200 (15ms) [user: anonymous]
2026-07-06 22:41:43 [WARNING] app.core.audit_middleware: api_access_logs 落库失败: (sqlite3.OperationalError) no such table: api_access_logs
[SQL: INSERT INTO api_access_logs (user_id, username, endpoint, method, response_status, response_time_ms, ip_address, user_agent, session_id) VALUES (?, ?, ?, ?, ?, ?, ?, ?, ?) RETURNING id, created_at]
[parameters: (None, None, '/api/v1/organizations', 'GET', 200, 15, 'testclient', 'testclient', None)]
(Background on this error at: https://sqlalche.me/e/20/e3q8)
Traceback (most recent call last):
  File "c:\military-Rural Revitalization-system\backend\.venv\Lib\site-packages\sqlalchemy\engine\base.py", line 1969, in _exec_single_context
    self.dialect.do_execute(
  File "c:\military-Rural Revitalization-system\backend\.venv\Lib\site-packages\sqlalchemy\engine\default.py", line 952, in do_execute
    cursor.execute(statement, parameters)
sqlite3.OperationalError: no such table: api_access_logs

The above exception was the direct cause of the following exception:

Traceback (most recent call last):
  File "c:\military-Rural Revitalization-system\backend\app\core\audit_middleware.py", line 102, in _persist_api_access_log
    db.commit()
  File "c:\military-Rural Revitalization-system\backend\.venv\Lib\site-packages\sqlalchemy\orm\session.py", line 2034, in commit
    trans.commit(_to_root=True)
  File "<string>", line 2, in commit
  File "c:\military-Rural Revitalization-system\backend\.venv\Lib\site-packages\sqlalchemy\orm\state_changes.py", line 137, in _go
    ret_value = fn(self, *arg, **kw)
                ^^^^^^^^^^^^^^^^^^^^
  File "c:\military-Rural Revitalization-system\backend\.venv\Lib\site-packages\sqlalchemy\orm\session.py", line 1315, in commit
    self._prepare_impl()
  File "<string>", line 2, in _prepare_impl
  File "c:\military-Rural Revitalization-system\backend\.venv\Lib\site-packages\sqlalchemy\orm\state_changes.py", line 137, in _go
    ret_value = fn(self, *arg, **kw)
                ^^^^^^^^^^^^^^^^^^^^
  File "c:\military-Rural Revitalization-system\backend\.venv\Lib\site-packages\sqlalchemy\orm\session.py", line 1290, in _prepare_impl
    self.session.flush()
  File "c:\military-Rural Revitalization-system\backend\.venv\Lib\site-packages\sqlalchemy\orm\session.py", line 4352, in flush
    self._flush(objects)
  File "c:\military-Rural Revitalization-system\backend\.venv\Lib\site-packages\sqlalchemy\orm\session.py", line 4487, in _flush
    with util.safe_reraise():
  File "c:\military-Rural Revitalization-system\backend\.venv\Lib\site-packages\sqlalchemy\util\langhelpers.py", line 122, in __exit__
    raise exc_value.with_traceback(exc_tb)
  File "c:\military-Rural Revitalization-system\backend\.venv\Lib\site-packages\sqlalchemy\orm\session.py", line 4448, in _flush
    flush_context.execute()
  File "c:\military-Rural Revitalization-system\backend\.venv\Lib\site-packages\sqlalchemy\orm\unitofwork.py", line 465, in execute
    rec.execute(self)
  File "c:\military-Rural Revitalization-system\backend\.venv\Lib\site-packages\sqlalchemy\orm\unitofwork.py", line 641, in execute
    util.preloaded.orm_persistence.save_obj(
  File "c:\military-Rural Revitalization-system\backend\.venv\Lib\site-packages\sqlalchemy\orm\persistence.py", line 94, in save_obj
    _emit_insert_statements(
  File "c:\military-Rural Revitalization-system\backend\.venv\Lib\site-packages\sqlalchemy\orm\persistence.py", line 1234, in _emit_insert_statements
    result = connection.execute(
             ^^^^^^^^^^^^^^^^^^^
  File "c:\military-Rural Revitalization-system\backend\.venv\Lib\site-packages\sqlalchemy\engine\base.py", line 1421, in execute
    return meth(
           ^^^^^
  File "c:\military-Rural Revitalization-system\backend\.venv\Lib\site-packages\sqlalchemy\sql\elements.py", line 526, in _execute_on_connection
    return connection._execute_clauseelement(
           ^^^^^^^^^^^^^^^^^^^^^^^^^^^^^^^^^^
  File "c:\military-Rural Revitalization-system\backend\.venv\Lib\site-packages\sqlalchemy\engine\base.py", line 1643, in _execute_clauseelement
    ret = self._execute_context(
          ^^^^^^^^^^^^^^^^^^^^^^
  File "c:\military-Rural Revitalization-system\backend\.venv\Lib\site-packages\sqlalchemy\engine\base.py", line 1848, in _execute_context
    return self._exec_single_context(
           ^^^^^^^^^^^^^^^^^^^^^^^^^^
  File "c:\military-Rural Revitalization-system\backend\.venv\Lib\site-packages\sqlalchemy\engine\base.py", line 1988, in _exec_single_context
    self._handle_dbapi_exception(
  File "c:\military-Rural Revitalization-system\backend\.venv\Lib\site-packages\sqlalchemy\engine\base.py", line 2365, in _handle_dbapi_exception
    raise sqlalchemy_exception.with_traceback(exc_info[2]) from e
  File "c:\military-Rural Revitalization-system\backend\.venv\Lib\site-packages\sqlalchemy\engine\base.py", line 1969, in _exec_single_context
    self.dialect.do_execute(
  File "c:\military-Rural Revitalization-system\backend\.venv\Lib\site-packages\sqlalchemy\engine\default.py", line 952, in do_execute
    cursor.execute(statement, parameters)
sqlalchemy.exc.OperationalError: (sqlite3.OperationalError) no such table: api_access_logs
[SQL: INSERT INTO api_access_logs (user_id, username, endpoint, method, response_status, response_time_ms, ip_address, user_agent, session_id) VALUES (?, ?, ?, ?, ?, ?, ?, ?, ?) RETURNING id, created_at]
[parameters: (None, None, '/api/v1/organizations', 'GET', 200, 15, 'testclient', 'testclient', None)]
(Background on this error at: https://sqlalche.me/e/20/e3q8)
[...]
  File "c:\military-Rural Revitalization-system\backend\app\core\audit_middleware.py", line 102, in _persist_api_access_log
    db.commit()
  File "c:\military-Rural Revitalization-system\backend\.venv\Lib\site-packages\sqlalchemy\orm\session.py", line 2034, in commit
    trans.commit(_to_root=True)
  File "<string>", line 2, in commit
  File "c:\military-Rural Revitalization-system\backend\.venv\Lib\site-packages\sqlalchemy\orm\state_changes.py", line 137, in _go
    ret_value = fn(self, *arg, **kw)
                ^^^^^^^^^^^^^^^^^^^^
  File "c:\military-Rural Revitalization-system\backend\.venv\Lib\site-packages\sqlalchemy\orm\session.py", line 1315, in commit
    self._prepare_impl()
  File "<string>", line 2, in _prepare_impl
  File "c:\military-Rural Revitalization-system\backend\.venv\Lib\site-packages\sqlalchemy\orm\state_changes.py", line 137, in _go
    ret_value = fn(self, *arg, **kw)
                ^^^^^^^^^^^^^^^^^^^^
  File "c:\military-Rural Revitalization-system\backend\.venv\Lib\site-packages\sqlalchemy\orm\session.py", line 1290, in _prepare_impl
    self.session.flush()
  File "c:\military-Rural Revitalization-system\backend\.venv\Lib\site-packages\sqlalchemy\orm\session.py", line 4352, in flush
    self._flush(objects)
  File "c:\military-Rural Revitalization-system\backend\.venv\Lib\site-packages\sqlalchemy\orm\session.py", line 4487, in _flush
    with util.safe_reraise():
  File "c:\military-Rural Revitalization-system\backend\.venv\Lib\site-packages\sqlalchemy\util\langhelpers.py", line 122, in __exit__
    raise exc_value.with_traceback(exc_tb)
  File "c:\military-Rural Revitalization-system\backend\.venv\Lib\site-packages\sqlalchemy\orm\session.py", line 4448, in _flush
    flush_context.execute()
  File "c:\military-Rural Revitalization-system\backend\.venv\Lib\site-packages\sqlalchemy\orm\unitofwork.py", line 465, in execute
    rec.execute(self)
  File "c:\military-Rural Revitalization-system\backend\.venv\Lib\site-packages\sqlalchemy\orm\unitofwork.py", line 641, in execute
    util.preloaded.orm_persistence.save_obj(
  File "c:\military-Rural Revitalization-system\backend\.venv\Lib\site-packages\sqlalchemy\orm\persistence.py", line 94, in save_obj
    _emit_insert_statements(
  File "c:\military-Rural Revitalization-system\backend\.venv\Lib\site-packages\sqlalchemy\orm\persistence.py", line 1234, in _emit_insert_statements
    result = connection.execute(
             ^^^^^^^^^^^^^^^^^^^
  File "c:\military-Rural Revitalization-system\backend\.venv\Lib\site-packages\sqlalchemy\engine\base.py", line 1421, in execute
    return meth(
           ^^^^^
  File "c:\military-Rural Revitalization-system\backend\.venv\Lib\site-packages\sqlalchemy\sql\elements.py", line 526, in _execute_on_connection
    return connection._execute_clauseelement(
           ^^^^^^^^^^^^^^^^^^^^^^^^^^^^^^^^^^
  File "c:\military-Rural Revitalization-system\backend\.venv\Lib\site-packages\sqlalchemy\engine\base.py", line 1643, in _execute_clauseelement
    ret = self._execute_context(
          ^^^^^^^^^^^^^^^^^^^^^^
  File "c:\military-Rural Revitalization-system\backend\.venv\Lib\site-packages\sqlalchemy\engine\base.py", line 1848, in _execute_context
    return self._exec_single_context(
           ^^^^^^^^^^^^^^^^^^^^^^^^^^
  File "c:\military-Rural Revitalization-system\backend\.venv\Lib\site-packages\sqlalchemy\engine\base.py", line 1988, in _exec_single_context
    self._handle_dbapi_exception(
  File "c:\military-Rural Revitalization-system\backend\.venv\Lib\site-packages\sqlalchemy\engine\base.py", line 2365, in _handle_dbapi_exception
    raise sqlalchemy_exception.with_traceback(exc_info[2]) from e
  File "c:\military-Rural Revitalization-system\backend\.venv\Lib\site-packages\sqlalchemy\engine\base.py", line 1969, in _exec_single_context
    self.dialect.do_execute(
  File "c:\military-Rural Revitalization-system\backend\.venv\Lib\site-packages\sqlalchemy\engine\default.py", line 952, in do_execute
    cursor.execute(statement, parameters)
sqlalchemy.exc.OperationalError: (sqlite3.OperationalError) no such table: api_access_logs
[SQL: INSERT INTO api_access_logs (user_id, username, endpoint, method, response_status, response_time_ms, ip_address, user_agent, session_id) VALUES (?, ?, ?, ?, ?, ?, ?, ?, ?) RETURNING id, created_at]
[parameters: (None, None, '/api/v1/system/audit/api-access', 'GET', 200, 47, 'testclient', 'testclient', None)]
(Background on this error at: https://sqlalche.me/e/20/e3q8)
INFO     app.request:request_logger.py:104 GET /api/v1/system/audit/api-access?start_date=2020-01-01T00%3A00%3A00 - 200 (0.056s) ip=testclient ua=testclient
INFO     httpx:_client.py:1025 HTTP Request: GET http://testserver/api/v1/system/audit/api-access?start_date=2020-01-01T00%3A00%3A00 "HTTP/1.1 200 OK"
C:\military-Rural Revitalization-system\backend\tests\unit\test_system_audit_api.py:578: KeyError: 'total'
E   KeyError: 'total'
---------------------------- Captured stdout call -----------------------------
2026-07-06 22:46:16 [INFO] app.core.audit_middleware: GET /api/v1/system/audit/api-access -> 200 (31ms) [user: anonymous]
2026-07-06 22:46:16 [WARNING] app.core.audit_middleware: api_access_logs 落库失败: (sqlite3.OperationalError) no such table: api_access_logs
[SQL: INSERT INTO api_access_logs (user_id, username, endpoint, method, response_status, response_time_ms, ip_address, user_agent, session_id) VALUES (?, ?, ?, ?, ?, ?, ?, ?, ?) RETURNING id, created_at]
[parameters: (None, None, '/api/v1/system/audit/api-access', 'GET', 200, 31, 'testclient', 'testclient', None)]
(Background on this error at: https://sqlalche.me/e/20/e3q8)
Traceback (most recent call last):
  File "c:\military-Rural Revitalization-system\backend\.venv\Lib\site-packages\sqlalchemy\engine\base.py", line 1969, in _exec_single_context
    self.dialect.do_execute(
  File "c:\military-Rural Revitalization-system\backend\.venv\Lib\site-packages\sqlalchemy\engine\default.py", line 952, in do_execute
    cursor.execute(statement, parameters)
sqlite3.OperationalError: no such table: api_access_logs

The above exception was the direct cause of the following exception:

Traceback (most recent call last):
  File "c:\military-Rural Revitalization-system\backend\app\core\audit_middleware.py", line 102, in _persist_api_access_log
    db.commit()
  File "c:\military-Rural Revitalization-system\backend\.venv\Lib\site-packages\sqlalchemy\orm\session.py", line 2034, in commit
    trans.commit(_to_root=True)
  File "<string>", line 2, in commit
  File "c:\military-Rural Revitalization-system\backend\.venv\Lib\site-packages\sqlalchemy\orm\state_changes.py", line 137, in _go
    ret_value = fn(self, *arg, **kw)
                ^^^^^^^^^^^^^^^^^^^^
  File "c:\military-Rural Revitalization-system\backend\.venv\Lib\site-packages\sqlalchemy\orm\session.py", line 1315, in commit
    self._prepare_impl()
  File "<string>", line 2, in _prepare_impl
  File "c:\military-Rural Revitalization-system\backend\.venv\Lib\site-packages\sqlalchemy\orm\state_changes.py", line 137, in _go
    ret_value = fn(self, *arg, **kw)
                ^^^^^^^^^^^^^^^^^^^^
  File "c:\military-Rural Revitalization-system\backend\.venv\Lib\site-packages\sqlalchemy\orm\session.py", line 1290, in _prepare_impl
    self.session.flush()
  File "c:\military-Rural Revitalization-system\backend\.venv\Lib\site-packages\sqlalchemy\orm\session.py", line 4352, in flush
    self._flush(objects)
  File "c:\military-Rural Revitalization-system\backend\.venv\Lib\site-packages\sqlalchemy\orm\session.py", line 4487, in _flush
    with util.safe_reraise():
  File "c:\military-Rural Revitalization-system\backend\.venv\Lib\site-packages\sqlalchemy\util\langhelpers.py", line 122, in __exit__
    raise exc_value.with_traceback(exc_tb)
  File "c:\military-Rural Revitalization-system\backend\.venv\Lib\site-packages\sqlalchemy\orm\session.py", line 4448, in _flush
    flush_context.execute()
  File "c:\military-Rural Revitalization-system\backend\.venv\Lib\site-packages\sqlalchemy\orm\unitofwork.py", line 465, in execute
    rec.execute(self)
  File "c:\military-Rural Revitalization-system\backend\.venv\Lib\site-packages\sqlalchemy\orm\unitofwork.py", line 641, in execute
    util.preloaded.orm_persistence.save_obj(
  File "c:\military-Rural Revitalization-system\backend\.venv\Lib\site-packages\sqlalchemy\orm\persistence.py", line 94, in save_obj
    _emit_insert_statements(
  File "c:\military-Rural Revitalization-system\backend\.venv\Lib\site-packages\sqlalchemy\orm\persistence.py", line 1234, in _emit_insert_statements
    result = connection.execute(
             ^^^^^^^^^^^^^^^^^^^
  File "c:\military-Rural Revitalization-system\backend\.venv\Lib\site-packages\sqlalchemy\engine\base.py", line 1421, in execute
    return meth(
           ^^^^^
  File "c:\military-Rural Revitalization-system\backend\.venv\Lib\site-packages\sqlalchemy\sql\elements.py", line 526, in _execute_on_connection
    return connection._execute_clauseelement(
           ^^^^^^^^^^^^^^^^^^^^^^^^^^^^^^^^^^
  File "c:\military-Rural Revitalization-system\backend\.venv\Lib\site-packages\sqlalchemy\engine\base.py", line 1643, in _execute_clauseelement
    ret = self._execute_context(
          ^^^^^^^^^^^^^^^^^^^^^^
  File "c:\military-Rural Revitalization-system\backend\.venv\Lib\site-packages\sqlalchemy\engine\base.py", line 1848, in _execute_context
    return self._exec_single_context(
           ^^^^^^^^^^^^^^^^^^^^^^^^^^
  File "c:\military-Rural Revitalization-system\backend\.venv\Lib\site-packages\sqlalchemy\engine\base.py", line 1988, in _exec_single_context
    self._handle_dbapi_exception(
  File "c:\military-Rural Revitalization-system\backend\.venv\Lib\site-packages\sqlalchemy\engine\base.py", line 2365, in _handle_dbapi_exception
    raise sqlalchemy_exception.with_traceback(exc_info[2]) from e
  File "c:\military-Rural Revitalization-system\backend\.venv\Lib\site-packages\sqlalchemy\engine\base.py", line 1969, in _exec_single_context
    self.dialect.do_execute(
  File "c:\military-Rural Revitalization-system\backend\.venv\Lib\site-packages\sqlalchemy\engine\default.py", line 952, in do_execute
    cursor.execute(statement, parameters)
sqlalchemy.exc.OperationalError: (sqlite3.OperationalError) no such table: api_access_logs
[SQL: INSERT INTO api_access_logs (user_id, username, endpoint, method, response_status, response_time_ms, ip_address, user_agent, session_id) VALUES (?, ?, ?, ?, ?, ?, ?, ?, ?) RETURNING id, created_at]
[parameters: (None, None, '/api/v1/system/audit/api-access', 'GET', 200, 31, 'testclient', 'testclient', None)]
(Background on this error at: https://sqlalche.me/e/20/e3q8)
2026-07-06 22:46:16 [INFO] app.request: GET /api/v1/system/audit/api-access?end_date=2099-01-01T00%3A00%3A00 - 200 (0.042s) ip=testclient ua=testclient
2026-07-06 22:46:16 [INFO] httpx: HTTP Request: GET http://testserver/api/v1/system/audit/api-access?end_date=2099-01-01T00%3A00%3A00 "HTTP/1.1 200 OK"
------------------------------ Captured log call ------------------------------
INFO     app.core.audit_middleware:audit_middleware.py:25 GET /api/v1/system/audit/api-access -> 200 (31ms) [user: anonymous]
WARNING  app.core.audit_middleware:audit_middleware.py:107 api_access_logs 落库失败: (sqlite3.OperationalError) no such table: api_access_logs
[SQL: INSERT INTO api_access_logs (user_id, username, endpoint, method, response_status, response_time_ms, ip_address, user_agent, session_id) VALUES (?, ?, ?, ?, ?, ?, ?, ?, ?) RETURNING id, created_at]
[parameters: (None, None, '/api/v1/system/audit/api-access', 'GET', 200, 31, 'testclient', 'testclient', None)]
(Background on this error at: https://sqlalche.me/e/20/e3q8)
Traceback (most recent call last):
  File "c:\military-Rural Revitalization-system\backend\.venv\Lib\site-packages\sqlalchemy\engine\base.py", line 1969, in _exec_single_context
    self.dialect.do_execute(
  File "c:\military-Rural Revitalization-system\backend\.venv\Lib\site-packages\sqlalchemy\engine\default.py", line 952, in do_execute
    cursor.execute(statement, parameters)
sqlite3.OperationalError: no such table: api_access_logs

The above exception was the direct cause of the following exception:

Traceback (most recent call last):
  File "c:\military-Rural Revitalization-system\backend\app\core\audit_middleware.py", line 102, in _persist_api_access_log
    db.commit()
  File "c:\military-Rural Revitalization-system\backend\.venv\Lib\site-packages\sqlalchemy\orm\session.py", line 2034, in commit
    trans.commit(_to_root=True)
  File "<string>", line 2, in commit
  File "c:\military-Rural Revitalization-system\backend\.venv\Lib\site-packages\sqlalchemy\orm\state_changes.py", line 137, in _go
    ret_value = fn(self, *arg, **kw)
                ^^^^^^^^^^^^^^^^^^^^
  File "c:\military-Rural Revitalization-system\backend\.venv\Lib\site-packages\sqlalchemy\orm\session.py", line 1315, in commit
    self._prepare_impl()
  File "<string>", line 2, in _prepare_impl
  File "c:\military-Rural Revitalization-system\backend\.venv\Lib\site-packages\sqlalchemy\orm\state_changes.py", line 137, in _go
    ret_value = fn(self, *arg, **kw)
                ^^^^^^^^^^^^^^^^^^^^
  File "c:\military-Rural Revitalization-system\backend\.venv\Lib\site-packages\sqlalchemy\orm\session.py", line 1290, in _prepare_impl
    self.session.flush()
  File "c:\military-Rural Revitalization-system\backend\.venv\Lib\site-packages\sqlalchemy\orm\session.py", line 4352, in flush
    self._flush(objects)
  File "c:\military-Rural Revitalization-system\backend\.venv\Lib\site-packages\sqlalchemy\orm\session.py", line 4487, in _flush
    with util.safe_reraise():
  File "c:\military-Rural Revitalization-system\backend\.venv\Lib\site-packages\sqlalchemy\util\langhelpers.py", line 122, in __exit__
    raise exc_value.with_traceback(exc_tb)
  File "c:\military-Rural Revitalization-system\backend\.venv\Lib\site-packages\sqlalchemy\orm\session.py", line 4448, in _flush
    flush_context.execute()
  File "c:\military-Rural Revitalization-system\backend\.venv\Lib\site-packages\sqlalchemy\orm\unitofwork.py", line 465, in execute
    rec.execute(self)
  File "c:\military-Rural Revitalization-system\backend\.venv\Lib\site-packages\sqlalchemy\orm\unitofwork.py", line 641, in execute
    util.preloaded.orm_persistence.save_obj(
  File "c:\military-Rural Revitalization-system\backend\.venv\Lib\site-packages\sqlalchemy\orm\persistence.py", line 94, in save_obj
    _emit_insert_statements(
  File "c:\military-Rural Revitalization-system\backend\.venv\Lib\site-packages\sqlalchemy\orm\persistence.py", line 1234, in _emit_insert_statements
    result = connection.execute(
             ^^^^^^^^^^^^^^^^^^^
  File "c:\military-Rural Revitalization-system\backend\.venv\Lib\site-packages\sqlalchemy\engine\base.py", line 1421, in execute
    return meth(
           ^^^^^
  File "c:\military-Rural Revitalization-system\backend\.venv\Lib\site-packages\sqlalchemy\sql\elements.py", line 526, in _execute_on_connection
    return connection._execute_clauseelement(
           ^^^^^^^^^^^^^^^^^^^^^^^^^^^^^^^^^^
  File "c:\military-Rural Revitalization-system\backend\.venv\Lib\site-packages\sqlalchemy\engine\base.py", line 1643, in _execute_clauseelement
    ret = self._execute_context(
          ^^^^^^^^^^^^^^^^^^^^^^
  File "c:\military-Rural Revitalization-system\backend\.venv\Lib\site-packages\sqlalchemy\engine\base.py", line 1848, in _execute_context
    return self._exec_single_context(
           ^^^^^^^^^^^^^^^^^^^^^^^^^^
  File "c:\military-Rural Revitalization-system\backend\.venv\Lib\site-packages\sqlalchemy\engine\base.py", line 1988, in _exec_single_context
    self._handle_dbapi_exception(
  File "c:\military-Rural Revitalization-system\backend\.venv\Lib\site-packages\sqlalchemy\engine\base.py", line 2365, in _handle_dbapi_exception
    raise sqlalchemy_exception.with_traceback(exc_info[2]) from e
  File "c:\military-Rural Revitalization-system\backend\.venv\Lib\site-packages\sqlalchemy\engine\base.py", line 1969, in _exec_single_context
    self.dialect.do_execute(
  File "c:\military-Rural Revitalization-system\backend\.venv\Lib\site-packages\sqlalchemy\engine\default.py", line 952, in do_execute
    cursor.execute(statement, parameters)
sqlalchemy.exc.OperationalError: (sqlite3.OperationalError) no such table: api_access_logs
[SQL: INSERT INTO api_access_logs (user_id, username, endpoint, method, response_status, response_time_ms, ip_address, user_agent, session_id) VALUES (?, ?, ?, ?, ?, ?, ?, ?, ?) RETURNING id, created_at]
[parameters: (None, None, '/api/v1/system/audit/api-access', 'GET', 200, 31, 'testclient', 'testclient', None)]
(Background on this error at: https://sqlalche.me/e/20/e3q8)
INFO     app.request:request_logger.py:104 GET /api/v1/system/audit/api-access?end_date=2099-01-01T00%3A00%3A00 - 200 (0.042s) ip=testclient ua=testclient
INFO     httpx:_client.py:1025 HTTP Request: GET http://testserver/api/v1/system/audit/api-access?end_date=2099-01-01T00%3A00%3A00 "HTTP/1.1 200 OK"
C:\military-Rural Revitalization-system\backend\tests\unit\test_system_audit_api.py:587: KeyError: 'total'
=========================== short test summary info ===========================
FAILED tests/unit/test_data_sync_route.py::TestGetSyncLogs::test_success_without_filter
FAILED tests/unit/test_data_sync_route.py::TestGetSyncLogs::test_success_with_filter
FAILED tests/unit/test_import_data.py::TestGetImportHistory::test_success - K...
FAILED tests/unit/test_import_data.py::TestGetImportHistory::test_empty - Key...
FAILED tests/unit/test_organization_api.py::TestGetOrganizations::test_default_list
FAILED tests/unit/test_organization_api.py::TestGetOrganizations::test_list_with_filters
FAILED tests/unit/test_organization_api.py::TestGetOrganizations::test_list_with_parent_id_filter
FAILED tests/unit/test_policy_api.py::TestPolicyAPI::test_get_policies_no_filter_no_cache
FAILED tests/unit/test_policy_api.py::TestPolicyAPI::test_get_policies_with_old_params
FAILED tests/unit/test_policy_api.py::TestPolicyAPI::test_get_policies_with_skip_limit
FAILED tests/unit/test_school_api_large.py::TestGetSchool::test_get_success
FAILED tests/unit/test_school_api_large.py::TestScholarshipStudents::test_list_students_with_year
FAILED tests/unit/test_school_api_large.py::TestScholarshipStudents::test_list_students_year_not_found
FAILED tests/unit/test_system_audit_api.py::TestExportAuditLogs::test_export_all
FAILED tests/unit/test_system_audit_api.py::TestExportAuditLogs::test_filters_by_action
FAILED tests/unit/test_system_audit_api.py::TestExportAuditLogs::test_filters_by_start_date
FAILED tests/unit/test_system_audit_api.py::TestExportAuditLogs::test_filters_by_end_date
FAILED tests/unit/test_system_audit_api.py::TestGetLoginAttempts::test_returns_paginated_results
FAILED tests/unit/test_system_audit_api.py::TestGetLoginAttempts::test_filters_by_username
FAILED tests/unit/test_system_audit_api.py::TestGetLoginAttempts::test_filters_by_ip
FAILED tests/unit/test_system_audit_api.py::TestGetLoginAttempts::test_filters_by_start_date
FAILED tests/unit/test_system_audit_api.py::TestGetLoginAttempts::test_filters_by_end_date
FAILED tests/unit/test_system_audit_api.py::TestGetApiAccessLogs::test_returns_paginated_results
FAILED tests/unit/test_system_audit_api.py::TestGetApiAccessLogs::test_filters_by_user_id
FAILED tests/unit/test_system_audit_api.py::TestGetApiAccessLogs::test_filters_by_endpoint
FAILED tests/unit/test_system_audit_api.py::TestGetApiAccessLogs::test_filters_by_start_date
FAILED tests/unit/test_system_audit_api.py::TestGetApiAccessLogs::test_filters_by_end_date
================ 27 failed, 8864 passed in 2615.20s (0:43:35) =================
